┌───────────┬────────────────────┬───────────────┬───────────────┬────────────────┬──────────────────────────────────────────┬─────────────────┬──────────────────────────────────────────────────────────────────────────────────────────────────────────────────┐
│ c_custkey │       c_name       │    revenue    │   c_acctbal   │     n_name     │                c_address                 │     c_phone     │                                                    c_comment                                                     │
│   int64   │      varchar       │ decimal(38,4) │ decimal(15,2) │    varchar     │                 varchar                  │     varchar     │                                                     varchar                                                      │
├───────────┼────────────────────┼───────────────┼───────────────┼────────────────┼──────────────────────────────────────────┼─────────────────┼──────────────────────────────────────────────────────────────────────────────────────────────────────────────────┤
│     57040 │ Customer#000057040 │   734235.2455 │        632.87 │ JAPAN          │ nICtsILWBB                               │ 22-895-641-3466 │ ep. blithely regular foxes promise slyly furiously ironic depend                                                 │
│    143347 │ Customer#000143347 │   721002.6948 │       2557.47 │ EGYPT          │ ,Q9Ml3w0gvX                              │ 14-742-935-3718 │ endencies sleep. slyly express deposits nag carefully around the even tithes. slyly regular                      │
│     60838 │ Customer#000060838 │   679127.3077 │       2454.77 │ BRAZIL         │ VWmQhWweqj5hFpcvhGFBeOY9hJ4m             │ 12-913-494-9813 │ tes. final instructions nag quickly according to                                                                 │
│    101998 │ Customer#000101998 │   637029.5667 │       3790.89 │ UNITED KINGDOM │ 0,ORojfDdyMca2E2H                        │ 33-593-865-6378 │ ost carefully. slyly regular packages cajole about the blithely final ideas. permanently daring deposit          │
│    125341 │ Customer#000125341 │   633508.0860 │       4983.51 │ GERMANY        │ 9YRcnoUPOM7Sa8xymhsDHdQg                 │ 17-582-695-5962 │ ly furiously brave packages. quickly regular dugouts kindle furiously carefully bold theodolites.                │
│     25501 │ Customer#000025501 │   620269.7849 │       7725.04 │ ETHIOPIA       │ sr4VVVe3xCJQ2oo2QEhi19D,pXqo6kOGaSn2     │ 15-874-808-6793 │ y ironic foxes hinder according to the furiously permanent dolphins. pending ideas integrate blithely from       │
│    115831 │ Customer#000115831 │   596423.8672 │       5098.10 │ FRANCE         │ AlMpPnmtGrOFrDMUs5VLo EIA,Cg,Rw5TBuBoKiO │ 16-715-386-3788 │ unts nag carefully final packages. express theodolites are regular ac                                            │
│     84223 │ Customer#000084223 │   594998.0239 │        528.65 │ UNITED KINGDOM │ Eq51o UpQ4RBr  fYTdrZApDsPV4pQyuPq       │ 33-442-824-8191 │ longside of the slyly final deposits. blithely final platelets about the blithely i                              │
│     54289 │ Customer#000054289 │   585603.3918 │       5583.02 │ IRAN           │ x3ouCpz6,pRNVhajr0CCQG1                  │ 20-834-292-4707 │  cajole furiously after the quickly unusual fo                                                                   │
│     39922 │ Customer#000039922 │   584878.1134 │       7321.11 │ GERMANY        │ 2KtWzW,FYkhdWBfobp6SFXWYKjvU9            │ 17-147-757-8036 │ ironic deposits sublate furiously. carefully regular theodolites along the b                                     │
│      6226 │ Customer#000006226 │   576783.7606 │       2230.09 │ UNITED KINGDOM │ TKbxS1dbkGMtaa,KOi26lbip4P0tPbWK0        │ 33-657-701-3391 │ nal packages are alongside of the quickly bold deposits. carefully                                               │
│       922 │ Customer#000000922 │   576767.5333 │       3869.25 │ GERMANY        │ rsR9lRxyTdHbDOVt8nYbwjK5vAWH9sB          │ 17-945-916-9648 │ cuses cajole carefully regular idea                                                                              │
│    147946 │ Customer#000147946 │   576455.1320 │       2030.13 │ ALGERIA        │ Jqdt1kHAJtuTqHQK,B7 3tJh                 │ 10-886-956-3143 │ ly pending platelets. ironic requests haggle alongside of the furiou                                             │
│    115640 │ Customer#000115640 │   569341.1933 │       6436.10 │ ARGENTINA      │ 6yKLIRRAirUmBjKNO6Z3                     │ 11-411-543-4901 │ ffily ironic deposits. blithely specia                                                                           │
│     73606 │ Customer#000073606 │   568656.8578 │       1785.67 │ JAPAN          │ vx9,7ACVtoKnLcoAHGNYDF                   │ 22-437-653-6966 │ uests cajole according to the foxe                                                                               │
│    110246 │ Customer#000110246 │   566842.9815 │       7763.35 │ VIETNAM        │ UgsLFL3rendATzcHi                        │ 31-943-426-9837 │ ow carefully. blithely careful packages hag                                                                      │
│    142549 │ Customer#000142549 │   563537.2368 │       5085.99 │ INDONESIA      │ pJAmChWXct HNjPzgoBUOgAHduwwIR           │ 19-955-562-2398 │ . slyly bold packages nag quickly against the unusual deposits. express asymptotes detect furiously pending, eve │
│    146149 │ Customer#000146149 │   557254.9865 │       1791.55 │ ROMANIA        │  STLwtlaB6                               │ 29-744-164-6487 │ nic, special instructions. multipliers run carefully blithely iro                                                │
│     52528 │ Customer#000052528 │   556397.3509 │        551.79 │ ARGENTINA      │ elsyt8c9Z,7ch                            │ 11-208-192-3205 │ olphins. blithely silent platelets affix carefully even platelets. ca                                            │
│     23431 │ Customer#000023431 │   554269.5360 │       3381.86 │ ROMANIA        │ kKI5,CJAJQjQRQtOdCiFQ                    │ 29-915-458-2654 │ the final sentiments. carefully ironic packages                                                                  │
│       ·   │         ·          │         ·     │          ·    │    ·           │           ·                              │        ·        │                        ·                                                                                         │
│       ·   │         ·          │         ·     │          ·    │    ·           │           ·                              │        ·        │                        ·                                                                                         │
│       ·   │         ·          │         ·     │          ·    │    ·           │           ·                              │        ·        │                        ·                                                                                         │
│     90542 │ Customer#000090542 │     1085.8596 │       8714.65 │ SAUDI ARABIA   │ e PacvMjNI8AGBRU7 ZC3                    │ 30-809-575-7721 │ en ideas. furiously blithe accounts haggle pinto beans. final id                                                 │
│     20614 │ Customer#000020614 │     1078.3640 │       6766.61 │ FRANCE         │ 0ar8dXwvjvNH3US8MBVD73NqRdmi             │ 16-124-347-6515 │ xes are. carefully ironic packages detect above the deposits. slyly even requests are evenly care                │
│     39247 │ Customer#000039247 │     1076.3880 │       7710.39 │ JORDAN         │ 0J1r2hapw749pKbxhrOaAan,6T8rs            │ 23-202-820-2625 │ blithely carefully pending deposits. deposits are blithely regular pains. carefully regular acc                  │
│    118070 │ Customer#000118070 │     1075.7430 │       4494.08 │ MOROCCO        │ wdT1PzX gp9,omglUKWCJbUuW4nRVIEUzpUKO    │ 25-463-734-5203 │ ach stealthily furiously ironic de                                                                               │
│     66497 │ Customer#000066497 │     1071.5181 │       8681.98 │ IRAQ           │ qIx3cTyt9N07OIiHVQ8UmMa7                 │ 21-409-848-8340 │ eas. quickly express pinto beans use blithely above the i                                                        │
│      1375 │ Customer#000001375 │     1062.3786 │       2011.11 │ KENYA          │ GBgJ4UKragU2ZXzvgF9wa2iT8jyP7PPpuQM      │ 24-620-497-1489 │ deposits. ironic, final packages boost furiously deposits. express plat                                          │
│     33880 │ Customer#000033880 │     1056.0096 │       9278.22 │ IRAQ           │ 68MgIxX5lewrnc5tZTsNbpqR0Lsadhz 4On9     │ 21-148-726-3963 │ ly slyly silent accounts. final dependencies must sleep                                                          │
│     40978 │ Customer#000040978 │     1055.6523 │       -104.06 │ INDIA          │ gKmMcgLkaQPBcgFoTAu3LISImaai2DeqFJKL     │ 18-667-757-4400 │ , regular epitaphs play about the fur                                                                            │
│    146230 │ Customer#000146230 │     1044.0630 │       8236.76 │ EGYPT          │ ,X6hbOuWTU9toclhlf                       │ 14-535-721-9754 │ lites wake. unusual, pending packages cajole since the ideas. pending packages sleep sauternes. even instruction │
│    106537 │ Customer#000106537 │     1036.0890 │       2745.25 │ CANADA         │ OpCBWFtGQpV                              │ 13-619-383-3181 │ y ironic deposits. ironic requests serve c                                                                       │
│    126217 │ Customer#000126217 │     1035.1890 │       2860.84 │ UNITED STATES  │ bHX5Y2VQ4AANtDqvcgCT2l0                  │ 34-685-838-8281 │ ts. blithely ironic accounts haggle furiously. blithely final accounts integrate.                                │
│     43058 │ Customer#000043058 │     1014.7896 │        -23.45 │ KENYA          │ yKxt6hqb8PC                              │ 24-734-718-3037 │  final deposits sleep carefully a                                                                                │
│     72314 │ Customer#000072314 │     1007.6988 │       2295.90 │ MOROCCO        │ RZYv9HI4eFKnYSlx  lq                     │ 25-477-695-2916 │ hely even accounts cajole against the regular packages. regular, express deposits again                          │
│    108712 │ Customer#000108712 │      986.2676 │        836.75 │ KENYA          │ kmSaUNm8dkWdnd4A99ch7VPRbUva0            │ 24-248-542-4505 │ yly pending pinto beans maintain according to the regular requests. furiously speci                              │
│     22225 │ Customer#000022225 │      980.8304 │       5721.02 │ ETHIOPIA       │ PfHcT,jJScNv2zY25H XOfxO62DWv3HKfzR2,SW  │ 15-434-506-7638 │ ers. carefully ironic packages wake across the furiously ironic accounts. blithely ironic deposits lose fluffi   │
│     68098 │ Customer#000068098 │      967.1760 │       9005.13 │ MOROCCO        │ Oz9L,bHruYQVJU2gVqg7DeSaE92AI            │ 25-413-874-7739 │  special deposits sleep against the furiousl                                                                     │
│      8876 │ Customer#000008876 │      941.1972 │        395.66 │ ETHIOPIA       │ kDPEdwW8Xx8m2dTb22zC9GbGwxbK6HBx         │ 15-282-807-4827 │ accounts nag against the slyly ironic accounts. deposit                                                          │
│     22174 │ Customer#000022174 │      917.6491 │       8652.24 │ BRAZIL         │ jkwK2wiPf9MCDHoQFAvMQEjtu5vg             │ 12-119-873-3422 │ requests. foxes haggle. furiously final hockey players cajole across the asymptotes. slyly express depend        │
│     84998 │ Customer#000084998 │      903.6360 │       8814.72 │ INDONESIA      │ TyQ5km9qL8n2cyw4H27NfQ2jnfEHc            │ 19-686-130-7074 │ , final ideas. slowly regular pinto b                                                                            │
│     64663 │ Customer#000064663 │      861.3360 │       9291.67 │ ARGENTINA      │ TpDebaozkKbbumZCQ9e,MpxUtwjTNHpkawAu1PQw │ 11-610-265-2227 │ lites. deposits are carefully final, special packages. furio                                                     │
├───────────┴────────────────────┴───────────────┴───────────────┴────────────────┴──────────────────────────────────────────┴─────────────────┴──────────────────────────────────────────────────────────────────────────────────────────────────────────────────┤
│ 37967 rows (40 shown)                                                                                                                                                                                                                                 8 columns │
└─────────────────────────────────────────────────────────────────────────────────────────────────────────────────────────────────────────────────────────────────────────────────────────────────────────────────────────────────────────────────────────────────┘
Run Time (s): real 0.365 user 0.881372 sys 0.444660
┌────────────┬───────────────┐
│ ps_partkey │     value     │
│   int64    │ decimal(38,2) │
├────────────┼───────────────┤
│     129760 │   17538456.86 │
│     166726 │   16503353.92 │
│     191287 │   16474801.97 │
│     161758 │   16101755.54 │
│      34452 │   15983844.72 │
│     139035 │   15907078.34 │
│       9403 │   15451755.62 │
│     154358 │   15212937.88 │
│      38823 │   15064802.86 │
│      85606 │   15053957.15 │
│      33354 │   14408297.40 │
│     154747 │   14407580.68 │
│      82865 │   14235489.78 │
│      76094 │   14094247.04 │
│        222 │   13937777.74 │
│     121271 │   13908336.00 │
│      55221 │   13716120.47 │
│      22819 │   13666434.28 │
│      76281 │   13646853.68 │
│      85298 │   13581154.93 │
│        ·   │         ·     │
│        ·   │         ·     │
│        ·   │         ·     │
│      36289 │    7901946.50 │
│      61739 │    7900794.00 │
│      52338 │    7898638.08 │
│     194299 │    7898421.24 │
│     105235 │    7897829.94 │
│      77207 │    7897752.72 │
│      96712 │    7897575.27 │
│      10157 │    7897046.25 │
│     171154 │    7896814.50 │
│      79373 │    7896186.00 │
│     113808 │    7893353.88 │
│      27901 │    7892952.00 │
│     128820 │    7892882.72 │
│      25891 │    7890511.20 │
│     122819 │    7888881.02 │
│     154731 │    7888301.33 │
│     101674 │    7879324.60 │
│      51968 │    7879102.21 │
│      72073 │    7877736.11 │
│       5182 │    7874521.73 │
├────────────┴───────────────┤
│    1048 rows (40 shown)    │
└────────────────────────────┘
Run Time (s): real 0.027 user 0.102019 sys 0.016584
┌────────────┬─────────────────┬────────────────┐
│ l_shipmode │ high_line_count │ low_line_count │
│  varchar   │     int128      │     int128     │
├────────────┼─────────────────┼────────────────┤
│ MAIL       │            6202 │           9324 │
│ SHIP       │            6200 │           9262 │
└────────────┴─────────────────┴────────────────┘
Run Time (s): real 0.063 user 0.344904 sys 0.046419
┌─────────┬──────────┐
│ c_count │ custdist │
│  int64  │  int64   │
├─────────┼──────────┤
│       0 │    50004 │
│      10 │     6668 │
│       9 │     6563 │
│      11 │     6004 │
│       8 │     5890 │
│      12 │     5600 │
│      13 │     5029 │
│      19 │     4805 │
│       7 │     4680 │
│      18 │     4531 │
│      20 │     4507 │
│      14 │     4473 │
│      15 │     4463 │
│      17 │     4445 │
│      16 │     4410 │
│      21 │     4168 │
│      22 │     3742 │
│       6 │     3273 │
│      23 │     3189 │
│      24 │     2700 │
│      25 │     2090 │
│       5 │     1957 │
│      26 │     1653 │
│      27 │     1177 │
│       4 │     1010 │
│      28 │      901 │
│      29 │      564 │
│       3 │      408 │
│      30 │      378 │
│      31 │      242 │
│      32 │      133 │
│       2 │      128 │
│      33 │       72 │
│      34 │       52 │
│      35 │       32 │
│      36 │       20 │
│       1 │       20 │
│      37 │        8 │
│      38 │        4 │
│      41 │        3 │
│      40 │        3 │
│      39 │        1 │
├─────────┴──────────┤
│ 42 rows  2 columns │
└────────────────────┘
Run Time (s): real 0.261 user 1.314682 sys 0.134599
┌────────────────────┐
│   promo_revenue    │
│       double       │
├────────────────────┤
│ 16.380778626395543 │
└────────────────────┘
Run Time (s): real 0.081 user 0.263797 sys 0.037269
Run Time (s): real 0.007 user 0.001524 sys 0.001896
┌───────────┬────────────────────┬───────────────────┬─────────────────┬───────────────┐
│ s_suppkey │       s_name       │     s_address     │     s_phone     │ total_revenue │
│   int64   │      varchar       │      varchar      │     varchar     │ decimal(38,4) │
├───────────┼────────────────────┼───────────────────┼─────────────────┼───────────────┤
│      8449 │ Supplier#000008449 │ 5BXWsJERA2mP5OyO4 │ 20-469-856-8873 │  1772627.2087 │
└───────────┴────────────────────┴───────────────────┴─────────────────┴───────────────┘
Run Time (s): real 0.071 user 0.419494 sys 0.026282
Run Time (s): real 0.004 user 0.000880 sys 0.000978
┌──────────┬──────────────────────────┬────────┬──────────────┐
│ p_brand  │          p_type          │ p_size │ supplier_cnt │
│ varchar  │         varchar          │ int32  │    int64     │
├──────────┼──────────────────────────┼────────┼──────────────┤
│ Brand#41 │ MEDIUM BRUSHED TIN       │      3 │           28 │
│ Brand#54 │ STANDARD BRUSHED COPPER  │     14 │           27 │
│ Brand#11 │ STANDARD BRUSHED TIN     │     23 │           24 │
│ Brand#11 │ STANDARD BURNISHED BRASS │     36 │           24 │
│ Brand#15 │ MEDIUM ANODIZED NICKEL   │      3 │           24 │
│ Brand#15 │ SMALL ANODIZED BRASS     │     45 │           24 │
│ Brand#15 │ SMALL BURNISHED NICKEL   │     19 │           24 │
│ Brand#21 │ MEDIUM ANODIZED COPPER   │      3 │           24 │
│ Brand#22 │ SMALL BRUSHED NICKEL     │      3 │           24 │
│ Brand#22 │ SMALL BURNISHED BRASS    │     19 │           24 │
│ Brand#25 │ MEDIUM BURNISHED COPPER  │     36 │           24 │
│ Brand#31 │ PROMO POLISHED COPPER    │     36 │           24 │
│ Brand#33 │ LARGE POLISHED TIN       │     23 │           24 │
│ Brand#33 │ PROMO POLISHED STEEL     │     14 │           24 │
│ Brand#35 │ PROMO BRUSHED NICKEL     │     14 │           24 │
│ Brand#41 │ ECONOMY BRUSHED STEEL    │      9 │           24 │
│ Brand#41 │ ECONOMY POLISHED TIN     │     19 │           24 │
│ Brand#41 │ LARGE PLATED COPPER      │     36 │           24 │
│ Brand#42 │ ECONOMY PLATED BRASS     │      3 │           24 │
│ Brand#42 │ STANDARD POLISHED TIN    │     49 │           24 │
│    ·     │           ·              │      · │            · │
│    ·     │           ·              │      · │            · │
│    ·     │           ·              │      · │            · │
│ Brand#55 │ STANDARD POLISHED STEEL  │     14 │            4 │
│ Brand#55 │ STANDARD POLISHED STEEL  │     23 │            4 │
│ Brand#55 │ STANDARD POLISHED TIN    │      9 │            4 │
│ Brand#55 │ STANDARD POLISHED TIN    │     19 │            4 │
│ Brand#55 │ STANDARD POLISHED TIN    │     36 │            4 │
│ Brand#11 │ SMALL BRUSHED TIN        │     19 │            3 │
│ Brand#15 │ LARGE PLATED NICKEL      │     45 │            3 │
│ Brand#15 │ LARGE POLISHED NICKEL    │      9 │            3 │
│ Brand#21 │ PROMO BURNISHED STEEL    │     45 │            3 │
│ Brand#22 │ STANDARD PLATED STEEL    │     23 │            3 │
│ Brand#25 │ LARGE PLATED STEEL       │     19 │            3 │
│ Brand#32 │ STANDARD ANODIZED COPPER │     23 │            3 │
│ Brand#33 │ SMALL ANODIZED BRASS     │      9 │            3 │
│ Brand#35 │ MEDIUM ANODIZED TIN      │     19 │            3 │
│ Brand#51 │ SMALL PLATED BRASS       │     23 │            3 │
│ Brand#52 │ MEDIUM BRUSHED BRASS     │     45 │            3 │
│ Brand#53 │ MEDIUM BRUSHED TIN       │     45 │            3 │
│ Brand#54 │ ECONOMY POLISHED BRASS   │      9 │            3 │
│ Brand#55 │ PROMO PLATED BRASS       │     19 │            3 │
│ Brand#55 │ STANDARD PLATED TIN      │     49 │            3 │
├──────────┴──────────────────────────┴────────┴──────────────┤
│ 18314 rows (40 shown)                             4 columns │
└─────────────────────────────────────────────────────────────┘
Run Time (s): real 0.090 user 0.322587 sys 0.048980
┌───────────────────┐
│    avg_yearly     │
│      double       │
├───────────────────┤
│ 348406.0542857143 │
└───────────────────┘
Run Time (s): real 0.074 user 0.396644 sys 0.009558
┌────────────────────┬───────────┬────────────┬─────────────┬───────────────┬─────────────────┐
│       c_name       │ c_custkey │ o_orderkey │ o_orderdate │ o_totalprice  │ sum(l_quantity) │
│      varchar       │   int64   │   int64    │    date     │ decimal(15,2) │  decimal(38,2)  │
├────────────────────┼───────────┼────────────┼─────────────┼───────────────┼─────────────────┤
│ Customer#000128120 │    128120 │    4722021 │ 1994-04-07  │     544089.09 │          323.00 │
│ Customer#000144617 │    144617 │    3043270 │ 1997-02-12  │     530604.44 │          317.00 │
│ Customer#000013940 │     13940 │    2232932 │ 1997-04-13  │     522720.61 │          304.00 │
│ Customer#000066790 │     66790 │    2199712 │ 1996-09-30  │     515531.82 │          327.00 │
│ Customer#000046435 │     46435 │    4745607 │ 1997-07-03  │     508047.99 │          309.00 │
│ Customer#000015272 │     15272 │    3883783 │ 1993-07-28  │     500241.33 │          302.00 │
│ Customer#000146608 │    146608 │    3342468 │ 1994-06-12  │     499794.58 │          303.00 │
│ Customer#000096103 │     96103 │    5984582 │ 1992-03-16  │     494398.79 │          312.00 │
│ Customer#000024341 │     24341 │    1474818 │ 1992-11-15  │     491348.26 │          302.00 │
│ Customer#000137446 │    137446 │    5489475 │ 1997-05-23  │     487763.25 │          311.00 │
│ Customer#000107590 │    107590 │    4267751 │ 1994-11-04  │     485141.38 │          301.00 │
│ Customer#000050008 │     50008 │    2366755 │ 1996-12-09  │     483891.26 │          302.00 │
│ Customer#000015619 │     15619 │    3767271 │ 1996-08-07  │     480083.96 │          318.00 │
│ Customer#000077260 │     77260 │    1436544 │ 1992-09-12  │     479499.43 │          307.00 │
│ Customer#000109379 │    109379 │    5746311 │ 1996-10-10  │     478064.11 │          302.00 │
│ Customer#000054602 │     54602 │    5832321 │ 1997-02-09  │     471220.08 │          307.00 │
│ Customer#000105995 │    105995 │    2096705 │ 1994-07-03  │     469692.58 │          307.00 │
│ Customer#000148885 │    148885 │    2942469 │ 1992-05-31  │     469630.44 │          313.00 │
│ Customer#000114586 │    114586 │     551136 │ 1993-05-19  │     469605.59 │          308.00 │
│ Customer#000105260 │    105260 │    5296167 │ 1996-09-06  │     469360.57 │          303.00 │
│         ·          │       ·   │       ·    │     ·       │         ·     │             ·   │
│         ·          │       ·   │       ·    │     ·       │         ·     │             ·   │
│         ·          │       ·   │       ·    │     ·       │         ·     │             ·   │
│ Customer#000037729 │     37729 │    4134341 │ 1995-06-29  │     441082.97 │          309.00 │
│ Customer#000003566 │      3566 │    2329187 │ 1998-01-04  │     439803.36 │          304.00 │
│ Customer#000045538 │     45538 │    4527553 │ 1994-05-22  │     436275.31 │          305.00 │
│ Customer#000081581 │     81581 │    4739650 │ 1995-11-04  │     435405.90 │          305.00 │
│ Customer#000119989 │    119989 │    1544643 │ 1997-09-20  │     434568.25 │          320.00 │
│ Customer#000003680 │      3680 │    3861123 │ 1998-07-03  │     433525.97 │          301.00 │
│ Customer#000113131 │    113131 │     967334 │ 1995-12-15  │     432957.75 │          301.00 │
│ Customer#000141098 │    141098 │     565574 │ 1995-09-24  │     430986.69 │          301.00 │
│ Customer#000093392 │     93392 │    5200102 │ 1997-01-22  │     425487.51 │          304.00 │
│ Customer#000015631 │     15631 │    1845057 │ 1994-05-12  │     419879.59 │          302.00 │
│ Customer#000112987 │    112987 │    4439686 │ 1996-09-17  │     418161.49 │          305.00 │
│ Customer#000012599 │     12599 │    4259524 │ 1998-02-12  │     415200.61 │          304.00 │
│ Customer#000105410 │    105410 │    4478371 │ 1996-03-05  │     412754.51 │          302.00 │
│ Customer#000149842 │    149842 │    5156581 │ 1994-05-30  │     411329.35 │          302.00 │
│ Customer#000010129 │     10129 │    5849444 │ 1994-03-21  │     409129.85 │          309.00 │
│ Customer#000069904 │     69904 │    1742403 │ 1996-10-19  │     408513.00 │          305.00 │
│ Customer#000017746 │     17746 │       6882 │ 1997-04-09  │     408446.93 │          303.00 │
│ Customer#000013072 │     13072 │    1481925 │ 1998-03-15  │     399195.47 │          301.00 │
│ Customer#000082441 │     82441 │     857959 │ 1994-02-07  │     382579.74 │          305.00 │
│ Customer#000088703 │     88703 │    2995076 │ 1994-01-30  │     363812.12 │          302.00 │
├────────────────────┴───────────┴────────────┴─────────────┴───────────────┴─────────────────┤
│ 57 rows (40 shown)                                                                6 columns │
└─────────────────────────────────────────────────────────────────────────────────────────────┘
Run Time (s): real 0.217 user 1.237358 sys 0.121930
┌───────────────┐
│    revenue    │
│ decimal(38,4) │
├───────────────┤
│  3083843.0578 │
└───────────────┘
Run Time (s): real 0.104 user 0.470897 sys 0.015912
Run Time (s): real 0.000 user 0.000000 sys 0.000569
┌────────────────────┬──────────────────────────────────────────┐
│       s_name       │                s_address                 │
│      varchar       │                 varchar                  │
├────────────────────┼──────────────────────────────────────────┤
│ Supplier#000000020 │ JtPqm19E7tF 152Rl1wQZ8j0H                │
│ Supplier#000000091 │ 35WVnU7GLNbQDcc2TARavGtk6RB6ZCd46UAY     │
│ Supplier#000000205 │ Alrx5TN,hdnG                             │
│ Supplier#000000285 │ q TMZEDyZtv vUiFKBhT3NJlnIxpL            │
│ Supplier#000000287 │ UQR8bUA4V2HxVbw9K                        │
│ Supplier#000000354 │ wSLcCW40Q8                               │
│ Supplier#000000378 │ mLPJtpu4wOc cSFzBR                       │
│ Supplier#000000402 │ JR8vWoCteJtJg3okRpt0r28KEo               │
│ Supplier#000000530 │ 0BvoewCPg2scOEfuL93FRKqSxHmdhw1          │
│ Supplier#000000555 │ 8Lp0QWPLFXrJrX1sTWkAEdzUsh5ke            │
│ Supplier#000000640 │ FwwyFbgz7c hHViKGT0OB                    │
│ Supplier#000000729 │ CAOGYCBtTVT7aB1p6qHbxF6VVhXaHLgTpI       │
│ Supplier#000000736 │ GUIYDfv5xCxLgDx6KQ8khY ntVVnFqmfMKIgT    │
│ Supplier#000000761 │ tF8fMGa6HY4 w77mDwT4rO21kxwe7uTSYNW      │
│ Supplier#000000887 │ y mQ7NHjVbdqnbYr9 L                      │
│ Supplier#000000935 │ JHRSOterYgt4MTNo7cupTzA,6MoNw 4          │
│ Supplier#000000975 │ 1qorM1ypBdwgPVuf6sMCKuF9D1rJN1iCTXKmalSt │
│ Supplier#000001263 │ Aa4 UELS1JqY7qIjniwCWiC                  │
│ Supplier#000001367 │ XY28GmOq3efOxOzBMmMLdmWjMpo              │
│ Supplier#000001426 │ QbcoO0TUClFSzfy90Lk k                    │
│         ·          │          ·                               │
│         ·          │          ·                               │
│         ·          │          ·                               │
│ Supplier#000008841 │ jrSVfyZzMGQKYu 9isE,                     │
│ Supplier#000008872 │ TnrWVlKuhcZcvv2cR8WqR3hgwovbLff          │
│ Supplier#000008879 │ An8q0oRCbe1UVde5ml Elgqx                 │
│ Supplier#000008967 │ ZGvmjuekrTmvCsdjEq6mVEj,J3yA2OyFhe       │
│ Supplier#000008972 │ wYwlUsnV21dXwIzc3zA5Mfqn7h               │
│ Supplier#000009032 │ Bg0y qU8NtXnsZpa6ldt                     │
│ Supplier#000009043 │ WTcbwhjWAt4i1Tit2MoQwZZQVeZgIRMZ44E6a0   │
│ Supplier#000009278 │ aA27sLuHRXpf3r,FO2LondcMLo               │
│ Supplier#000009326 │ 4EIo0ytXUpS0LP,tJOHQRKI3ayyK             │
│ Supplier#000009430 │ JK9AEEMlyr                               │
│ Supplier#000009549 │ KX95OK6LSet2WUitP1,DL,R                  │
│ Supplier#000009601 │ WZEUXUPc09wVnDj5l6wfRO9uR                │
│ Supplier#000009709 │ A9DoPk2KnKGRb12Et4g53864,xgK             │
│ Supplier#000009753 │ wfJ5mP9ENTcGhlWmpDkgU1                   │
│ Supplier#000009799 │ sWvdH4kQWch4F                            │
│ Supplier#000009811 │ nXIxtBT6D1v6TCb2iMYkyU                   │
│ Supplier#000009812 │ rbl9euXFoPLlKQVYDVyRouslbbbKDHAkyXY      │
│ Supplier#000009846 │ WTzdvihXbyqnx0JfbbVaxBOcO9d93DYbtBhi J   │
│ Supplier#000009899 │ U3NBqk s Zz06al2m                        │
│ Supplier#000009974 │ Uvh0hWngOu96WgB,OafBQOqwpWqzwg8          │
├────────────────────┴──────────────────────────────────────────┤
│ 186 rows (40 shown)                                 2 columns │
└───────────────────────────────────────────────────────────────┘
Run Time (s): real 0.085 user 0.358341 sys 0.012535
┌────────────────────┬─────────┐
│       s_name       │ numwait │
│      varchar       │  int64  │
├────────────────────┼─────────┤
│ Supplier#000002829 │      20 │
│ Supplier#000005808 │      18 │
│ Supplier#000000262 │      17 │
│ Supplier#000000496 │      17 │
│ Supplier#000002160 │      17 │
│ Supplier#000002301 │      17 │
│ Supplier#000002540 │      17 │
│ Supplier#000003063 │      17 │
│ Supplier#000005178 │      17 │
│ Supplier#000008331 │      17 │
│ Supplier#000002005 │      16 │
│ Supplier#000002095 │      16 │
│ Supplier#000005799 │      16 │
│ Supplier#000005842 │      16 │
│ Supplier#000006450 │      16 │
│ Supplier#000006939 │      16 │
│ Supplier#000009200 │      16 │
│ Supplier#000009727 │      16 │
│ Supplier#000000486 │      15 │
│ Supplier#000000565 │      15 │
│         ·          │       · │
│         ·          │       · │
│         ·          │       · │
│ Supplier#000002225 │       5 │
│ Supplier#000002717 │       5 │
│ Supplier#000003521 │       5 │
│ Supplier#000004321 │       5 │
│ Supplier#000006087 │       5 │
│ Supplier#000006453 │       5 │
│ Supplier#000006561 │       5 │
│ Supplier#000006596 │       5 │
│ Supplier#000007441 │       5 │
│ Supplier#000007847 │       5 │
│ Supplier#000008527 │       5 │
│ Supplier#000008996 │       5 │
│ Supplier#000009804 │       5 │
│ Supplier#000000144 │       4 │
│ Supplier#000003834 │       4 │
│ Supplier#000005998 │       4 │
│ Supplier#000009721 │       4 │
│ Supplier#000006684 │       3 │
│ Supplier#000007656 │       3 │
│ Supplier#000008136 │       3 │
├────────────────────┴─────────┤
│     411 rows (40 shown)      │
└──────────────────────────────┘
Run Time (s): real 0.276 user 1.237202 sys 0.087271
┌───────────┬─────────┬───────────────┐
│ cntrycode │ numcust │  totacctbal   │
│  varchar  │  int64  │ decimal(38,2) │
├───────────┼─────────┼───────────────┤
│ 13        │     888 │    6737713.99 │
│ 17        │     861 │    6460573.72 │
│ 18        │     964 │    7236687.40 │
│ 23        │     892 │    6701457.95 │
│ 29        │     948 │    7158866.63 │
│ 30        │     909 │    6808436.13 │
│ 31        │     922 │    6806670.18 │
└───────────┴─────────┴───────────────┘
Run Time (s): real 0.088 user 0.215784 sys 0.009963
┌───────────────┬────────────────────┬────────────────┬───────────┬────────────────┬─────────────────────────────────────────┬─────────────────┬──────────────────────────────────────────────────────────────────────────────────────────────────┐
│   s_acctbal   │       s_name       │     n_name     │ p_partkey │     p_mfgr     │                s_address                │     s_phone     │                                            s_comment                                             │
│ decimal(15,2) │      varchar       │    varchar     │   int64   │    varchar     │                 varchar                 │     varchar     │                                             varchar                                              │
├───────────────┼────────────────────┼────────────────┼───────────┼────────────────┼─────────────────────────────────────────┼─────────────────┼──────────────────────────────────────────────────────────────────────────────────────────────────┤
│       9938.53 │ Supplier#000005359 │ UNITED KINGDOM │    185358 │ Manufacturer#4 │ bgxj2K0w1kJvxYl5mhCfou,W                │ 33-429-790-6131 │ l, ironic instructions cajole                                                                    │
│       9937.84 │ Supplier#000005969 │ ROMANIA        │    108438 │ Manufacturer#1 │ rdnmd9c8EG1EIAYY3LPVa4yUNx6OwyVaQ       │ 29-520-692-3537 │ es. furiously silent deposits among the deposits haggle furiously a                              │
│       9936.22 │ Supplier#000005250 │ UNITED KINGDOM │       249 │ Manufacturer#4 │ qX AB0vP8mJEWeBuY9jri                   │ 33-320-228-2957 │ ar, regular requests nag blithely special accounts. final deposits impress carefully. ironic,    │
│       9923.77 │ Supplier#000002324 │ GERMANY        │     29821 │ Manufacturer#4 │ uXcnR7tv87dG                            │ 17-779-299-1839 │ s sleep according to the quick requests. carefully                                               │
│       9871.22 │ Supplier#000006373 │ GERMANY        │     43868 │ Manufacturer#5 │ iSLO35z7Ae                              │ 17-813-485-8637 │ against the slyly daring requests. unusual accounts wake atop the blithely spe                   │
│       9870.78 │ Supplier#000001286 │ GERMANY        │     81285 │ Manufacturer#2 │ 3gq0mZLHI5OTM6 tBYmLTHZaulCYnlECzQ7nj   │ 17-516-924-4574 │ into beans haggle at the quickly final asymptotes. unusu                                         │
│       9870.78 │ Supplier#000001286 │ GERMANY        │    181285 │ Manufacturer#4 │ 3gq0mZLHI5OTM6 tBYmLTHZaulCYnlECzQ7nj   │ 17-516-924-4574 │ into beans haggle at the quickly final asymptotes. unusu                                         │
│       9852.52 │ Supplier#000008973 │ RUSSIA         │     18972 │ Manufacturer#2 │ zVfUT3Np22kUC05tYWHBotaR                │ 32-188-594-7038 │ ly daring excuses unwind carefully above the fu                                                  │
│       9847.83 │ Supplier#000008097 │ RUSSIA         │    130557 │ Manufacturer#2 │ veMRTQBmUResNvfD3                       │ 32-375-640-3593 │  slyly ironic, special requests. final instructions above the qu                                 │
│       9847.57 │ Supplier#000006345 │ FRANCE         │     86344 │ Manufacturer#1 │ 68yX tGXAkVRSxUGNSjJdptw 8O878xaFnaoQK  │ 16-886-766-7945 │ odolites. blithely special requests above the regular foxes sleep unusual sauternes. care        │
│       9847.57 │ Supplier#000006345 │ FRANCE         │    173827 │ Manufacturer#2 │ 68yX tGXAkVRSxUGNSjJdptw 8O878xaFnaoQK  │ 16-886-766-7945 │ odolites. blithely special requests above the regular foxes sleep unusual sauternes. care        │
│       9836.93 │ Supplier#000007342 │ RUSSIA         │      4841 │ Manufacturer#4 │ icFgTpZ0TuAm188dv                       │ 32-399-414-5385 │  packages are blithely about the quickly                                                         │
│       9817.10 │ Supplier#000002352 │ RUSSIA         │    124815 │ Manufacturer#2 │ XfLCj71HKHnPqgvs7KNgPKcOWoWxo2w         │ 32-551-831-1437 │ al packages doze always according to the quickly f                                               │
│       9817.10 │ Supplier#000002352 │ RUSSIA         │    152351 │ Manufacturer#3 │ XfLCj71HKHnPqgvs7KNgPKcOWoWxo2w         │ 32-551-831-1437 │ al packages doze always according to the quickly f                                               │
│       9739.86 │ Supplier#000003384 │ FRANCE         │    138357 │ Manufacturer#2 │ D01XwXbcILNwmrGS6ZPrVhZxO40i            │ 16-494-913-5925 │ es. carefully regular ideas cajole. quickly ironic requests haggle. pending sentiment            │
│       9721.95 │ Supplier#000008757 │ UNITED KINGDOM │    156241 │ Manufacturer#3 │ ryKUkEeWN7Z                             │ 33-821-407-2995 │  the instructions breach slyly                                                                   │
│       9681.33 │ Supplier#000008406 │ RUSSIA         │     78405 │ Manufacturer#1 │ 1A6x3PLy6F                              │ 32-139-873-8571 │ ons sleep express deposits. epitap                                                               │
│       9643.55 │ Supplier#000005148 │ ROMANIA        │    107617 │ Manufacturer#1 │ H7WOI6lzFuSsWzTSBrhzTYV                 │ 29-252-617-4850 │ carefully platelets. packages sleep special ideas. quick                                         │
│       9624.82 │ Supplier#000001816 │ FRANCE         │     34306 │ Manufacturer#3 │ NTwQPSZwfhc4uu1EMvEDopBnEv2j P          │ 16-392-237-6726 │  the express, regular accounts. regular decoys boost alongside of                                │
│       9624.78 │ Supplier#000009658 │ ROMANIA        │    189657 │ Manufacturer#1 │ DmRxpLmL88XCBiONB3tq3e0u                │ 29-748-876-2014 │ inst the blithely brave frays. brav                                                              │
│          ·    │         ·          │    ·           │       ·   │       ·        │            ·                            │        ·        │                  ·                                                                               │
│          ·    │         ·          │    ·           │       ·   │       ·        │            ·                            │        ·        │                  ·                                                                               │
│          ·    │         ·          │    ·           │       ·   │       ·        │            ·                            │        ·        │                  ·                                                                               │
│       -604.88 │ Supplier#000003113 │ GERMANY        │    105582 │ Manufacturer#4 │ kH3SeZpHFsUBqOftBtg7SrvdP               │ 17-164-471-2650 │ xes according to the even, special accounts nag around the                                       │
│       -640.95 │ Supplier#000003029 │ FRANCE         │     73028 │ Manufacturer#3 │ R4Gizj96JXtsSfIwwiExx                   │ 16-692-588-9167 │ of the blithely pending accounts. quickly even asymptotes detect carefully                       │
│       -653.75 │ Supplier#000004564 │ GERMANY        │    114563 │ Manufacturer#2 │ cQfv bIpR9VSAoItYY1lPQl                 │ 17-588-364-7633 │ ges integrate. carefully ironic ac                                                               │
│       -687.56 │ Supplier#000006298 │ UNITED KINGDOM │     26297 │ Manufacturer#5 │ YEXPkd0L syg6VRG4z                      │ 33-378-187-9064 │ fully against the carefully furious foxes. carefully bold requests are furiously alon            │
│       -727.09 │ Supplier#000002338 │ RUSSIA         │    177303 │ Manufacturer#4 │ 2 YJvka2EAIqARVur                       │ 32-576-711-5780 │ s are furiously quickly furious accounts-- regular, pending theodolites cajole fluf              │
│       -737.17 │ Supplier#000009478 │ UNITED KINGDOM │     86969 │ Manufacturer#4 │ UWlOpFFz5V4Rqp91GIoNZV                  │ 33-723-212-4011 │  even frets. express packages are iron                                                           │
│       -744.35 │ Supplier#000005645 │ RUSSIA         │     73137 │ Manufacturer#5 │ a,3eups1UZgF8FLTRi89a2bgxkk 1uN         │ 32-475-358-6578 │ usual ideas nag quickly against the special, silent pinto beans. furiously                       │
│       -748.82 │ Supplier#000007556 │ UNITED KINGDOM │    130016 │ Manufacturer#2 │ JiZlOGqEpfOMrboGUN                      │ 33-974-496-5278 │ ages sleep fluffily along the carefully bold deposits. slyly ironic deposits                     │
│       -749.47 │ Supplier#000006517 │ FRANCE         │    171482 │ Manufacturer#1 │ GEj6zxBCido,OtkCx80xucOZEq              │ 16-409-145-2586 │ le packages. slyly even asympto                                                                  │
│       -752.27 │ Supplier#000005299 │ GERMANY        │     70284 │ Manufacturer#4 │ FT2YkTbK0GGVqCecg                       │ 17-904-495-9057 │ s nag carefully. slyly even accounts promise blithe                                              │
│       -823.97 │ Supplier#000000893 │ RUSSIA         │    125868 │ Manufacturer#5 │ 5uc7oPCMr9mvg4t26o69cdqxEwvZD41m2O 6H H │ 32-328-447-9531 │  instructions. unusual attainments are regular deposits. re                                      │
│       -898.01 │ Supplier#000002159 │ GERMANY        │    102158 │ Manufacturer#5 │ oJ1v7ZKUY WhC8                          │ 17-496-146-9282 │ avely even packages boost quickly a                                                              │
│       -898.01 │ Supplier#000002159 │ GERMANY        │    184604 │ Manufacturer#5 │ oJ1v7ZKUY WhC8                          │ 17-496-146-9282 │ avely even packages boost quickly a                                                              │
│       -898.30 │ Supplier#000003587 │ UNITED KINGDOM │     98568 │ Manufacturer#3 │ Kr6p2RrvDdbxbn4YrRhzzTCJ GVOGfGlSeVZ    │ 33-984-680-2326 │ . express, pending packages cajole regular, final asymptotes. even foxes                         │
│       -898.30 │ Supplier#000003587 │ UNITED KINGDOM │    121074 │ Manufacturer#3 │ Kr6p2RrvDdbxbn4YrRhzzTCJ GVOGfGlSeVZ    │ 33-984-680-2326 │ . express, pending packages cajole regular, final asymptotes. even foxes                         │
│       -906.23 │ Supplier#000007605 │ GERMANY        │     70083 │ Manufacturer#3 │ 0R4CnsF1EmwdLOKTOHU,yYJB                │ 17-497-385-9346 │  asymptotes sleep. carefu                                                                        │
│       -927.13 │ Supplier#000003514 │ UNITED KINGDOM │    150998 │ Manufacturer#5 │ VXx4Mkb5LsuKwvmJwk                      │ 33-482-787-8079 │  use slyly against the regular, ironic excuses. slyly bold f                                     │
│       -963.79 │ Supplier#000000065 │ RUSSIA         │     20064 │ Manufacturer#2 │ qzqDj7E8lqABBg f                        │ 32-444-835-2434 │ regular asymptotes wake furiously furiously ironic packages. ideas sleep above t                 │
│       -970.28 │ Supplier#000004677 │ UNITED KINGDOM │    117143 │ Manufacturer#1 │  0PDrXE2NVa4lnG3SSsW6Nshr               │ 33-455-575-6387 │ slyly pending ideas are blithely against the slyly even requests. packages sleep among the caref │
│       -986.14 │ Supplier#000003627 │ FRANCE         │    103626 │ Manufacturer#2 │ UT0ZxJ9vr 4tPhJ                         │ 16-568-745-4062 │  regular theodolites cajole busily unusua                                                        │
├───────────────┴────────────────────┴────────────────┴───────────┴────────────────┴─────────────────────────────────────────┴─────────────────┴──────────────────────────────────────────────────────────────────────────────────────────────────┤
│ 460 rows (40 shown)                                                                                                                                                                                                                   8 columns │
└─────────────────────────────────────────────────────────────────────────────────────────────────────────────────────────────────────────────────────────────────────────────────────────────────────────────────────────────────────────────────┘
Run Time (s): real 0.052 user 0.130759 sys 0.036499
┌────────────┬───────────────┬─────────────┬────────────────┐
│ l_orderkey │    revenue    │ o_orderdate │ o_shippriority │
│   int64    │ decimal(38,4) │    date     │     int32      │
├────────────┼───────────────┼─────────────┼────────────────┤
│    2456423 │   406181.0111 │ 1995-03-05  │              0 │
│    3459808 │   405838.6989 │ 1995-03-04  │              0 │
│     492164 │   390324.0610 │ 1995-02-19  │              0 │
│    1188320 │   384537.9359 │ 1995-03-09  │              0 │
│    2435712 │   378673.0558 │ 1995-02-26  │              0 │
│    4878020 │   378376.7952 │ 1995-03-12  │              0 │
│    5521732 │   375153.9215 │ 1995-03-13  │              0 │
│    2628192 │   373133.3094 │ 1995-02-22  │              0 │
│     993600 │   371407.4595 │ 1995-03-05  │              0 │
│    2300070 │   367371.1452 │ 1995-03-13  │              0 │
│    1166660 │   365967.4424 │ 1995-02-27  │              0 │
│    1083941 │   365184.4922 │ 1995-02-21  │              0 │
│     405063 │   359706.5697 │ 1995-03-03  │              0 │
│    4212103 │   356025.2163 │ 1995-02-14  │              0 │
│    4232067 │   355384.5423 │ 1995-02-21  │              0 │
│     817603 │   354799.8886 │ 1995-03-11  │              0 │
│     408035 │   351700.1771 │ 1995-03-08  │              0 │
│    4463334 │   350549.0789 │ 1995-03-14  │              0 │
│    1546404 │   350411.0898 │ 1995-03-11  │              0 │
│     345664 │   347632.9283 │ 1995-03-08  │              0 │
│        ·   │         ·     │     ·       │              · │
│        ·   │         ·     │     ·       │              · │
│        ·   │         ·     │     ·       │              · │
│    2907297 │     1238.1400 │ 1994-12-18  │              0 │
│    3321796 │     1204.6480 │ 1995-01-21  │              0 │
│    3656999 │     1204.4520 │ 1994-12-15  │              0 │
│    2535046 │     1195.4112 │ 1995-01-27  │              0 │
│    4088736 │     1181.9790 │ 1994-12-13  │              0 │
│     198694 │     1175.1936 │ 1995-01-16  │              0 │
│     681414 │     1168.4148 │ 1995-02-25  │              0 │
│     949024 │     1168.0837 │ 1995-01-15  │              0 │
│    4513984 │     1130.2197 │ 1995-02-11  │              0 │
│    1012066 │     1111.6980 │ 1995-01-25  │              0 │
│    1023046 │     1073.1266 │ 1994-12-25  │              0 │
│    5996519 │     1068.9962 │ 1994-12-06  │              0 │
│    1033956 │     1060.9440 │ 1994-12-23  │              0 │
│    1796705 │     1019.3092 │ 1995-01-03  │              0 │
│    2674948 │     1009.3872 │ 1995-02-05  │              0 │
│    4096903 │      966.7170 │ 1995-01-31  │              0 │
│    4276512 │      960.6800 │ 1994-12-31  │              0 │
│    4810887 │      947.0400 │ 1994-12-31  │              0 │
│     617767 │      901.5880 │ 1995-02-17  │              0 │
│    3283971 │      850.5180 │ 1994-12-27  │              0 │
├────────────┴───────────────┴─────────────┴────────────────┤
│ 11620 rows (40 shown)                           4 columns │
└───────────────────────────────────────────────────────────┘
Run Time (s): real 0.081 user 0.403885 sys 0.022201
┌─────────────────┬─────────────┐
│ o_orderpriority │ order_count │
│     varchar     │    int64    │
├─────────────────┼─────────────┤
│ 1-URGENT        │       10594 │
│ 2-HIGH          │       10476 │
│ 3-MEDIUM        │       10410 │
│ 4-NOT SPECIFIED │       10556 │
│ 5-LOW           │       10487 │
└─────────────────┴─────────────┘
Run Time (s): real 0.080 user 0.393736 sys 0.016403
┌───────────┬───────────────┐
│  n_name   │    revenue    │
│  varchar  │ decimal(38,4) │
├───────────┼───────────────┤
│ INDONESIA │ 55502041.1697 │
│ VIETNAM   │ 55295086.9967 │
│ CHINA     │ 53724494.2566 │
│ INDIA     │ 52035512.0002 │
│ JAPAN     │ 45410175.6954 │
└───────────┴───────────────┘
Run Time (s): real 0.093 user 0.442401 sys 0.021832
┌────────────────┐
│    revenue     │
│ decimal(38,4)  │
├────────────────┤
│ 123141078.2283 │
└────────────────┘
Run Time (s): real 0.021 user 0.131257 sys 0.000800
┌─────────────┬─────────────┬────────┬───────────────┐
│ supp_nation │ cust_nation │ l_year │    revenue    │
│   varchar   │   varchar   │ int64  │ decimal(38,4) │
├─────────────┼─────────────┼────────┼───────────────┤
│ FRANCE      │ GERMANY     │   1995 │ 54639732.7336 │
│ FRANCE      │ GERMANY     │   1996 │ 54633083.3076 │
│ GERMANY     │ FRANCE      │   1995 │ 52531746.6697 │
│ GERMANY     │ FRANCE      │   1996 │ 52520549.0224 │
└─────────────┴─────────────┴────────┴───────────────┘
Run Time (s): real 0.088 user 0.445059 sys 0.019050
┌────────┬─────────────────────┐
│ o_year │      mkt_share      │
│ int64  │       double        │
├────────┼─────────────────────┤
│   1995 │  0.0344358904066548 │
│   1996 │ 0.04148552129353032 │
└────────┴─────────────────────┘
Run Time (s): real 0.081 user 0.352430 sys 0.012993
┌────────────────┬────────┬───────────────┐
│     nation     │ o_year │  sum_profit   │
│    varchar     │ int64  │ decimal(38,4) │
├────────────────┼────────┼───────────────┤
│ ALGERIA        │   1998 │ 27136900.1803 │
│ ALGERIA        │   1997 │ 48611833.4962 │
│ ALGERIA        │   1996 │ 48285482.6782 │
│ ALGERIA        │   1995 │ 44402273.5999 │
│ ALGERIA        │   1994 │ 48694008.0668 │
│ ALGERIA        │   1993 │ 46044207.7838 │
│ ALGERIA        │   1992 │ 45636849.4881 │
│ ARGENTINA      │   1998 │ 28341663.7848 │
│ ARGENTINA      │   1997 │ 47143964.1176 │
│ ARGENTINA      │   1996 │ 45255278.6021 │
│ ARGENTINA      │   1995 │ 45631769.2054 │
│ ARGENTINA      │   1994 │ 48268856.3547 │
│ ARGENTINA      │   1993 │ 48605593.6162 │
│ ARGENTINA      │   1992 │ 46654240.7487 │
│ BRAZIL         │   1998 │ 26527736.3960 │
│ BRAZIL         │   1997 │ 45640660.7677 │
│ BRAZIL         │   1996 │ 45090647.1630 │
│ BRAZIL         │   1995 │ 44015888.5132 │
│ BRAZIL         │   1994 │ 44854218.8932 │
│ BRAZIL         │   1993 │ 45766603.7379 │
│   ·            │     ·  │       ·       │
│   ·            │     ·  │       ·       │
│   ·            │     ·  │       ·       │
│ UNITED KINGDOM │   1997 │ 44518130.1851 │
│ UNITED KINGDOM │   1996 │ 45539729.6166 │
│ UNITED KINGDOM │   1995 │ 46845879.3390 │
│ UNITED KINGDOM │   1994 │ 43081609.5737 │
│ UNITED KINGDOM │   1993 │ 44770146.7555 │
│ UNITED KINGDOM │   1992 │ 44123402.5484 │
│ UNITED STATES  │   1998 │ 27826593.6825 │
│ UNITED STATES  │   1997 │ 46638572.3648 │
│ UNITED STATES  │   1996 │ 46688280.5474 │
│ UNITED STATES  │   1995 │ 48951591.6156 │
│ UNITED STATES  │   1994 │ 45099092.0598 │
│ UNITED STATES  │   1993 │ 46181600.5278 │
│ UNITED STATES  │   1992 │ 46168214.0901 │
│ VIETNAM        │   1998 │ 27281931.0011 │
│ VIETNAM        │   1997 │ 48735914.1796 │
│ VIETNAM        │   1996 │ 47824595.9040 │
│ VIETNAM        │   1995 │ 48235135.8016 │
│ VIETNAM        │   1994 │ 47729256.3324 │
│ VIETNAM        │   1993 │ 45352676.8672 │
│ VIETNAM        │   1992 │ 47846355.6485 │
├────────────────┴────────┴───────────────┤
│ 175 rows (40 shown)           3 columns │
└─────────────────────────────────────────┘
Run Time (s): real 0.312 user 1.548018 sys 0.199104
