nohup: ignoring input
Installing sysstat if not already installed...

WARNING: apt does not have a stable CLI interface. Use with caution in scripts.

Reading package lists...
Building dependency tree...
Reading state information...
sysstat is already the newest version (12.5.2-2ubuntu0.2).
0 upgraded, 0 newly installed, 0 to remove and 0 not upgraded.
Generating data with DuckDB...
User admin connected to database heavyai
Table/View heavyai_us_states for catalog heavyai does not exist.
Table/View heavyai_us_counties for catalog heavyai does not exist.
Table/View heavyai_countries for catalog heavyai does not exist.
Table/View call_center for catalog heavyai does not exist.
Table/View catalog_page for catalog heavyai does not exist.
Table/View catalog_returns for catalog heavyai does not exist.
Table/View catalog_sales for catalog heavyai does not exist.
Table/View customer for catalog heavyai does not exist.
Table/View customer_address for catalog heavyai does not exist.
Table/View customer_demographics for catalog heavyai does not exist.
Table/View flights_2008_10k for catalog heavyai does not exist.
Table/View lineitem for catalog heavyai does not exist.
Table/View nation for catalog heavyai does not exist.
Table/View orders for catalog heavyai does not exist.
Table/View part for catalog heavyai does not exist.
Table/View partsupp for catalog heavyai does not exist.
Table/View region for catalog heavyai does not exist.
Table/View supplier for catalog heavyai does not exist.
User admin disconnected from database heavyai
Generating data with DuckDB...
Loading data to HeavyDB...
User admin connected to database heavyai
User admin disconnected from database heavyai
Create tables successful...........
User admin connected to database heavyai
Result
Loaded: 6 recs, Rejected: 0 recs in 0.373000 secs
1 rows returned.
Execution time: 559 ms, Total time: 574 ms
Result
Loaded: 11718 recs, Rejected: 0 recs in 0.345000 secs
1 rows returned.
Execution time: 386 ms, Total time: 388 ms
Result
Loaded: 4321499 recs, Rejected: 0 recs in 5.817000 secs
1 rows returned.
Execution time: 5818 ms, Total time: 5820 ms
Result
Loaded: 43204059 recs, Rejected: 0 recs in 64.692000 secs
1 rows returned.
Execution time: 64692 ms, Total time: 64695 ms
Result
Loaded: 433000 recs, Rejected: 0 recs in 0.892000 secs
1 rows returned.
Execution time: 970 ms, Total time: 972 ms
Result
Loaded: 216000 recs, Rejected: 0 recs in 0.802000 secs
1 rows returned.
Execution time: 911 ms, Total time: 914 ms
Result
Loaded: 1920800 recs, Rejected: 0 recs in 0.856000 secs
1 rows returned.
Execution time: 904 ms, Total time: 907 ms
Result
Loaded: 73049 recs, Rejected: 0 recs in 0.776000 secs
1 rows returned.
Execution time: 869 ms, Total time: 872 ms
Result
Loaded: 7200 recs, Rejected: 0 recs in 0.182000 secs
1 rows returned.
Execution time: 191 ms, Total time: 193 ms
Result
Loaded: 20 recs, Rejected: 0 recs in 0.133000 secs
1 rows returned.
Execution time: 133 ms, Total time: 136 ms
Result
Loaded: 31321566 recs, Rejected: 0 recs in 5.985000 secs
1 rows returned.
Execution time: 5985 ms, Total time: 5987 ms
Result
Loaded: 40000 recs, Rejected: 0 recs in 0.806000 secs
1 rows returned.
Execution time: 910 ms, Total time: 912 ms
Result
Loaded: 411 recs, Rejected: 0 recs in 0.835000 secs
1 rows returned.
Execution time: 942 ms, Total time: 945 ms
Result
Loaded: 37 recs, Rejected: 0 recs in 0.238000 secs
1 rows returned.
Execution time: 255 ms, Total time: 257 ms
Result
Loaded: 20 recs, Rejected: 0 recs in 0.402000 secs
1 rows returned.
Execution time: 443 ms, Total time: 445 ms
Result
Loaded: 78 recs, Rejected: 0 recs in 1.114000 secs
1 rows returned.
Execution time: 1261 ms, Total time: 1263 ms
Result
Loaded: 8636054 recs, Rejected: 0 recs in 9.191000 secs
1 rows returned.
Execution time: 9192 ms, Total time: 9194 ms
Result
Loaded: 86406277 recs, Rejected: 0 recs in 79.235000 secs
1 rows returned.
Execution time: 79236 ms, Total time: 79238 ms
Result
Loaded: 86400 recs, Rejected: 0 recs in 0.423000 secs
1 rows returned.
Execution time: 467 ms, Total time: 470 ms
Result
Loaded: 6 recs, Rejected: 0 recs in 0.728000 secs
1 rows returned.
Execution time: 819 ms, Total time: 822 ms
Result
Loaded: 468 recs, Rejected: 0 recs in 0.350000 secs
1 rows returned.
Execution time: 384 ms, Total time: 386 ms
Result
Loaded: 2159297 recs, Rejected: 0 recs in 2.286000 secs
1 rows returned.
Execution time: 2287 ms, Total time: 2289 ms
Result
Loaded: 21598604 recs, Rejected: 0 recs in 42.017000 secs
1 rows returned.
Execution time: 42018 ms, Total time: 42020 ms
Result
Loaded: 26 recs, Rejected: 0 recs in 1.052000 secs
1 rows returned.
Execution time: 1194 ms, Total time: 1196 ms
User admin disconnected from database heavyai
Load data successful..........
========== Run 1 ==========
Logging to: /home/ubuntu/accelerate-database_queries_using_gpu/src/benchmark_result/g5_xlarge/heavydb/tpc-ds/30gb/run1
Starting resource usage logging...
Running queries...
Running query 1...
Running query 2...
Running query 3...
Running query 4...
SQL Error: Encountered "SELECT" at line 1, column 22.
Was expecting:
    "(" ...
    
Running query 5...
SQL Error: Encountered "returns" at line 1, column 2574.
Was expecting one of:
    "ABS" ...
    "ALL" ...
    "ARRAY" ...
    "AVG" ...
    "CARDINALITY" ...
    "CASE" ...
    "CAST" ...
    "CEIL" ...
    "CEILING" ...
    "CHAR_LENGTH" ...
    "CHARACTER_LENGTH" ...
    "CLASSIFIER" ...
    "COALESCE" ...
    "COLLECT" ...
    "CONVERT" ...
    "COUNT" ...
    "COVAR_POP" ...
    "COVAR_SAMP" ...
    "CUME_DIST" ...
    "CURRENT" ...
    "CURRENT_CATALOG" ...
    "CURRENT_DATE" ...
    "CURRENT_DEFAULT_TRANSFORM_GROUP" ...
    "CURRENT_PATH" ...
    "CURRENT_ROLE" ...
    "CURRENT_SCHEMA" ...
    "CURRENT_TIME" ...
    "CURRENT_TIMESTAMP" ...
    "CURRENT_USER" ...
    "CURSOR" ...
    "DATE" ...
    "DEFAULT" ...
    "DENSE_RANK" ...
    "DISTINCT" ...
    "ELEMENT" ...
    "EVERY" ...
    "EXISTS" ...
    "EXP" ...
    "EXTRACT" ...
    "FALSE" ...
    "FIRST_VALUE" ...
    "FLOOR" ...
    "FUSION" ...
    "GROUPING" ...
    "HOP" ...
    "HOUR" ...
    "INTERSECTION" ...
    "INTERVAL" ...
    "JSON_ARRAY" ...
    "JSON_ARRAYAGG" ...
    "JSON_EXISTS" ...
    "JSON_OBJECT" ...
    "JSON_OBJECTAGG" ...
    "JSON_QUERY" ...
    "JSON_VALUE" ...
    "LAG" ...
    "LAST_VALUE" ...
    "LEAD" ...
    "LEFT" ...
    "LN" ...
    "LOCALTIME" ...
    "LOCALTIMESTAMP" ...
    "LOWER" ...
    "MATCH_NUMBER" ...
    "MAX" ...
    "MIN" ...
    "MINUTE" ...
    "MOD" ...
    "MONTH" ...
    "MULTISET" ...
    "NEW" ...
    "NEXT" ...
    "NOT" ...
    "NTH_VALUE" ...
    "NTILE" ...
    "NULL" ...
    "NULLIF" ...
    "OCTET_LENGTH" ...
    "OVERLAY" ...
    "PERCENT_RANK" ...
    "PERIOD" ...
    "POSITION" ...
    "POWER" ...
    "PREV" ...
    "RANK" ...
    "REGR_COUNT" ...
    "REGR_SXX" ...
    "REGR_SYY" ...
    "RIGHT" ...
    "ROW" ...
    "ROW_NUMBER" ...
    "RUNNING" ...
    "SECOND" ...
    "SELECT" ...
    "SESSION_USER" ...
    "SOME" ...
    "SPECIFIC" ...
    "SQRT" ...
    "STDDEV_POP" ...
    "STDDEV_SAMP" ...
    "SUBSTRING" ...
    "SUM" ...
    "SYSTEM_USER" ...
    "TABLE" ...
    "TIME" ...
    "TIMESTAMP" ...
    "TRANSLATE" ...
    "TRIM" ...
    "TRUE" ...
    "TRUNCATE" ...
    "UNKNOWN" ...
    "UPPER" ...
    "USER" ...
    "VALUES" ...
    "VAR_POP" ...
    "VAR_SAMP" ...
    "WITH" ...
    "YEAR" ...
    <UNSIGNED_INTEGER_LITERAL> ...
    <APPROX_NUMERIC_LITERAL> ...
    <DECIMAL_NUMERIC_LITERAL> ...
    <BINARY_STRING_LITERAL> ...
    <QUOTED_STRING> ...
    <PREFIXED_STRING_LITERAL> ...
    <UNICODE_STRING_LITERAL> ...
    "(" ...
    <LBRACE_D> ...
    <LBRACE_T> ...
    <LBRACE_TS> ...
    <LBRACE_FN> ...
    "{" ...
    "?" ...
    "+" ...
    "-" ...
    <BRACKET_QUOTED_IDENTIFIER> ...
    <QUOTED_IDENTIFIER> ...
    <BACK_QUOTED_IDENTIFIER> ...
    <IDENTIFIER> ...
    <UNICODE_QUOTED_IDENTIFIER> ...
    "*" ...
    ")" ...
    
Running query 6...
Running query 7...
Running query 8...
SQL Error: From line 8, column 7 to line 8, column 30: No match found for function signature substr(<CHARACTER>, <NUMERIC>, <NUMERIC>)
Running query 9...
Running query 10...
Hash join failed, reason(s): No equijoin expression found | Cannot fall back to loop join for intermediate join quals
Running query 11...
SQL Error: Encountered "SELECT" at line 1, column 22.
Was expecting:
    "(" ...
    
Running query 12...
Running query 13...
Running query 14...
SQL Error: Encountered ", SELECT" at line 2, column 12.
Was expecting one of:
    "AS" ...
    "EXCEPT" ...
    "EXTEND" ...
    "FETCH" ...
    "FOR" ...
    "GROUP" ...
    "HAVING" ...
    "INTERSECT" ...
    "LIMIT" ...
    "MATCH_RECOGNIZE" ...
    "OFFSET" ...
    "ORDER" ...
    "MINUS" ...
    "TABLESAMPLE" ...
    "UNION" ...
    "WHERE" ...
    "WINDOW" ...
    "(" ...
    ")" ...
    <BRACKET_QUOTED_IDENTIFIER> ...
    <QUOTED_IDENTIFIER> ...
    <BACK_QUOTED_IDENTIFIER> ...
    <IDENTIFIER> ...
    <UNICODE_QUOTED_IDENTIFIER> ...
    "/*+" ...
    "NATURAL" ...
    "JOIN" ...
    "INNER" ...
    "LEFT" ...
    "RIGHT" ...
    "FULL" ...
    "CROSS" ...
    "," <IDENTIFIER> ...
    "," <QUOTED_IDENTIFIER> ...
    "," <BACK_QUOTED_IDENTIFIER> ...
    "," <BRACKET_QUOTED_IDENTIFIER> ...
    "," <UNICODE_QUOTED_IDENTIFIER> ...
    "," "LATERAL" ...
    "," "(" ...
    "," "UNNEST" ...
    "," "TABLE" ...
    "OUTER" ...
    "." ...
    
Node LogicalIntersect not supported yet
Running query 15...
SQL Error: From line 6, column 94 to line 6, column 117: No match found for function signature substr(<CHARACTER>, <NUMERIC>, <NUMERIC>)
Running query 16...
Hash join failed, reason(s): No equijoin expression found | Cannot fall back to loop join for intermediate join quals
Running query 17...
Running query 18...
GROUP BY extensions not supported
Running query 19...
SQL Error: From line 8, column 216 to line 8, column 239: No match found for function signature substr(<CHARACTER>, <NUMERIC>, <NUMERIC>)
Running query 20...
Running query 21...
Running query 22...
GROUP BY extensions not supported
Running query 23...
SQL Error: From line 6, column 10 to line 6, column 39: No match found for function signature substr(<CHARACTER>, <NUMERIC>, <NUMERIC>)
SQL Error: From line 6, column 10 to line 6, column 39: No match found for function signature substr(<CHARACTER>, <NUMERIC>, <NUMERIC>)
Running query 24...
Running query 25...
Running query 26...
Running query 27...
GROUP BY extensions not supported
Running query 28...
Hash join failed, reason(s): No equijoin expression found | Cannot fall back to loop join for intermediate join quals
Running query 29...
Running query 30...
Running query 31...
SQL Error: Lexical error at line 1, column 1.  Encountered: "@" (64), after : ""
Running query 32...
Running query 33...
Running query 34...
Running query 35...
Hash join failed, reason(s): No equijoin expression found | Cannot fall back to loop join for intermediate join quals
Running query 36...
GROUP BY extensions not supported
Running query 37...
Running query 38...
Node LogicalIntersect not supported yet
Running query 39...
Aggregate function STDDEV_SAMP not supported
Aggregate function STDDEV_SAMP not supported
Running query 40...
Running query 41...
Running query 42...
Running query 43...
Running query 44...
Scalar sub-query returned no results
Running query 45...
SQL Error: From line 7, column 125 to line 7, column 148: No match found for function signature substr(<CHARACTER>, <NUMERIC>, <NUMERIC>)
Running query 46...
Running query 47...
SQL Error: Lexical error at line 1, column 1.  Encountered: "@" (64), after : ""
Running query 48...
Running query 49...
UNION without ALL is not supported yet.
Running query 50...
Running query 51...
Join type (full) not supported
Running query 52...
Running query 53...
Running query 54...
Running query 55...
Running query 56...
Running query 57...
SQL Error: Lexical error at line 1, column 1.  Encountered: "@" (64), after : ""
Running query 58...
Running query 59...
Running query 60...
Running query 61...
Running query 62...
Running query 63...
Running query 64...
Running query 65...
Running query 66...
SQL Error: Encountered "year ," at line 1, column 98.
Was expecting one of:
    "ARRAY" ...
    "CASE" ...
    "CURRENT" ...
    "CURRENT_CATALOG" ...
    "CURRENT_DATE" ...
    "CURRENT_DEFAULT_TRANSFORM_GROUP" ...
    "CURRENT_PATH" ...
    "CURRENT_ROLE" ...
    "CURRENT_SCHEMA" ...
    "CURRENT_TIME" ...
    "CURRENT_TIMESTAMP" ...
    "CURRENT_USER" ...
    "DATE" ...
    "EXISTS" ...
    "FALSE" ...
    "INTERVAL" ...
    "LOCALTIME" ...
    "LOCALTIMESTAMP" ...
    "MULTISET" ...
    "NEW" ...
    "NEXT" ...
    "NOT" ...
    "NULL" ...
    "PERIOD" ...
    "SESSION_USER" ...
    "SYSTEM_USER" ...
    "TIME" ...
    "TIMESTAMP" ...
    "TRUE" ...
    "UNKNOWN" ...
    "USER" ...
    <UNSIGNED_INTEGER_LITERAL> ...
    <APPROX_NUMERIC_LITERAL> ...
    <DECIMAL_NUMERIC_LITERAL> ...
    <BINARY_STRING_LITERAL> ...
    <QUOTED_STRING> ...
    <PREFIXED_STRING_LITERAL> ...
    <UNICODE_STRING_LITERAL> ...
    <LBRACE_D> ...
    <LBRACE_T> ...
    <LBRACE_TS> ...
    <LBRACE_FN> ...
    "?" ...
    "+" ...
    "-" ...
    <BRACKET_QUOTED_IDENTIFIER> ...
    <QUOTED_IDENTIFIER> ...
    <BACK_QUOTED_IDENTIFIER> ...
    <IDENTIFIER> ...
    <UNICODE_QUOTED_IDENTIFIER> ...
    "CAST" ...
    "EXTRACT" ...
    "POSITION" ...
    "CONVERT" ...
    "TRANSLATE" ...
    "OVERLAY" ...
    "FLOOR" ...
    "CEIL" ...
    "CEILING" ...
    "SUBSTRING" ...
    "TRIM" ...
    "{" ...
    "CLASSIFIER" ...
    "MATCH_NUMBER" ...
    "RUNNING" ...
    "PREV" ...
    "JSON_EXISTS" ...
    "JSON_VALUE" ...
    "JSON_QUERY" ...
    "JSON_OBJECT" ...
    "JSON_OBJECTAGG" ...
    "JSON_ARRAY" ...
    "JSON_ARRAYAGG" ...
    "HOP" ...
    "SPECIFIC" ...
    "ABS" ...
    "AVG" ...
    "CARDINALITY" ...
    "CHAR_LENGTH" ...
    "CHARACTER_LENGTH" ...
    "COALESCE" ...
    "COLLECT" ...
    "COVAR_POP" ...
    "COVAR_SAMP" ...
    "CUME_DIST" ...
    "COUNT" ...
    "DENSE_RANK" ...
    "ELEMENT" ...
    "EVERY" ...
    "EXP" ...
    "FIRST_VALUE" ...
    "FUSION" ...
    "INTERSECTION" ...
    "GROUPING" ...
    "HOUR" ...
    "LAG" ...
    "LEAD" ...
    "LEFT" ...
    "LAST_VALUE" ...
    "LN" ...
    "LOWER" ...
    "MAX" ...
    "MIN" ...
    "MINUTE" ...
    "MOD" ...
    "MONTH" ...
    "NTH_VALUE" ...
    "NTILE" ...
    "NULLIF" ...
    "OCTET_LENGTH" ...
    "PERCENT_RANK" ...
    "POWER" ...
    "RANK" ...
    "REGR_COUNT" ...
    "REGR_SXX" ...
    "REGR_SYY" ...
    "RIGHT" ...
    "ROW_NUMBER" ...
    "SECOND" ...
    "SOME" ...
    "SQRT" ...
    "STDDEV_POP" ...
    "STDDEV_SAMP" ...
    "SUM" ...
    "UPPER" ...
    "TRUNCATE" ...
    "VAR_POP" ...
    "VAR_SAMP" ...
    "YEAR" ...
    "YEAR" "(" ...
    
Running query 67...
GROUP BY extensions not supported
Running query 68...
Running query 69...
Hash join failed, reason(s): No equijoin expression found | Cannot fall back to loop join for intermediate join quals
Running query 70...
GROUP BY extensions not supported
Running query 71...
Running query 72...
SQL Error: From line 13, column 108 to line 13, column 124: Cannot apply '+' to arguments of type '<DATE> + <INTEGER>'. Supported form(s): '<NUMERIC> + <NUMERIC>'
'<DATETIME_INTERVAL> + <DATETIME_INTERVAL>'
'<DATETIME> + <DATETIME_INTERVAL>'
'<DATETIME_INTERVAL> + <DATETIME>'
Running query 73...
Running query 74...
SQL Error: Encountered "year" at line 1, column 132.
Was expecting one of:
    <QUOTED_STRING> ...
    <BRACKET_QUOTED_IDENTIFIER> ...
    <QUOTED_IDENTIFIER> ...
    <BACK_QUOTED_IDENTIFIER> ...
    <IDENTIFIER> ...
    <UNICODE_QUOTED_IDENTIFIER> ...
    
Running query 75...
SQL Error: Encountered "year" at line 1, column 1498.
Was expecting one of:
    <QUOTED_STRING> ...
    <BRACKET_QUOTED_IDENTIFIER> ...
    <QUOTED_IDENTIFIER> ...
    <BACK_QUOTED_IDENTIFIER> ...
    <IDENTIFIER> ...
    <UNICODE_QUOTED_IDENTIFIER> ...
    
Running query 76...
Aggregate function $SUM0 not supported
Running query 77...
SQL Error: Encountered "returns" at line 1, column 1913.
Was expecting one of:
    "ABS" ...
    "ALL" ...
    "ARRAY" ...
    "AVG" ...
    "CARDINALITY" ...
    "CASE" ...
    "CAST" ...
    "CEIL" ...
    "CEILING" ...
    "CHAR_LENGTH" ...
    "CHARACTER_LENGTH" ...
    "CLASSIFIER" ...
    "COALESCE" ...
    "COLLECT" ...
    "CONVERT" ...
    "COUNT" ...
    "COVAR_POP" ...
    "COVAR_SAMP" ...
    "CUME_DIST" ...
    "CURRENT" ...
    "CURRENT_CATALOG" ...
    "CURRENT_DATE" ...
    "CURRENT_DEFAULT_TRANSFORM_GROUP" ...
    "CURRENT_PATH" ...
    "CURRENT_ROLE" ...
    "CURRENT_SCHEMA" ...
    "CURRENT_TIME" ...
    "CURRENT_TIMESTAMP" ...
    "CURRENT_USER" ...
    "CURSOR" ...
    "DATE" ...
    "DEFAULT" ...
    "DENSE_RANK" ...
    "DISTINCT" ...
    "ELEMENT" ...
    "EVERY" ...
    "EXISTS" ...
    "EXP" ...
    "EXTRACT" ...
    "FALSE" ...
    "FIRST_VALUE" ...
    "FLOOR" ...
    "FUSION" ...
    "GROUPING" ...
    "HOP" ...
    "HOUR" ...
    "INTERSECTION" ...
    "INTERVAL" ...
    "JSON_ARRAY" ...
    "JSON_ARRAYAGG" ...
    "JSON_EXISTS" ...
    "JSON_OBJECT" ...
    "JSON_OBJECTAGG" ...
    "JSON_QUERY" ...
    "JSON_VALUE" ...
    "LAG" ...
    "LAST_VALUE" ...
    "LEAD" ...
    "LEFT" ...
    "LN" ...
    "LOCALTIME" ...
    "LOCALTIMESTAMP" ...
    "LOWER" ...
    "MATCH_NUMBER" ...
    "MAX" ...
    "MIN" ...
    "MINUTE" ...
    "MOD" ...
    "MONTH" ...
    "MULTISET" ...
    "NEW" ...
    "NEXT" ...
    "NOT" ...
    "NTH_VALUE" ...
    "NTILE" ...
    "NULL" ...
    "NULLIF" ...
    "OCTET_LENGTH" ...
    "OVERLAY" ...
    "PERCENT_RANK" ...
    "PERIOD" ...
    "POSITION" ...
    "POWER" ...
    "PREV" ...
    "RANK" ...
    "REGR_COUNT" ...
    "REGR_SXX" ...
    "REGR_SYY" ...
    "RIGHT" ...
    "ROW" ...
    "ROW_NUMBER" ...
    "RUNNING" ...
    "SECOND" ...
    "SELECT" ...
    "SESSION_USER" ...
    "SOME" ...
    "SPECIFIC" ...
    "SQRT" ...
    "STDDEV_POP" ...
    "STDDEV_SAMP" ...
    "SUBSTRING" ...
    "SUM" ...
    "SYSTEM_USER" ...
    "TABLE" ...
    "TIME" ...
    "TIMESTAMP" ...
    "TRANSLATE" ...
    "TRIM" ...
    "TRUE" ...
    "TRUNCATE" ...
    "UNKNOWN" ...
    "UPPER" ...
    "USER" ...
    "VALUES" ...
    "VAR_POP" ...
    "VAR_SAMP" ...
    "WITH" ...
    "YEAR" ...
    <UNSIGNED_INTEGER_LITERAL> ...
    <APPROX_NUMERIC_LITERAL> ...
    <DECIMAL_NUMERIC_LITERAL> ...
    <BINARY_STRING_LITERAL> ...
    <QUOTED_STRING> ...
    <PREFIXED_STRING_LITERAL> ...
    <UNICODE_STRING_LITERAL> ...
    "(" ...
    <LBRACE_D> ...
    <LBRACE_T> ...
    <LBRACE_TS> ...
    <LBRACE_FN> ...
    "{" ...
    "?" ...
    "+" ...
    "-" ...
    <BRACKET_QUOTED_IDENTIFIER> ...
    <QUOTED_IDENTIFIER> ...
    <BACK_QUOTED_IDENTIFIER> ...
    <IDENTIFIER> ...
    <UNICODE_QUOTED_IDENTIFIER> ...
    "*" ...
    ")" ...
    
Running query 78...
Query would use too much memory
Running query 79...
Running query 80...
SQL Error: Encountered "returns" at line 1, column 1936.
Was expecting one of:
    "ABS" ...
    "ALL" ...
    "ARRAY" ...
    "AVG" ...
    "CARDINALITY" ...
    "CASE" ...
    "CAST" ...
    "CEIL" ...
    "CEILING" ...
    "CHAR_LENGTH" ...
    "CHARACTER_LENGTH" ...
    "CLASSIFIER" ...
    "COALESCE" ...
    "COLLECT" ...
    "CONVERT" ...
    "COUNT" ...
    "COVAR_POP" ...
    "COVAR_SAMP" ...
    "CUME_DIST" ...
    "CURRENT" ...
    "CURRENT_CATALOG" ...
    "CURRENT_DATE" ...
    "CURRENT_DEFAULT_TRANSFORM_GROUP" ...
    "CURRENT_PATH" ...
    "CURRENT_ROLE" ...
    "CURRENT_SCHEMA" ...
    "CURRENT_TIME" ...
    "CURRENT_TIMESTAMP" ...
    "CURRENT_USER" ...
    "CURSOR" ...
    "DATE" ...
    "DEFAULT" ...
    "DENSE_RANK" ...
    "DISTINCT" ...
    "ELEMENT" ...
    "EVERY" ...
    "EXISTS" ...
    "EXP" ...
    "EXTRACT" ...
    "FALSE" ...
    "FIRST_VALUE" ...
    "FLOOR" ...
    "FUSION" ...
    "GROUPING" ...
    "HOP" ...
    "HOUR" ...
    "INTERSECTION" ...
    "INTERVAL" ...
    "JSON_ARRAY" ...
    "JSON_ARRAYAGG" ...
    "JSON_EXISTS" ...
    "JSON_OBJECT" ...
    "JSON_OBJECTAGG" ...
    "JSON_QUERY" ...
    "JSON_VALUE" ...
    "LAG" ...
    "LAST_VALUE" ...
    "LEAD" ...
    "LEFT" ...
    "LN" ...
    "LOCALTIME" ...
    "LOCALTIMESTAMP" ...
    "LOWER" ...
    "MATCH_NUMBER" ...
    "MAX" ...
    "MIN" ...
    "MINUTE" ...
    "MOD" ...
    "MONTH" ...
    "MULTISET" ...
    "NEW" ...
    "NEXT" ...
    "NOT" ...
    "NTH_VALUE" ...
    "NTILE" ...
    "NULL" ...
    "NULLIF" ...
    "OCTET_LENGTH" ...
    "OVERLAY" ...
    "PERCENT_RANK" ...
    "PERIOD" ...
    "POSITION" ...
    "POWER" ...
    "PREV" ...
    "RANK" ...
    "REGR_COUNT" ...
    "REGR_SXX" ...
    "REGR_SYY" ...
    "RIGHT" ...
    "ROW" ...
    "ROW_NUMBER" ...
    "RUNNING" ...
    "SECOND" ...
    "SELECT" ...
    "SESSION_USER" ...
    "SOME" ...
    "SPECIFIC" ...
    "SQRT" ...
    "STDDEV_POP" ...
    "STDDEV_SAMP" ...
    "SUBSTRING" ...
    "SUM" ...
    "SYSTEM_USER" ...
    "TABLE" ...
    "TIME" ...
    "TIMESTAMP" ...
    "TRANSLATE" ...
    "TRIM" ...
    "TRUE" ...
    "TRUNCATE" ...
    "UNKNOWN" ...
    "UPPER" ...
    "USER" ...
    "VALUES" ...
    "VAR_POP" ...
    "VAR_SAMP" ...
    "WITH" ...
    "YEAR" ...
    <UNSIGNED_INTEGER_LITERAL> ...
    <APPROX_NUMERIC_LITERAL> ...
    <DECIMAL_NUMERIC_LITERAL> ...
    <BINARY_STRING_LITERAL> ...
    <QUOTED_STRING> ...
    <PREFIXED_STRING_LITERAL> ...
    <UNICODE_STRING_LITERAL> ...
    "(" ...
    <LBRACE_D> ...
    <LBRACE_T> ...
    <LBRACE_TS> ...
    <LBRACE_FN> ...
    "{" ...
    "?" ...
    "+" ...
    "-" ...
    <BRACKET_QUOTED_IDENTIFIER> ...
    <QUOTED_IDENTIFIER> ...
    <BACK_QUOTED_IDENTIFIER> ...
    <IDENTIFIER> ...
    <UNICODE_QUOTED_IDENTIFIER> ...
    "*" ...
    ")" ...
    
Running query 81...
Running query 82...
Running query 83...
Running query 84...
Error instantiating CONCAT operator. Currently string operations cannot be run on output of a case statement.
Running query 85...
SQL Error: Lexical error at line 1, column 1.  Encountered: "@" (64), after : ""
Running query 86...
GROUP BY extensions not supported
Running query 87...
Node LogicalMinus not supported yet
Running query 88...
Hash join failed, reason(s): No equijoin expression found | Cannot fall back to loop join for intermediate join quals
Running query 89...
Running query 90...
SQL Error: Encountered "at" at line 1, column 441.
Was expecting one of:
    <EOF> 
    "AS" ...
    "EXCEPT" ...
    "FETCH" ...
    "GROUP" ...
    "HAVING" ...
    "INTERSECT" ...
    "LIMIT" ...
    "MATCH_RECOGNIZE" ...
    "OFFSET" ...
    "ORDER" ...
    "MINUS" ...
    "TABLESAMPLE" ...
    "UNION" ...
    "WHERE" ...
    "WINDOW" ...
    <BRACKET_QUOTED_IDENTIFIER> ...
    <QUOTED_IDENTIFIER> ...
    <BACK_QUOTED_IDENTIFIER> ...
    <IDENTIFIER> ...
    <UNICODE_QUOTED_IDENTIFIER> ...
    "NATURAL" ...
    "JOIN" ...
    "INNER" ...
    "LEFT" ...
    "RIGHT" ...
    "FULL" ...
    "CROSS" ...
    "," ...
    "OUTER" ...
    
Running query 91...
Running query 92...
Running query 93...
Running query 94...
Hash join failed, reason(s): No equijoin expression found | Cannot fall back to loop join for intermediate join quals
Running query 95...
Projection query output result set on table(s): web_sales, web_sales  would contain 207869310 rows, which is more than the current system limit of 128000000
Running query 96...
Running query 97...
Join type (full) not supported
Running query 98...
Running query 99...
All queries executed. Time log saved in /home/ubuntu/accelerate-database_queries_using_gpu/src/benchmark_result/g5_xlarge/heavydb/tpc-ds/30gb/run1/query30_execution_times.csv
========== Run 2 ==========
Logging to: /home/ubuntu/accelerate-database_queries_using_gpu/src/benchmark_result/g5_xlarge/heavydb/tpc-ds/30gb/run2
Starting resource usage logging...
Running queries...
Running query 1...
Running query 2...
Running query 3...
Running query 4...
SQL Error: Encountered "SELECT" at line 1, column 22.
Was expecting:
    "(" ...
    
Running query 5...
SQL Error: Encountered "returns" at line 1, column 2574.
Was expecting one of:
    "ABS" ...
    "ALL" ...
    "ARRAY" ...
    "AVG" ...
    "CARDINALITY" ...
    "CASE" ...
    "CAST" ...
    "CEIL" ...
    "CEILING" ...
    "CHAR_LENGTH" ...
    "CHARACTER_LENGTH" ...
    "CLASSIFIER" ...
    "COALESCE" ...
    "COLLECT" ...
    "CONVERT" ...
    "COUNT" ...
    "COVAR_POP" ...
    "COVAR_SAMP" ...
    "CUME_DIST" ...
    "CURRENT" ...
    "CURRENT_CATALOG" ...
    "CURRENT_DATE" ...
    "CURRENT_DEFAULT_TRANSFORM_GROUP" ...
    "CURRENT_PATH" ...
    "CURRENT_ROLE" ...
    "CURRENT_SCHEMA" ...
    "CURRENT_TIME" ...
    "CURRENT_TIMESTAMP" ...
    "CURRENT_USER" ...
    "CURSOR" ...
    "DATE" ...
    "DEFAULT" ...
    "DENSE_RANK" ...
    "DISTINCT" ...
    "ELEMENT" ...
    "EVERY" ...
    "EXISTS" ...
    "EXP" ...
    "EXTRACT" ...
    "FALSE" ...
    "FIRST_VALUE" ...
    "FLOOR" ...
    "FUSION" ...
    "GROUPING" ...
    "HOP" ...
    "HOUR" ...
    "INTERSECTION" ...
    "INTERVAL" ...
    "JSON_ARRAY" ...
    "JSON_ARRAYAGG" ...
    "JSON_EXISTS" ...
    "JSON_OBJECT" ...
    "JSON_OBJECTAGG" ...
    "JSON_QUERY" ...
    "JSON_VALUE" ...
    "LAG" ...
    "LAST_VALUE" ...
    "LEAD" ...
    "LEFT" ...
    "LN" ...
    "LOCALTIME" ...
    "LOCALTIMESTAMP" ...
    "LOWER" ...
    "MATCH_NUMBER" ...
    "MAX" ...
    "MIN" ...
    "MINUTE" ...
    "MOD" ...
    "MONTH" ...
    "MULTISET" ...
    "NEW" ...
    "NEXT" ...
    "NOT" ...
    "NTH_VALUE" ...
    "NTILE" ...
    "NULL" ...
    "NULLIF" ...
    "OCTET_LENGTH" ...
    "OVERLAY" ...
    "PERCENT_RANK" ...
    "PERIOD" ...
    "POSITION" ...
    "POWER" ...
    "PREV" ...
    "RANK" ...
    "REGR_COUNT" ...
    "REGR_SXX" ...
    "REGR_SYY" ...
    "RIGHT" ...
    "ROW" ...
    "ROW_NUMBER" ...
    "RUNNING" ...
    "SECOND" ...
    "SELECT" ...
    "SESSION_USER" ...
    "SOME" ...
    "SPECIFIC" ...
    "SQRT" ...
    "STDDEV_POP" ...
    "STDDEV_SAMP" ...
    "SUBSTRING" ...
    "SUM" ...
    "SYSTEM_USER" ...
    "TABLE" ...
    "TIME" ...
    "TIMESTAMP" ...
    "TRANSLATE" ...
    "TRIM" ...
    "TRUE" ...
    "TRUNCATE" ...
    "UNKNOWN" ...
    "UPPER" ...
    "USER" ...
    "VALUES" ...
    "VAR_POP" ...
    "VAR_SAMP" ...
    "WITH" ...
    "YEAR" ...
    <UNSIGNED_INTEGER_LITERAL> ...
    <APPROX_NUMERIC_LITERAL> ...
    <DECIMAL_NUMERIC_LITERAL> ...
    <BINARY_STRING_LITERAL> ...
    <QUOTED_STRING> ...
    <PREFIXED_STRING_LITERAL> ...
    <UNICODE_STRING_LITERAL> ...
    "(" ...
    <LBRACE_D> ...
    <LBRACE_T> ...
    <LBRACE_TS> ...
    <LBRACE_FN> ...
    "{" ...
    "?" ...
    "+" ...
    "-" ...
    <BRACKET_QUOTED_IDENTIFIER> ...
    <QUOTED_IDENTIFIER> ...
    <BACK_QUOTED_IDENTIFIER> ...
    <IDENTIFIER> ...
    <UNICODE_QUOTED_IDENTIFIER> ...
    "*" ...
    ")" ...
    
Running query 6...
Running query 7...
Running query 8...
SQL Error: From line 8, column 7 to line 8, column 30: No match found for function signature substr(<CHARACTER>, <NUMERIC>, <NUMERIC>)
Running query 9...
Running query 10...
Hash join failed, reason(s): No equijoin expression found | Cannot fall back to loop join for intermediate join quals
Running query 11...
SQL Error: Encountered "SELECT" at line 1, column 22.
Was expecting:
    "(" ...
    
Running query 12...
Running query 13...
Running query 14...
SQL Error: Encountered ", SELECT" at line 2, column 12.
Was expecting one of:
    "AS" ...
    "EXCEPT" ...
    "EXTEND" ...
    "FETCH" ...
    "FOR" ...
    "GROUP" ...
    "HAVING" ...
    "INTERSECT" ...
    "LIMIT" ...
    "MATCH_RECOGNIZE" ...
    "OFFSET" ...
    "ORDER" ...
    "MINUS" ...
    "TABLESAMPLE" ...
    "UNION" ...
    "WHERE" ...
    "WINDOW" ...
    "(" ...
    ")" ...
    <BRACKET_QUOTED_IDENTIFIER> ...
    <QUOTED_IDENTIFIER> ...
    <BACK_QUOTED_IDENTIFIER> ...
    <IDENTIFIER> ...
    <UNICODE_QUOTED_IDENTIFIER> ...
    "/*+" ...
    "NATURAL" ...
    "JOIN" ...
    "INNER" ...
    "LEFT" ...
    "RIGHT" ...
    "FULL" ...
    "CROSS" ...
    "," <IDENTIFIER> ...
    "," <QUOTED_IDENTIFIER> ...
    "," <BACK_QUOTED_IDENTIFIER> ...
    "," <BRACKET_QUOTED_IDENTIFIER> ...
    "," <UNICODE_QUOTED_IDENTIFIER> ...
    "," "LATERAL" ...
    "," "(" ...
    "," "UNNEST" ...
    "," "TABLE" ...
    "OUTER" ...
    "." ...
    
Node LogicalIntersect not supported yet
Running query 15...
SQL Error: From line 6, column 94 to line 6, column 117: No match found for function signature substr(<CHARACTER>, <NUMERIC>, <NUMERIC>)
Running query 16...
Hash join failed, reason(s): No equijoin expression found | Cannot fall back to loop join for intermediate join quals
Running query 17...
Running query 18...
GROUP BY extensions not supported
Running query 19...
SQL Error: From line 8, column 216 to line 8, column 239: No match found for function signature substr(<CHARACTER>, <NUMERIC>, <NUMERIC>)
Running query 20...
Running query 21...
Running query 22...
GROUP BY extensions not supported
Running query 23...
SQL Error: From line 6, column 10 to line 6, column 39: No match found for function signature substr(<CHARACTER>, <NUMERIC>, <NUMERIC>)
SQL Error: From line 6, column 10 to line 6, column 39: No match found for function signature substr(<CHARACTER>, <NUMERIC>, <NUMERIC>)
Running query 24...
Running query 25...
Running query 26...
Running query 27...
GROUP BY extensions not supported
Running query 28...
Hash join failed, reason(s): No equijoin expression found | Cannot fall back to loop join for intermediate join quals
Running query 29...
Running query 30...
Running query 31...
SQL Error: Lexical error at line 1, column 1.  Encountered: "@" (64), after : ""
Running query 32...
Running query 33...
Running query 34...
Running query 35...
Hash join failed, reason(s): No equijoin expression found | Cannot fall back to loop join for intermediate join quals
Running query 36...
GROUP BY extensions not supported
Running query 37...
Running query 38...
Node LogicalIntersect not supported yet
Running query 39...
Aggregate function STDDEV_SAMP not supported
Aggregate function STDDEV_SAMP not supported
Running query 40...
Running query 41...
Running query 42...
Running query 43...
Running query 44...
Scalar sub-query returned no results
Running query 45...
SQL Error: From line 7, column 125 to line 7, column 148: No match found for function signature substr(<CHARACTER>, <NUMERIC>, <NUMERIC>)
Running query 46...
Running query 47...
SQL Error: Lexical error at line 1, column 1.  Encountered: "@" (64), after : ""
Running query 48...
Running query 49...
UNION without ALL is not supported yet.
Running query 50...
Running query 51...
Join type (full) not supported
Running query 52...
Running query 53...
Running query 54...
Running query 55...
Running query 56...
Running query 57...
SQL Error: Lexical error at line 1, column 1.  Encountered: "@" (64), after : ""
Running query 58...
Running query 59...
Running query 60...
Running query 61...
Running query 62...
Running query 63...
Running query 64...
Running query 65...
Running query 66...
SQL Error: Encountered "year ," at line 1, column 98.
Was expecting one of:
    "ARRAY" ...
    "CASE" ...
    "CURRENT" ...
    "CURRENT_CATALOG" ...
    "CURRENT_DATE" ...
    "CURRENT_DEFAULT_TRANSFORM_GROUP" ...
    "CURRENT_PATH" ...
    "CURRENT_ROLE" ...
    "CURRENT_SCHEMA" ...
    "CURRENT_TIME" ...
    "CURRENT_TIMESTAMP" ...
    "CURRENT_USER" ...
    "DATE" ...
    "EXISTS" ...
    "FALSE" ...
    "INTERVAL" ...
    "LOCALTIME" ...
    "LOCALTIMESTAMP" ...
    "MULTISET" ...
    "NEW" ...
    "NEXT" ...
    "NOT" ...
    "NULL" ...
    "PERIOD" ...
    "SESSION_USER" ...
    "SYSTEM_USER" ...
    "TIME" ...
    "TIMESTAMP" ...
    "TRUE" ...
    "UNKNOWN" ...
    "USER" ...
    <UNSIGNED_INTEGER_LITERAL> ...
    <APPROX_NUMERIC_LITERAL> ...
    <DECIMAL_NUMERIC_LITERAL> ...
    <BINARY_STRING_LITERAL> ...
    <QUOTED_STRING> ...
    <PREFIXED_STRING_LITERAL> ...
    <UNICODE_STRING_LITERAL> ...
    <LBRACE_D> ...
    <LBRACE_T> ...
    <LBRACE_TS> ...
    <LBRACE_FN> ...
    "?" ...
    "+" ...
    "-" ...
    <BRACKET_QUOTED_IDENTIFIER> ...
    <QUOTED_IDENTIFIER> ...
    <BACK_QUOTED_IDENTIFIER> ...
    <IDENTIFIER> ...
    <UNICODE_QUOTED_IDENTIFIER> ...
    "CAST" ...
    "EXTRACT" ...
    "POSITION" ...
    "CONVERT" ...
    "TRANSLATE" ...
    "OVERLAY" ...
    "FLOOR" ...
    "CEIL" ...
    "CEILING" ...
    "SUBSTRING" ...
    "TRIM" ...
    "{" ...
    "CLASSIFIER" ...
    "MATCH_NUMBER" ...
    "RUNNING" ...
    "PREV" ...
    "JSON_EXISTS" ...
    "JSON_VALUE" ...
    "JSON_QUERY" ...
    "JSON_OBJECT" ...
    "JSON_OBJECTAGG" ...
    "JSON_ARRAY" ...
    "JSON_ARRAYAGG" ...
    "HOP" ...
    "SPECIFIC" ...
    "ABS" ...
    "AVG" ...
    "CARDINALITY" ...
    "CHAR_LENGTH" ...
    "CHARACTER_LENGTH" ...
    "COALESCE" ...
    "COLLECT" ...
    "COVAR_POP" ...
    "COVAR_SAMP" ...
    "CUME_DIST" ...
    "COUNT" ...
    "DENSE_RANK" ...
    "ELEMENT" ...
    "EVERY" ...
    "EXP" ...
    "FIRST_VALUE" ...
    "FUSION" ...
    "INTERSECTION" ...
    "GROUPING" ...
    "HOUR" ...
    "LAG" ...
    "LEAD" ...
    "LEFT" ...
    "LAST_VALUE" ...
    "LN" ...
    "LOWER" ...
    "MAX" ...
    "MIN" ...
    "MINUTE" ...
    "MOD" ...
    "MONTH" ...
    "NTH_VALUE" ...
    "NTILE" ...
    "NULLIF" ...
    "OCTET_LENGTH" ...
    "PERCENT_RANK" ...
    "POWER" ...
    "RANK" ...
    "REGR_COUNT" ...
    "REGR_SXX" ...
    "REGR_SYY" ...
    "RIGHT" ...
    "ROW_NUMBER" ...
    "SECOND" ...
    "SOME" ...
    "SQRT" ...
    "STDDEV_POP" ...
    "STDDEV_SAMP" ...
    "SUM" ...
    "UPPER" ...
    "TRUNCATE" ...
    "VAR_POP" ...
    "VAR_SAMP" ...
    "YEAR" ...
    "YEAR" "(" ...
    
Running query 67...
GROUP BY extensions not supported
Running query 68...
Running query 69...
Hash join failed, reason(s): No equijoin expression found | Cannot fall back to loop join for intermediate join quals
Running query 70...
GROUP BY extensions not supported
Running query 71...
Running query 72...
SQL Error: From line 13, column 108 to line 13, column 124: Cannot apply '+' to arguments of type '<DATE> + <INTEGER>'. Supported form(s): '<NUMERIC> + <NUMERIC>'
'<DATETIME_INTERVAL> + <DATETIME_INTERVAL>'
'<DATETIME> + <DATETIME_INTERVAL>'
'<DATETIME_INTERVAL> + <DATETIME>'
Running query 73...
Running query 74...
SQL Error: Encountered "year" at line 1, column 132.
Was expecting one of:
    <QUOTED_STRING> ...
    <BRACKET_QUOTED_IDENTIFIER> ...
    <QUOTED_IDENTIFIER> ...
    <BACK_QUOTED_IDENTIFIER> ...
    <IDENTIFIER> ...
    <UNICODE_QUOTED_IDENTIFIER> ...
    
Running query 75...
SQL Error: Encountered "year" at line 1, column 1498.
Was expecting one of:
    <QUOTED_STRING> ...
    <BRACKET_QUOTED_IDENTIFIER> ...
    <QUOTED_IDENTIFIER> ...
    <BACK_QUOTED_IDENTIFIER> ...
    <IDENTIFIER> ...
    <UNICODE_QUOTED_IDENTIFIER> ...
    
Running query 76...
Aggregate function $SUM0 not supported
Running query 77...
SQL Error: Encountered "returns" at line 1, column 1913.
Was expecting one of:
    "ABS" ...
    "ALL" ...
    "ARRAY" ...
    "AVG" ...
    "CARDINALITY" ...
    "CASE" ...
    "CAST" ...
    "CEIL" ...
    "CEILING" ...
    "CHAR_LENGTH" ...
    "CHARACTER_LENGTH" ...
    "CLASSIFIER" ...
    "COALESCE" ...
    "COLLECT" ...
    "CONVERT" ...
    "COUNT" ...
    "COVAR_POP" ...
    "COVAR_SAMP" ...
    "CUME_DIST" ...
    "CURRENT" ...
    "CURRENT_CATALOG" ...
    "CURRENT_DATE" ...
    "CURRENT_DEFAULT_TRANSFORM_GROUP" ...
    "CURRENT_PATH" ...
    "CURRENT_ROLE" ...
    "CURRENT_SCHEMA" ...
    "CURRENT_TIME" ...
    "CURRENT_TIMESTAMP" ...
    "CURRENT_USER" ...
    "CURSOR" ...
    "DATE" ...
    "DEFAULT" ...
    "DENSE_RANK" ...
    "DISTINCT" ...
    "ELEMENT" ...
    "EVERY" ...
    "EXISTS" ...
    "EXP" ...
    "EXTRACT" ...
    "FALSE" ...
    "FIRST_VALUE" ...
    "FLOOR" ...
    "FUSION" ...
    "GROUPING" ...
    "HOP" ...
    "HOUR" ...
    "INTERSECTION" ...
    "INTERVAL" ...
    "JSON_ARRAY" ...
    "JSON_ARRAYAGG" ...
    "JSON_EXISTS" ...
    "JSON_OBJECT" ...
    "JSON_OBJECTAGG" ...
    "JSON_QUERY" ...
    "JSON_VALUE" ...
    "LAG" ...
    "LAST_VALUE" ...
    "LEAD" ...
    "LEFT" ...
    "LN" ...
    "LOCALTIME" ...
    "LOCALTIMESTAMP" ...
    "LOWER" ...
    "MATCH_NUMBER" ...
    "MAX" ...
    "MIN" ...
    "MINUTE" ...
    "MOD" ...
    "MONTH" ...
    "MULTISET" ...
    "NEW" ...
    "NEXT" ...
    "NOT" ...
    "NTH_VALUE" ...
    "NTILE" ...
    "NULL" ...
    "NULLIF" ...
    "OCTET_LENGTH" ...
    "OVERLAY" ...
    "PERCENT_RANK" ...
    "PERIOD" ...
    "POSITION" ...
    "POWER" ...
    "PREV" ...
    "RANK" ...
    "REGR_COUNT" ...
    "REGR_SXX" ...
    "REGR_SYY" ...
    "RIGHT" ...
    "ROW" ...
    "ROW_NUMBER" ...
    "RUNNING" ...
    "SECOND" ...
    "SELECT" ...
    "SESSION_USER" ...
    "SOME" ...
    "SPECIFIC" ...
    "SQRT" ...
    "STDDEV_POP" ...
    "STDDEV_SAMP" ...
    "SUBSTRING" ...
    "SUM" ...
    "SYSTEM_USER" ...
    "TABLE" ...
    "TIME" ...
    "TIMESTAMP" ...
    "TRANSLATE" ...
    "TRIM" ...
    "TRUE" ...
    "TRUNCATE" ...
    "UNKNOWN" ...
    "UPPER" ...
    "USER" ...
    "VALUES" ...
    "VAR_POP" ...
    "VAR_SAMP" ...
    "WITH" ...
    "YEAR" ...
    <UNSIGNED_INTEGER_LITERAL> ...
    <APPROX_NUMERIC_LITERAL> ...
    <DECIMAL_NUMERIC_LITERAL> ...
    <BINARY_STRING_LITERAL> ...
    <QUOTED_STRING> ...
    <PREFIXED_STRING_LITERAL> ...
    <UNICODE_STRING_LITERAL> ...
    "(" ...
    <LBRACE_D> ...
    <LBRACE_T> ...
    <LBRACE_TS> ...
    <LBRACE_FN> ...
    "{" ...
    "?" ...
    "+" ...
    "-" ...
    <BRACKET_QUOTED_IDENTIFIER> ...
    <QUOTED_IDENTIFIER> ...
    <BACK_QUOTED_IDENTIFIER> ...
    <IDENTIFIER> ...
    <UNICODE_QUOTED_IDENTIFIER> ...
    "*" ...
    ")" ...
    
Running query 78...
Query would use too much memory
Running query 79...
Running query 80...
SQL Error: Encountered "returns" at line 1, column 1936.
Was expecting one of:
    "ABS" ...
    "ALL" ...
    "ARRAY" ...
    "AVG" ...
    "CARDINALITY" ...
    "CASE" ...
    "CAST" ...
    "CEIL" ...
    "CEILING" ...
    "CHAR_LENGTH" ...
    "CHARACTER_LENGTH" ...
    "CLASSIFIER" ...
    "COALESCE" ...
    "COLLECT" ...
    "CONVERT" ...
    "COUNT" ...
    "COVAR_POP" ...
    "COVAR_SAMP" ...
    "CUME_DIST" ...
    "CURRENT" ...
    "CURRENT_CATALOG" ...
    "CURRENT_DATE" ...
    "CURRENT_DEFAULT_TRANSFORM_GROUP" ...
    "CURRENT_PATH" ...
    "CURRENT_ROLE" ...
    "CURRENT_SCHEMA" ...
    "CURRENT_TIME" ...
    "CURRENT_TIMESTAMP" ...
    "CURRENT_USER" ...
    "CURSOR" ...
    "DATE" ...
    "DEFAULT" ...
    "DENSE_RANK" ...
    "DISTINCT" ...
    "ELEMENT" ...
    "EVERY" ...
    "EXISTS" ...
    "EXP" ...
    "EXTRACT" ...
    "FALSE" ...
    "FIRST_VALUE" ...
    "FLOOR" ...
    "FUSION" ...
    "GROUPING" ...
    "HOP" ...
    "HOUR" ...
    "INTERSECTION" ...
    "INTERVAL" ...
    "JSON_ARRAY" ...
    "JSON_ARRAYAGG" ...
    "JSON_EXISTS" ...
    "JSON_OBJECT" ...
    "JSON_OBJECTAGG" ...
    "JSON_QUERY" ...
    "JSON_VALUE" ...
    "LAG" ...
    "LAST_VALUE" ...
    "LEAD" ...
    "LEFT" ...
    "LN" ...
    "LOCALTIME" ...
    "LOCALTIMESTAMP" ...
    "LOWER" ...
    "MATCH_NUMBER" ...
    "MAX" ...
    "MIN" ...
    "MINUTE" ...
    "MOD" ...
    "MONTH" ...
    "MULTISET" ...
    "NEW" ...
    "NEXT" ...
    "NOT" ...
    "NTH_VALUE" ...
    "NTILE" ...
    "NULL" ...
    "NULLIF" ...
    "OCTET_LENGTH" ...
    "OVERLAY" ...
    "PERCENT_RANK" ...
    "PERIOD" ...
    "POSITION" ...
    "POWER" ...
    "PREV" ...
    "RANK" ...
    "REGR_COUNT" ...
    "REGR_SXX" ...
    "REGR_SYY" ...
    "RIGHT" ...
    "ROW" ...
    "ROW_NUMBER" ...
    "RUNNING" ...
    "SECOND" ...
    "SELECT" ...
    "SESSION_USER" ...
    "SOME" ...
    "SPECIFIC" ...
    "SQRT" ...
    "STDDEV_POP" ...
    "STDDEV_SAMP" ...
    "SUBSTRING" ...
    "SUM" ...
    "SYSTEM_USER" ...
    "TABLE" ...
    "TIME" ...
    "TIMESTAMP" ...
    "TRANSLATE" ...
    "TRIM" ...
    "TRUE" ...
    "TRUNCATE" ...
    "UNKNOWN" ...
    "UPPER" ...
    "USER" ...
    "VALUES" ...
    "VAR_POP" ...
    "VAR_SAMP" ...
    "WITH" ...
    "YEAR" ...
    <UNSIGNED_INTEGER_LITERAL> ...
    <APPROX_NUMERIC_LITERAL> ...
    <DECIMAL_NUMERIC_LITERAL> ...
    <BINARY_STRING_LITERAL> ...
    <QUOTED_STRING> ...
    <PREFIXED_STRING_LITERAL> ...
    <UNICODE_STRING_LITERAL> ...
    "(" ...
    <LBRACE_D> ...
    <LBRACE_T> ...
    <LBRACE_TS> ...
    <LBRACE_FN> ...
    "{" ...
    "?" ...
    "+" ...
    "-" ...
    <BRACKET_QUOTED_IDENTIFIER> ...
    <QUOTED_IDENTIFIER> ...
    <BACK_QUOTED_IDENTIFIER> ...
    <IDENTIFIER> ...
    <UNICODE_QUOTED_IDENTIFIER> ...
    "*" ...
    ")" ...
    
Running query 81...
Running query 82...
Running query 83...
Running query 84...
Error instantiating CONCAT operator. Currently string operations cannot be run on output of a case statement.
Running query 85...
SQL Error: Lexical error at line 1, column 1.  Encountered: "@" (64), after : ""
Running query 86...
GROUP BY extensions not supported
Running query 87...
Node LogicalMinus not supported yet
Running query 88...
Hash join failed, reason(s): No equijoin expression found | Cannot fall back to loop join for intermediate join quals
Running query 89...
Running query 90...
SQL Error: Encountered "at" at line 1, column 441.
Was expecting one of:
    <EOF> 
    "AS" ...
    "EXCEPT" ...
    "FETCH" ...
    "GROUP" ...
    "HAVING" ...
    "INTERSECT" ...
    "LIMIT" ...
    "MATCH_RECOGNIZE" ...
    "OFFSET" ...
    "ORDER" ...
    "MINUS" ...
    "TABLESAMPLE" ...
    "UNION" ...
    "WHERE" ...
    "WINDOW" ...
    <BRACKET_QUOTED_IDENTIFIER> ...
    <QUOTED_IDENTIFIER> ...
    <BACK_QUOTED_IDENTIFIER> ...
    <IDENTIFIER> ...
    <UNICODE_QUOTED_IDENTIFIER> ...
    "NATURAL" ...
    "JOIN" ...
    "INNER" ...
    "LEFT" ...
    "RIGHT" ...
    "FULL" ...
    "CROSS" ...
    "," ...
    "OUTER" ...
    
Running query 91...
Running query 92...
Running query 93...
Running query 94...
Hash join failed, reason(s): No equijoin expression found | Cannot fall back to loop join for intermediate join quals
Running query 95...
Projection query output result set on table(s): web_sales, web_sales  would contain 207869310 rows, which is more than the current system limit of 128000000
Running query 96...
Running query 97...
Join type (full) not supported
Running query 98...
Running query 99...
All queries executed. Time log saved in /home/ubuntu/accelerate-database_queries_using_gpu/src/benchmark_result/g5_xlarge/heavydb/tpc-ds/30gb/run2/query30_execution_times.csv
========== Run 3 ==========
Logging to: /home/ubuntu/accelerate-database_queries_using_gpu/src/benchmark_result/g5_xlarge/heavydb/tpc-ds/30gb/run3
Starting resource usage logging...
Running queries...
Running query 1...
Running query 2...
Running query 3...
Running query 4...
SQL Error: Encountered "SELECT" at line 1, column 22.
Was expecting:
    "(" ...
    
Running query 5...
SQL Error: Encountered "returns" at line 1, column 2574.
Was expecting one of:
    "ABS" ...
    "ALL" ...
    "ARRAY" ...
    "AVG" ...
    "CARDINALITY" ...
    "CASE" ...
    "CAST" ...
    "CEIL" ...
    "CEILING" ...
    "CHAR_LENGTH" ...
    "CHARACTER_LENGTH" ...
    "CLASSIFIER" ...
    "COALESCE" ...
    "COLLECT" ...
    "CONVERT" ...
    "COUNT" ...
    "COVAR_POP" ...
    "COVAR_SAMP" ...
    "CUME_DIST" ...
    "CURRENT" ...
    "CURRENT_CATALOG" ...
    "CURRENT_DATE" ...
    "CURRENT_DEFAULT_TRANSFORM_GROUP" ...
    "CURRENT_PATH" ...
    "CURRENT_ROLE" ...
    "CURRENT_SCHEMA" ...
    "CURRENT_TIME" ...
    "CURRENT_TIMESTAMP" ...
    "CURRENT_USER" ...
    "CURSOR" ...
    "DATE" ...
    "DEFAULT" ...
    "DENSE_RANK" ...
    "DISTINCT" ...
    "ELEMENT" ...
    "EVERY" ...
    "EXISTS" ...
    "EXP" ...
    "EXTRACT" ...
    "FALSE" ...
    "FIRST_VALUE" ...
    "FLOOR" ...
    "FUSION" ...
    "GROUPING" ...
    "HOP" ...
    "HOUR" ...
    "INTERSECTION" ...
    "INTERVAL" ...
    "JSON_ARRAY" ...
    "JSON_ARRAYAGG" ...
    "JSON_EXISTS" ...
    "JSON_OBJECT" ...
    "JSON_OBJECTAGG" ...
    "JSON_QUERY" ...
    "JSON_VALUE" ...
    "LAG" ...
    "LAST_VALUE" ...
    "LEAD" ...
    "LEFT" ...
    "LN" ...
    "LOCALTIME" ...
    "LOCALTIMESTAMP" ...
    "LOWER" ...
    "MATCH_NUMBER" ...
    "MAX" ...
    "MIN" ...
    "MINUTE" ...
    "MOD" ...
    "MONTH" ...
    "MULTISET" ...
    "NEW" ...
    "NEXT" ...
    "NOT" ...
    "NTH_VALUE" ...
    "NTILE" ...
    "NULL" ...
    "NULLIF" ...
    "OCTET_LENGTH" ...
    "OVERLAY" ...
    "PERCENT_RANK" ...
    "PERIOD" ...
    "POSITION" ...
    "POWER" ...
    "PREV" ...
    "RANK" ...
    "REGR_COUNT" ...
    "REGR_SXX" ...
    "REGR_SYY" ...
    "RIGHT" ...
    "ROW" ...
    "ROW_NUMBER" ...
    "RUNNING" ...
    "SECOND" ...
    "SELECT" ...
    "SESSION_USER" ...
    "SOME" ...
    "SPECIFIC" ...
    "SQRT" ...
    "STDDEV_POP" ...
    "STDDEV_SAMP" ...
    "SUBSTRING" ...
    "SUM" ...
    "SYSTEM_USER" ...
    "TABLE" ...
    "TIME" ...
    "TIMESTAMP" ...
    "TRANSLATE" ...
    "TRIM" ...
    "TRUE" ...
    "TRUNCATE" ...
    "UNKNOWN" ...
    "UPPER" ...
    "USER" ...
    "VALUES" ...
    "VAR_POP" ...
    "VAR_SAMP" ...
    "WITH" ...
    "YEAR" ...
    <UNSIGNED_INTEGER_LITERAL> ...
    <APPROX_NUMERIC_LITERAL> ...
    <DECIMAL_NUMERIC_LITERAL> ...
    <BINARY_STRING_LITERAL> ...
    <QUOTED_STRING> ...
    <PREFIXED_STRING_LITERAL> ...
    <UNICODE_STRING_LITERAL> ...
    "(" ...
    <LBRACE_D> ...
    <LBRACE_T> ...
    <LBRACE_TS> ...
    <LBRACE_FN> ...
    "{" ...
    "?" ...
    "+" ...
    "-" ...
    <BRACKET_QUOTED_IDENTIFIER> ...
    <QUOTED_IDENTIFIER> ...
    <BACK_QUOTED_IDENTIFIER> ...
    <IDENTIFIER> ...
    <UNICODE_QUOTED_IDENTIFIER> ...
    "*" ...
    ")" ...
    
Running query 6...
Running query 7...
Running query 8...
SQL Error: From line 8, column 7 to line 8, column 30: No match found for function signature substr(<CHARACTER>, <NUMERIC>, <NUMERIC>)
Running query 9...
Running query 10...
Hash join failed, reason(s): No equijoin expression found | Cannot fall back to loop join for intermediate join quals
Running query 11...
SQL Error: Encountered "SELECT" at line 1, column 22.
Was expecting:
    "(" ...
    
Running query 12...
Running query 13...
Running query 14...
SQL Error: Encountered ", SELECT" at line 2, column 12.
Was expecting one of:
    "AS" ...
    "EXCEPT" ...
    "EXTEND" ...
    "FETCH" ...
    "FOR" ...
    "GROUP" ...
    "HAVING" ...
    "INTERSECT" ...
    "LIMIT" ...
    "MATCH_RECOGNIZE" ...
    "OFFSET" ...
    "ORDER" ...
    "MINUS" ...
    "TABLESAMPLE" ...
    "UNION" ...
    "WHERE" ...
    "WINDOW" ...
    "(" ...
    ")" ...
    <BRACKET_QUOTED_IDENTIFIER> ...
    <QUOTED_IDENTIFIER> ...
    <BACK_QUOTED_IDENTIFIER> ...
    <IDENTIFIER> ...
    <UNICODE_QUOTED_IDENTIFIER> ...
    "/*+" ...
    "NATURAL" ...
    "JOIN" ...
    "INNER" ...
    "LEFT" ...
    "RIGHT" ...
    "FULL" ...
    "CROSS" ...
    "," <IDENTIFIER> ...
    "," <QUOTED_IDENTIFIER> ...
    "," <BACK_QUOTED_IDENTIFIER> ...
    "," <BRACKET_QUOTED_IDENTIFIER> ...
    "," <UNICODE_QUOTED_IDENTIFIER> ...
    "," "LATERAL" ...
    "," "(" ...
    "," "UNNEST" ...
    "," "TABLE" ...
    "OUTER" ...
    "." ...
    
Node LogicalIntersect not supported yet
Running query 15...
SQL Error: From line 6, column 94 to line 6, column 117: No match found for function signature substr(<CHARACTER>, <NUMERIC>, <NUMERIC>)
Running query 16...
Hash join failed, reason(s): No equijoin expression found | Cannot fall back to loop join for intermediate join quals
Running query 17...
Running query 18...
GROUP BY extensions not supported
Running query 19...
SQL Error: From line 8, column 216 to line 8, column 239: No match found for function signature substr(<CHARACTER>, <NUMERIC>, <NUMERIC>)
Running query 20...
Running query 21...
Running query 22...
GROUP BY extensions not supported
Running query 23...
SQL Error: From line 6, column 10 to line 6, column 39: No match found for function signature substr(<CHARACTER>, <NUMERIC>, <NUMERIC>)
SQL Error: From line 6, column 10 to line 6, column 39: No match found for function signature substr(<CHARACTER>, <NUMERIC>, <NUMERIC>)
Running query 24...
Running query 25...
Running query 26...
Running query 27...
GROUP BY extensions not supported
Running query 28...
Hash join failed, reason(s): No equijoin expression found | Cannot fall back to loop join for intermediate join quals
Running query 29...
Running query 30...
Running query 31...
SQL Error: Lexical error at line 1, column 1.  Encountered: "@" (64), after : ""
Running query 32...
Running query 33...
Running query 34...
Running query 35...
Hash join failed, reason(s): No equijoin expression found | Cannot fall back to loop join for intermediate join quals
Running query 36...
GROUP BY extensions not supported
Running query 37...
Running query 38...
Node LogicalIntersect not supported yet
Running query 39...
Aggregate function STDDEV_SAMP not supported
Aggregate function STDDEV_SAMP not supported
Running query 40...
Running query 41...
Running query 42...
Running query 43...
Running query 44...
Scalar sub-query returned no results
Running query 45...
SQL Error: From line 7, column 125 to line 7, column 148: No match found for function signature substr(<CHARACTER>, <NUMERIC>, <NUMERIC>)
Running query 46...
Running query 47...
SQL Error: Lexical error at line 1, column 1.  Encountered: "@" (64), after : ""
Running query 48...
Running query 49...
UNION without ALL is not supported yet.
Running query 50...
Running query 51...
Join type (full) not supported
Running query 52...
Running query 53...
Running query 54...
Running query 55...
Running query 56...
Running query 57...
SQL Error: Lexical error at line 1, column 1.  Encountered: "@" (64), after : ""
Running query 58...
Running query 59...
Running query 60...
Running query 61...
Running query 62...
Running query 63...
Running query 64...
Running query 65...
Running query 66...
SQL Error: Encountered "year ," at line 1, column 98.
Was expecting one of:
    "ARRAY" ...
    "CASE" ...
    "CURRENT" ...
    "CURRENT_CATALOG" ...
    "CURRENT_DATE" ...
    "CURRENT_DEFAULT_TRANSFORM_GROUP" ...
    "CURRENT_PATH" ...
    "CURRENT_ROLE" ...
    "CURRENT_SCHEMA" ...
    "CURRENT_TIME" ...
    "CURRENT_TIMESTAMP" ...
    "CURRENT_USER" ...
    "DATE" ...
    "EXISTS" ...
    "FALSE" ...
    "INTERVAL" ...
    "LOCALTIME" ...
    "LOCALTIMESTAMP" ...
    "MULTISET" ...
    "NEW" ...
    "NEXT" ...
    "NOT" ...
    "NULL" ...
    "PERIOD" ...
    "SESSION_USER" ...
    "SYSTEM_USER" ...
    "TIME" ...
    "TIMESTAMP" ...
    "TRUE" ...
    "UNKNOWN" ...
    "USER" ...
    <UNSIGNED_INTEGER_LITERAL> ...
    <APPROX_NUMERIC_LITERAL> ...
    <DECIMAL_NUMERIC_LITERAL> ...
    <BINARY_STRING_LITERAL> ...
    <QUOTED_STRING> ...
    <PREFIXED_STRING_LITERAL> ...
    <UNICODE_STRING_LITERAL> ...
    <LBRACE_D> ...
    <LBRACE_T> ...
    <LBRACE_TS> ...
    <LBRACE_FN> ...
    "?" ...
    "+" ...
    "-" ...
    <BRACKET_QUOTED_IDENTIFIER> ...
    <QUOTED_IDENTIFIER> ...
    <BACK_QUOTED_IDENTIFIER> ...
    <IDENTIFIER> ...
    <UNICODE_QUOTED_IDENTIFIER> ...
    "CAST" ...
    "EXTRACT" ...
    "POSITION" ...
    "CONVERT" ...
    "TRANSLATE" ...
    "OVERLAY" ...
    "FLOOR" ...
    "CEIL" ...
    "CEILING" ...
    "SUBSTRING" ...
    "TRIM" ...
    "{" ...
    "CLASSIFIER" ...
    "MATCH_NUMBER" ...
    "RUNNING" ...
    "PREV" ...
    "JSON_EXISTS" ...
    "JSON_VALUE" ...
    "JSON_QUERY" ...
    "JSON_OBJECT" ...
    "JSON_OBJECTAGG" ...
    "JSON_ARRAY" ...
    "JSON_ARRAYAGG" ...
    "HOP" ...
    "SPECIFIC" ...
    "ABS" ...
    "AVG" ...
    "CARDINALITY" ...
    "CHAR_LENGTH" ...
    "CHARACTER_LENGTH" ...
    "COALESCE" ...
    "COLLECT" ...
    "COVAR_POP" ...
    "COVAR_SAMP" ...
    "CUME_DIST" ...
    "COUNT" ...
    "DENSE_RANK" ...
    "ELEMENT" ...
    "EVERY" ...
    "EXP" ...
    "FIRST_VALUE" ...
    "FUSION" ...
    "INTERSECTION" ...
    "GROUPING" ...
    "HOUR" ...
    "LAG" ...
    "LEAD" ...
    "LEFT" ...
    "LAST_VALUE" ...
    "LN" ...
    "LOWER" ...
    "MAX" ...
    "MIN" ...
    "MINUTE" ...
    "MOD" ...
    "MONTH" ...
    "NTH_VALUE" ...
    "NTILE" ...
    "NULLIF" ...
    "OCTET_LENGTH" ...
    "PERCENT_RANK" ...
    "POWER" ...
    "RANK" ...
    "REGR_COUNT" ...
    "REGR_SXX" ...
    "REGR_SYY" ...
    "RIGHT" ...
    "ROW_NUMBER" ...
    "SECOND" ...
    "SOME" ...
    "SQRT" ...
    "STDDEV_POP" ...
    "STDDEV_SAMP" ...
    "SUM" ...
    "UPPER" ...
    "TRUNCATE" ...
    "VAR_POP" ...
    "VAR_SAMP" ...
    "YEAR" ...
    "YEAR" "(" ...
    
Running query 67...
GROUP BY extensions not supported
Running query 68...
Running query 69...
Hash join failed, reason(s): No equijoin expression found | Cannot fall back to loop join for intermediate join quals
Running query 70...
GROUP BY extensions not supported
Running query 71...
Running query 72...
SQL Error: From line 13, column 108 to line 13, column 124: Cannot apply '+' to arguments of type '<DATE> + <INTEGER>'. Supported form(s): '<NUMERIC> + <NUMERIC>'
'<DATETIME_INTERVAL> + <DATETIME_INTERVAL>'
'<DATETIME> + <DATETIME_INTERVAL>'
'<DATETIME_INTERVAL> + <DATETIME>'
Running query 73...
Running query 74...
SQL Error: Encountered "year" at line 1, column 132.
Was expecting one of:
    <QUOTED_STRING> ...
    <BRACKET_QUOTED_IDENTIFIER> ...
    <QUOTED_IDENTIFIER> ...
    <BACK_QUOTED_IDENTIFIER> ...
    <IDENTIFIER> ...
    <UNICODE_QUOTED_IDENTIFIER> ...
    
Running query 75...
SQL Error: Encountered "year" at line 1, column 1498.
Was expecting one of:
    <QUOTED_STRING> ...
    <BRACKET_QUOTED_IDENTIFIER> ...
    <QUOTED_IDENTIFIER> ...
    <BACK_QUOTED_IDENTIFIER> ...
    <IDENTIFIER> ...
    <UNICODE_QUOTED_IDENTIFIER> ...
    
Running query 76...
Aggregate function $SUM0 not supported
Running query 77...
SQL Error: Encountered "returns" at line 1, column 1913.
Was expecting one of:
    "ABS" ...
    "ALL" ...
    "ARRAY" ...
    "AVG" ...
    "CARDINALITY" ...
    "CASE" ...
    "CAST" ...
    "CEIL" ...
    "CEILING" ...
    "CHAR_LENGTH" ...
    "CHARACTER_LENGTH" ...
    "CLASSIFIER" ...
    "COALESCE" ...
    "COLLECT" ...
    "CONVERT" ...
    "COUNT" ...
    "COVAR_POP" ...
    "COVAR_SAMP" ...
    "CUME_DIST" ...
    "CURRENT" ...
    "CURRENT_CATALOG" ...
    "CURRENT_DATE" ...
    "CURRENT_DEFAULT_TRANSFORM_GROUP" ...
    "CURRENT_PATH" ...
    "CURRENT_ROLE" ...
    "CURRENT_SCHEMA" ...
    "CURRENT_TIME" ...
    "CURRENT_TIMESTAMP" ...
    "CURRENT_USER" ...
    "CURSOR" ...
    "DATE" ...
    "DEFAULT" ...
    "DENSE_RANK" ...
    "DISTINCT" ...
    "ELEMENT" ...
    "EVERY" ...
    "EXISTS" ...
    "EXP" ...
    "EXTRACT" ...
    "FALSE" ...
    "FIRST_VALUE" ...
    "FLOOR" ...
    "FUSION" ...
    "GROUPING" ...
    "HOP" ...
    "HOUR" ...
    "INTERSECTION" ...
    "INTERVAL" ...
    "JSON_ARRAY" ...
    "JSON_ARRAYAGG" ...
    "JSON_EXISTS" ...
    "JSON_OBJECT" ...
    "JSON_OBJECTAGG" ...
    "JSON_QUERY" ...
    "JSON_VALUE" ...
    "LAG" ...
    "LAST_VALUE" ...
    "LEAD" ...
    "LEFT" ...
    "LN" ...
    "LOCALTIME" ...
    "LOCALTIMESTAMP" ...
    "LOWER" ...
    "MATCH_NUMBER" ...
    "MAX" ...
    "MIN" ...
    "MINUTE" ...
    "MOD" ...
    "MONTH" ...
    "MULTISET" ...
    "NEW" ...
    "NEXT" ...
    "NOT" ...
    "NTH_VALUE" ...
    "NTILE" ...
    "NULL" ...
    "NULLIF" ...
    "OCTET_LENGTH" ...
    "OVERLAY" ...
    "PERCENT_RANK" ...
    "PERIOD" ...
    "POSITION" ...
    "POWER" ...
    "PREV" ...
    "RANK" ...
    "REGR_COUNT" ...
    "REGR_SXX" ...
    "REGR_SYY" ...
    "RIGHT" ...
    "ROW" ...
    "ROW_NUMBER" ...
    "RUNNING" ...
    "SECOND" ...
    "SELECT" ...
    "SESSION_USER" ...
    "SOME" ...
    "SPECIFIC" ...
    "SQRT" ...
    "STDDEV_POP" ...
    "STDDEV_SAMP" ...
    "SUBSTRING" ...
    "SUM" ...
    "SYSTEM_USER" ...
    "TABLE" ...
    "TIME" ...
    "TIMESTAMP" ...
    "TRANSLATE" ...
    "TRIM" ...
    "TRUE" ...
    "TRUNCATE" ...
    "UNKNOWN" ...
    "UPPER" ...
    "USER" ...
    "VALUES" ...
    "VAR_POP" ...
    "VAR_SAMP" ...
    "WITH" ...
    "YEAR" ...
    <UNSIGNED_INTEGER_LITERAL> ...
    <APPROX_NUMERIC_LITERAL> ...
    <DECIMAL_NUMERIC_LITERAL> ...
    <BINARY_STRING_LITERAL> ...
    <QUOTED_STRING> ...
    <PREFIXED_STRING_LITERAL> ...
    <UNICODE_STRING_LITERAL> ...
    "(" ...
    <LBRACE_D> ...
    <LBRACE_T> ...
    <LBRACE_TS> ...
    <LBRACE_FN> ...
    "{" ...
    "?" ...
    "+" ...
    "-" ...
    <BRACKET_QUOTED_IDENTIFIER> ...
    <QUOTED_IDENTIFIER> ...
    <BACK_QUOTED_IDENTIFIER> ...
    <IDENTIFIER> ...
    <UNICODE_QUOTED_IDENTIFIER> ...
    "*" ...
    ")" ...
    
Running query 78...
Query would use too much memory
Running query 79...
Running query 80...
SQL Error: Encountered "returns" at line 1, column 1936.
Was expecting one of:
    "ABS" ...
    "ALL" ...
    "ARRAY" ...
    "AVG" ...
    "CARDINALITY" ...
    "CASE" ...
    "CAST" ...
    "CEIL" ...
    "CEILING" ...
    "CHAR_LENGTH" ...
    "CHARACTER_LENGTH" ...
    "CLASSIFIER" ...
    "COALESCE" ...
    "COLLECT" ...
    "CONVERT" ...
    "COUNT" ...
    "COVAR_POP" ...
    "COVAR_SAMP" ...
    "CUME_DIST" ...
    "CURRENT" ...
    "CURRENT_CATALOG" ...
    "CURRENT_DATE" ...
    "CURRENT_DEFAULT_TRANSFORM_GROUP" ...
    "CURRENT_PATH" ...
    "CURRENT_ROLE" ...
    "CURRENT_SCHEMA" ...
    "CURRENT_TIME" ...
    "CURRENT_TIMESTAMP" ...
    "CURRENT_USER" ...
    "CURSOR" ...
    "DATE" ...
    "DEFAULT" ...
    "DENSE_RANK" ...
    "DISTINCT" ...
    "ELEMENT" ...
    "EVERY" ...
    "EXISTS" ...
    "EXP" ...
    "EXTRACT" ...
    "FALSE" ...
    "FIRST_VALUE" ...
    "FLOOR" ...
    "FUSION" ...
    "GROUPING" ...
    "HOP" ...
    "HOUR" ...
    "INTERSECTION" ...
    "INTERVAL" ...
    "JSON_ARRAY" ...
    "JSON_ARRAYAGG" ...
    "JSON_EXISTS" ...
    "JSON_OBJECT" ...
    "JSON_OBJECTAGG" ...
    "JSON_QUERY" ...
    "JSON_VALUE" ...
    "LAG" ...
    "LAST_VALUE" ...
    "LEAD" ...
    "LEFT" ...
    "LN" ...
    "LOCALTIME" ...
    "LOCALTIMESTAMP" ...
    "LOWER" ...
    "MATCH_NUMBER" ...
    "MAX" ...
    "MIN" ...
    "MINUTE" ...
    "MOD" ...
    "MONTH" ...
    "MULTISET" ...
    "NEW" ...
    "NEXT" ...
    "NOT" ...
    "NTH_VALUE" ...
    "NTILE" ...
    "NULL" ...
    "NULLIF" ...
    "OCTET_LENGTH" ...
    "OVERLAY" ...
    "PERCENT_RANK" ...
    "PERIOD" ...
    "POSITION" ...
    "POWER" ...
    "PREV" ...
    "RANK" ...
    "REGR_COUNT" ...
    "REGR_SXX" ...
    "REGR_SYY" ...
    "RIGHT" ...
    "ROW" ...
    "ROW_NUMBER" ...
    "RUNNING" ...
    "SECOND" ...
    "SELECT" ...
    "SESSION_USER" ...
    "SOME" ...
    "SPECIFIC" ...
    "SQRT" ...
    "STDDEV_POP" ...
    "STDDEV_SAMP" ...
    "SUBSTRING" ...
    "SUM" ...
    "SYSTEM_USER" ...
    "TABLE" ...
    "TIME" ...
    "TIMESTAMP" ...
    "TRANSLATE" ...
    "TRIM" ...
    "TRUE" ...
    "TRUNCATE" ...
    "UNKNOWN" ...
    "UPPER" ...
    "USER" ...
    "VALUES" ...
    "VAR_POP" ...
    "VAR_SAMP" ...
    "WITH" ...
    "YEAR" ...
    <UNSIGNED_INTEGER_LITERAL> ...
    <APPROX_NUMERIC_LITERAL> ...
    <DECIMAL_NUMERIC_LITERAL> ...
    <BINARY_STRING_LITERAL> ...
    <QUOTED_STRING> ...
    <PREFIXED_STRING_LITERAL> ...
    <UNICODE_STRING_LITERAL> ...
    "(" ...
    <LBRACE_D> ...
    <LBRACE_T> ...
    <LBRACE_TS> ...
    <LBRACE_FN> ...
    "{" ...
    "?" ...
    "+" ...
    "-" ...
    <BRACKET_QUOTED_IDENTIFIER> ...
    <QUOTED_IDENTIFIER> ...
    <BACK_QUOTED_IDENTIFIER> ...
    <IDENTIFIER> ...
    <UNICODE_QUOTED_IDENTIFIER> ...
    "*" ...
    ")" ...
    
Running query 81...
Running query 82...
Running query 83...
Running query 84...
Error instantiating CONCAT operator. Currently string operations cannot be run on output of a case statement.
Running query 85...
SQL Error: Lexical error at line 1, column 1.  Encountered: "@" (64), after : ""
Running query 86...
GROUP BY extensions not supported
Running query 87...
Node LogicalMinus not supported yet
Running query 88...
Hash join failed, reason(s): No equijoin expression found | Cannot fall back to loop join for intermediate join quals
Running query 89...
Running query 90...
SQL Error: Encountered "at" at line 1, column 441.
Was expecting one of:
    <EOF> 
    "AS" ...
    "EXCEPT" ...
    "FETCH" ...
    "GROUP" ...
    "HAVING" ...
    "INTERSECT" ...
    "LIMIT" ...
    "MATCH_RECOGNIZE" ...
    "OFFSET" ...
    "ORDER" ...
    "MINUS" ...
    "TABLESAMPLE" ...
    "UNION" ...
    "WHERE" ...
    "WINDOW" ...
    <BRACKET_QUOTED_IDENTIFIER> ...
    <QUOTED_IDENTIFIER> ...
    <BACK_QUOTED_IDENTIFIER> ...
    <IDENTIFIER> ...
    <UNICODE_QUOTED_IDENTIFIER> ...
    "NATURAL" ...
    "JOIN" ...
    "INNER" ...
    "LEFT" ...
    "RIGHT" ...
    "FULL" ...
    "CROSS" ...
    "," ...
    "OUTER" ...
    
Running query 91...
Running query 92...
Running query 93...
Running query 94...
Hash join failed, reason(s): No equijoin expression found | Cannot fall back to loop join for intermediate join quals
Running query 95...
Projection query output result set on table(s): web_sales, web_sales  would contain 207869310 rows, which is more than the current system limit of 128000000
Running query 96...
Running query 97...
Join type (full) not supported
Running query 98...
Running query 99...
All queries executed. Time log saved in /home/ubuntu/accelerate-database_queries_using_gpu/src/benchmark_result/g5_xlarge/heavydb/tpc-ds/30gb/run3/query30_execution_times.csv
 All 3 runs completed successfully.
 Process completed successfully!
