Query 1 - Time: 541 ms
13:25:36, 13.69%, 1%, 5.80 Gb, 3.72 Gb, 9.36 W
13:25:36, 17.88%, 1%, 5.83 Gb, 3.72 Gb, 9.95 W
13:25:36, 22.28%, 3%, 5.90 Gb, 3.72 Gb, 9.95 W
13:25:36, 24.91%, 3%, 5.95 Gb, 3.72 Gb, 10.56 W
13:25:36, 29.31%, 3%, 5.96 Gb, 3.72 Gb, 10.56 W
13:25:36, 33.79%, 3%, 5.97 Gb, 3.72 Gb, 11.06 W
13:25:37, 37.06%, 6%, 5.97 Gb, 3.72 Gb, 11.06 W
13:25:37, 40.29%, 6%, 5.99 Gb, 3.72 Gb, 11.02 W
13:25:37, 44.97%, 6%, 6.00 Gb, 3.72 Gb, 11.02 W
13:25:37, 49.03%, 6%, 6.04 Gb, 3.72 Gb, 10.99 W
13:25:37, 53.54%, 0%, 6.11 Gb, 3.72 Gb, 10.99 W
13:25:37, 56.13%, 0%, 6.15 Gb, 3.72 Gb, 10.90 W
13:25:37, 60.62%, 0%, 6.16 Gb, 3.72 Gb, 10.90 W
13:25:37, 65.41%, 0%, 6.17 Gb, 3.72 Gb, 10.90 W
Query 2 - Time: 811 ms
13:25:37, 66.06%, 4%, 5.96 Gb, 3.72 Gb, 10.90 W
13:25:37, 66.37%, 4%, 5.94 Gb, 3.72 Gb, 10.88 W
13:25:37, 66.77%, 4%, 5.93 Gb, 3.72 Gb, 10.88 W
13:25:37, 67.19%, 4%, 5.91 Gb, 3.72 Gb, 10.87 W
13:25:37, 67.31%, 1%, 5.89 Gb, 3.72 Gb, 10.87 W
13:25:37, 64.93%, 1%, 5.93 Gb, 3.72 Gb, 10.94 W
13:25:37, 61.07%, 1%, 6.01 Gb, 3.72 Gb, 10.94 W
13:25:37, 56.41%, 1%, 6.08 Gb, 3.72 Gb, 10.96 W
13:25:37, 53.86%, 23%, 6.12 Gb, 3.72 Gb, 10.96 W
Query 3 - Time: 256 ms
13:25:37, 49.78%, 23%, 5.89 Gb, 3.72 Gb, 10.99 W
13:25:37, 45.40%, 23%, 5.91 Gb, 3.72 Gb, 10.99 W
13:25:37, 41.21%, 23%, 5.92 Gb, 3.72 Gb, 11.00 W
13:25:38, 38.81%, 2%, 5.92 Gb, 3.72 Gb, 11.00 W
Query 4 - Time:  ms
13:25:38, 34.59%, 2%, 5.93 Gb, 3.72 Gb, 10.94 W
13:25:38, 30.88%, 2%, 5.93 Gb, 3.72 Gb, 10.94 W
13:25:38, 26.45%, 2%, 5.91 Gb, 3.72 Gb, 10.95 W
Query 5 - Time:  ms
13:25:38, 23.26%, 1%, 5.90 Gb, 3.72 Gb, 10.96 W
13:25:38, 19.40%, 1%, 5.90 Gb, 3.72 Gb, 10.96 W
13:25:38, 14.37%, 1%, 5.90 Gb, 3.72 Gb, 10.98 W
13:25:38, 13.90%, 1%, 5.88 Gb, 3.72 Gb, 10.98 W
13:25:38, 14.02%, 1%, 5.89 Gb, 3.72 Gb, 10.95 W
Query 6 - Time: 51 ms
13:25:38, 14.08%, 1%, 5.91 Gb, 3.72 Gb, 10.95 W
13:25:38, 14.08%, 1%, 5.91 Gb, 3.72 Gb, 11.01 W
13:25:38, 14.05%, 4%, 5.90 Gb, 3.72 Gb, 11.01 W
13:25:38, 13.70%, 4%, 5.89 Gb, 3.72 Gb, 11.01 W
13:25:38, 13.96%, 4%, 5.87 Gb, 3.72 Gb, 11.01 W
Query 7 - Time: 67 ms
13:25:38, 14.17%, 4%, 5.87 Gb, 3.72 Gb, 11.03 W
13:25:38, 14.13%, 11%, 5.84 Gb, 3.72 Gb, 11.03 W
13:25:38, 14.18%, 11%, 5.83 Gb, 3.72 Gb, 11.00 W
13:25:38, 14.24%, 11%, 5.83 Gb, 3.72 Gb, 11.00 W
Query 8 - Time:  ms
13:25:38, 14.25%, 11%, 5.83 Gb, 3.72 Gb, 10.99 W
13:25:39, 14.15%, 1%, 5.83 Gb, 3.72 Gb, 10.99 W
13:25:39, 14.38%, 1%, 5.83 Gb, 3.72 Gb, 10.99 W
13:25:39, 14.12%, 1%, 5.83 Gb, 3.72 Gb, 10.99 W
13:25:39, 13.75%, 1%, 5.84 Gb, 3.72 Gb, 11.00 W
Query 9 - Time: 71 ms
13:25:39, 14.29%, 1%, 5.85 Gb, 3.72 Gb, 11.00 W
13:25:39, 14.24%, 1%, 5.86 Gb, 3.72 Gb, 11.08 W
13:25:39, 14.23%, 1%, 5.84 Gb, 3.72 Gb, 11.08 W
13:25:39, 14.52%, 1%, 5.84 Gb, 3.72 Gb, 11.09 W
13:25:39, 14.46%, 5%, 5.84 Gb, 3.72 Gb, 11.09 W
13:25:39, 14.49%, 5%, 5.83 Gb, 3.72 Gb, 11.09 W
13:25:39, 14.43%, 5%, 5.83 Gb, 3.72 Gb, 11.09 W
13:25:39, 14.70%, 5%, 5.83 Gb, 3.72 Gb, 11.12 W
13:25:39, 15.44%, 2%, 5.85 Gb, 3.72 Gb, 11.07 W
13:25:39, 19.79%, 2%, 5.84 Gb, 3.72 Gb, 11.07 W
13:25:39, 24.15%, 2%, 5.84 Gb, 3.72 Gb, 11.11 W
Query 10 - Time:  ms
13:25:39, 26.96%, 2%, 5.85 Gb, 3.72 Gb, 11.11 W
13:25:39, 29.79%, 6%, 5.87 Gb, 3.72 Gb, 11.11 W
13:25:39, 31.19%, 6%, 5.86 Gb, 3.72 Gb, 11.03 W
13:25:39, 31.18%, 6%, 5.86 Gb, 3.72 Gb, 11.03 W
13:25:40, 31.07%, 6%, 5.86 Gb, 3.72 Gb, 11.04 W
Query 11 - Time:  ms
13:25:40, 31.07%, 2%, 5.86 Gb, 3.72 Gb, 11.04 W
13:25:40, 31.66%, 2%, 5.88 Gb, 3.72 Gb, 11.04 W
13:25:40, 31.70%, 2%, 5.86 Gb, 3.72 Gb, 11.04 W
13:25:40, 31.70%, 1%, 5.86 Gb, 3.72 Gb, 11.04 W
Query 12 - Time:  ms
13:25:40, 31.17%, 1%, 5.86 Gb, 3.72 Gb, 11.04 W
13:25:40, 31.25%, 1%, 5.86 Gb, 3.72 Gb, 11.05 W
13:25:40, 31.02%, 1%, 5.86 Gb, 3.72 Gb, 11.05 W
13:25:40, 30.94%, 1%, 5.86 Gb, 3.72 Gb, 10.97 W
Query 13 - Time: 38 ms
13:25:40, 31.17%, 1%, 5.86 Gb, 3.72 Gb, 11.11 W
13:25:40, 30.92%, 1%, 5.86 Gb, 3.72 Gb, 11.11 W
13:25:40, 30.79%, 1%, 5.86 Gb, 3.72 Gb, 11.11 W
13:25:40, 30.74%, 8%, 5.85 Gb, 3.72 Gb, 11.11 W
13:25:40, 27.96%, 8%, 5.85 Gb, 3.72 Gb, 11.08 W
13:25:40, 24.17%, 8%, 5.87 Gb, 3.72 Gb, 11.08 W
Query 14 - Time:  ms
13:25:40, 20.72%, 8%, 5.87 Gb, 3.72 Gb, 11.07 W
13:25:40, 19.04%, 1%, 5.86 Gb, 3.72 Gb, 11.07 W
13:25:40, 16.38%, 1%, 5.85 Gb, 3.72 Gb, 11.04 W
13:25:40, 16.37%, 1%, 5.84 Gb, 3.72 Gb, 11.04 W
Query 15 - Time:  ms
13:25:40, 16.30%, 1%, 5.86 Gb, 3.72 Gb, 11.03 W
13:25:41, 16.58%, 0%, 5.85 Gb, 3.72 Gb, 11.03 W
13:25:41, 16.31%, 0%, 5.86 Gb, 3.72 Gb, 11.03 W
Query 16 - Time:  ms
13:25:41, 16.15%, 0%, 5.87 Gb, 3.72 Gb, 11.03 W
13:25:41, 16.18%, 0%, 5.89 Gb, 3.72 Gb, 11.02 W
13:25:41, 16.48%, 1%, 5.88 Gb, 3.72 Gb, 11.02 W
13:25:41, 16.23%, 1%, 5.87 Gb, 3.72 Gb, 11.01 W
13:25:41, 16.22%, 1%, 5.86 Gb, 3.72 Gb, 11.01 W
13:25:41, 16.75%, 1%, 5.87 Gb, 3.72 Gb, 11.28 W
13:25:41, 17.14%, 9%, 5.88 Gb, 3.72 Gb, 11.28 W
13:25:41, 17.22%, 9%, 5.97 Gb, 3.72 Gb, 11.64 W
13:25:41, 17.62%, 9%, 6.06 Gb, 3.72 Gb, 11.64 W
13:25:41, 18.01%, 9%, 6.08 Gb, 3.72 Gb, 11.53 W
13:25:41, 18.24%, 27%, 5.91 Gb, 3.72 Gb, 11.53 W
Query 17 - Time: 345 ms
13:25:41, 18.40%, 27%, 5.88 Gb, 3.72 Gb, 12.10 W
13:25:41, 17.85%, 27%, 5.87 Gb, 3.72 Gb, 12.10 W
13:25:41, 16.60%, 15%, 5.87 Gb, 3.72 Gb, 12.11 W
13:25:41, 16.49%, 15%, 5.87 Gb, 3.72 Gb, 12.11 W
Query 18 - Time:  ms
13:25:41, 16.26%, 15%, 5.87 Gb, 3.72 Gb, 12.12 W
13:25:41, 16.81%, 15%, 5.87 Gb, 3.72 Gb, 12.12 W
13:25:42, 16.88%, 1%, 5.87 Gb, 3.72 Gb, 12.13 W
13:25:42, 16.60%, 1%, 5.88 Gb, 3.72 Gb, 12.13 W
Query 19 - Time:  ms
13:25:42, 16.66%, 1%, 5.90 Gb, 3.72 Gb, 12.14 W
13:25:42, 16.82%, 1%, 5.90 Gb, 3.72 Gb, 12.14 W
13:25:42, 16.57%, 1%, 5.90 Gb, 3.72 Gb, 12.14 W
13:25:42, 16.45%, 1%, 5.90 Gb, 3.72 Gb, 12.15 W
Query 20 - Time:  ms
13:25:42, 16.46%, 1%, 5.92 Gb, 3.72 Gb, 12.15 W
13:25:42, 16.71%, 1%, 5.91 Gb, 3.72 Gb, 12.16 W
13:25:42, 15.97%, 1%, 5.89 Gb, 3.72 Gb, 12.16 W
13:25:42, 15.69%, 1%, 5.90 Gb, 3.72 Gb, 11.89 W
Query 21 - Time:  ms
13:25:42, 15.30%, 1%, 5.89 Gb, 3.72 Gb, 11.89 W
13:25:42, 15.01%, 1%, 5.88 Gb, 3.72 Gb, 11.53 W
13:25:42, 14.56%, 1%, 5.85 Gb, 3.72 Gb, 11.53 W
13:25:42, 14.33%, 1%, 5.86 Gb, 3.72 Gb, 11.51 W
Query 22 - Time:  ms
13:25:42, 14.00%, 1%, 5.86 Gb, 3.72 Gb, 11.51 W
13:25:42, 13.74%, 1%, 5.88 Gb, 3.72 Gb, 10.94 W
13:25:42, 13.66%, 1%, 5.87 Gb, 3.72 Gb, 10.94 W
13:25:42, 13.74%, 1%, 5.87 Gb, 3.72 Gb, 10.93 W
Query 23 - Time:  ms
13:25:42, 13.63%, 1%, 5.87 Gb, 3.72 Gb, 10.93 W
13:25:42, 13.40%, 1%, 5.88 Gb, 3.72 Gb, 10.94 W
13:25:43, 13.95%, 1%, 5.89 Gb, 3.72 Gb, 10.94 W
13:25:43, 14.39%, 1%, 5.89 Gb, 3.72 Gb, 10.94 W
13:25:43, 14.62%, 1%, 5.88 Gb, 3.72 Gb, 10.94 W
13:25:43, 15.30%, 1%, 5.88 Gb, 3.72 Gb, 10.96 W
13:25:43, 15.52%, 1%, 5.87 Gb, 3.72 Gb, 10.96 W
13:25:43, 15.82%, 1%, 5.86 Gb, 3.72 Gb, 10.95 W
13:25:43, 16.26%, 1%, 5.87 Gb, 3.72 Gb, 10.95 W
13:25:43, 16.37%, 1%, 5.87 Gb, 3.72 Gb, 10.95 W
13:25:43, 16.70%, 0%, 5.87 Gb, 3.72 Gb, 10.95 W
13:25:43, 17.01%, 0%, 5.88 Gb, 3.72 Gb, 10.96 W
13:25:43, 17.36%, 0%, 5.87 Gb, 3.72 Gb, 10.96 W
13:25:43, 17.68%, 0%, 5.88 Gb, 3.72 Gb, 10.96 W
13:25:43, 17.94%, 0%, 5.88 Gb, 3.72 Gb, 10.96 W
13:25:43, 18.38%, 0%, 5.88 Gb, 3.72 Gb, 10.99 W
13:25:43, 18.78%, 0%, 5.87 Gb, 3.72 Gb, 10.99 W
13:25:43, 18.78%, 0%, 5.85 Gb, 3.72 Gb, 11.00 W
13:25:43, 18.99%, 1%, 5.85 Gb, 3.72 Gb, 11.00 W
13:25:43, 18.69%, 1%, 5.85 Gb, 3.72 Gb, 10.99 W
13:25:43, 18.74%, 1%, 5.87 Gb, 3.72 Gb, 10.99 W
13:25:44, 18.38%, 1%, 5.87 Gb, 3.72 Gb, 10.99 W
13:25:44, 17.92%, 0%, 5.86 Gb, 3.72 Gb, 10.99 W
13:25:44, 17.53%, 0%, 5.84 Gb, 3.72 Gb, 10.99 W
13:25:44, 17.23%, 0%, 5.85 Gb, 3.72 Gb, 10.99 W
13:25:44, 16.73%, 2%, 5.84 Gb, 3.72 Gb, 11.01 W
13:25:44, 16.43%, 2%, 5.86 Gb, 3.72 Gb, 11.01 W
13:25:44, 16.10%, 2%, 5.85 Gb, 3.72 Gb, 11.02 W
13:25:44, 15.79%, 2%, 5.84 Gb, 3.72 Gb, 11.02 W
13:25:44, 15.46%, 1%, 5.84 Gb, 3.72 Gb, 11.02 W
Query 24 - Time: 944
365 ms
13:25:44, 15.37%, 1%, 5.83 Gb, 3.72 Gb, 11.02 W
13:25:44, 15.02%, 1%, 5.85 Gb, 3.72 Gb, 11.03 W
13:25:44, 14.84%, 1%, 5.83 Gb, 3.72 Gb, 11.02 W
13:25:44, 14.53%, 1%, 5.85 Gb, 3.72 Gb, 11.02 W
13:25:44, 14.09%, 1%, 5.85 Gb, 3.72 Gb, 11.13 W
13:25:44, 14.02%, 1%, 5.85 Gb, 3.72 Gb, 11.13 W
13:25:44, 13.75%, 1%, 5.86 Gb, 3.72 Gb, 11.63 W
13:25:44, 13.63%, 24%, 5.96 Gb, 3.72 Gb, 11.63 W
13:25:44, 13.61%, 24%, 6.04 Gb, 3.72 Gb, 11.65 W
13:25:44, 13.52%, 24%, 6.05 Gb, 3.72 Gb, 11.65 W
Query 25 - Time: 310 ms
13:25:44, 13.49%, 24%, 5.86 Gb, 3.72 Gb, 12.24 W
13:25:45, 13.62%, 24%, 5.86 Gb, 3.72 Gb, 12.24 W
13:25:45, 13.73%, 24%, 5.86 Gb, 3.72 Gb, 12.25 W
13:25:45, 13.80%, 24%, 5.87 Gb, 3.72 Gb, 12.25 W
13:25:45, 13.59%, 24%, 5.87 Gb, 3.72 Gb, 12.25 W
Query 26 - Time: 45 ms
13:25:45, 13.48%, 1%, 5.89 Gb, 3.72 Gb, 12.25 W
13:25:45, 13.65%, 1%, 5.88 Gb, 3.72 Gb, 12.33 W
13:25:45, 13.65%, 1%, 5.87 Gb, 3.72 Gb, 12.33 W
13:25:45, 13.71%, 1%, 5.86 Gb, 3.72 Gb, 12.30 W
Query 27 - Time:  ms
13:25:45, 13.86%, 7%, 5.86 Gb, 3.72 Gb, 12.30 W
13:25:45, 13.59%, 7%, 5.86 Gb, 3.72 Gb, 12.31 W
13:25:45, 13.69%, 7%, 5.86 Gb, 3.72 Gb, 12.31 W
13:25:45, 13.41%, 7%, 5.86 Gb, 3.72 Gb, 12.30 W
13:25:45, 13.46%, 1%, 5.84 Gb, 3.72 Gb, 12.30 W
Query 28 - Time:  ms
13:25:45, 13.78%, 1%, 5.84 Gb, 3.72 Gb, 12.39 W
13:25:45, 13.63%, 1%, 5.87 Gb, 3.72 Gb, 12.39 W
13:25:45, 13.52%, 1%, 5.86 Gb, 3.72 Gb, 12.29 W
13:25:45, 13.57%, 4%, 5.86 Gb, 3.72 Gb, 12.29 W
13:25:45, 13.67%, 4%, 5.87 Gb, 3.72 Gb, 11.80 W
13:25:45, 13.80%, 4%, 5.90 Gb, 3.72 Gb, 11.80 W
13:25:46, 14.19%, 4%, 6.00 Gb, 3.72 Gb, 12.38 W
13:25:46, 14.19%, 23%, 6.08 Gb, 3.72 Gb, 12.38 W
13:25:46, 14.03%, 23%, 6.12 Gb, 3.72 Gb, 11.84 W
13:25:46, 14.09%, 23%, 6.04 Gb, 3.72 Gb, 11.84 W
Query 29 - Time: 323 ms
13:25:46, 14.07%, 23%, 5.87 Gb, 3.72 Gb, 12.41 W
13:25:46, 14.24%, 24%, 5.87 Gb, 3.72 Gb, 12.41 W
13:25:46, 14.08%, 24%, 5.87 Gb, 3.72 Gb, 12.42 W
13:25:46, 14.26%, 24%, 5.86 Gb, 3.72 Gb, 12.42 W
Query 30 - Time:  ms
13:25:46, 14.18%, 1%, 5.85 Gb, 3.72 Gb, 12.31 W
13:25:46, 13.99%, 1%, 5.87 Gb, 3.72 Gb, 12.31 W
13:25:46, 13.91%, 1%, 5.88 Gb, 3.72 Gb, 12.32 W
13:25:46, 13.86%, 1%, 5.87 Gb, 3.72 Gb, 12.32 W
Query 31 - Time:  ms
13:25:46, 13.85%, 1%, 5.88 Gb, 3.72 Gb, 12.32 W
13:25:46, 13.90%, 1%, 5.88 Gb, 3.72 Gb, 12.32 W
13:25:46, 13.86%, 1%, 5.89 Gb, 3.72 Gb, 12.33 W
13:25:46, 13.91%, 1%, 5.89 Gb, 3.72 Gb, 12.33 W
Query 32 - Time:  ms
13:25:46, 13.87%, 1%, 5.91 Gb, 3.72 Gb, 12.25 W
13:25:46, 14.29%, 1%, 5.91 Gb, 3.72 Gb, 12.25 W
13:25:46, 14.18%, 1%, 5.90 Gb, 3.72 Gb, 12.25 W
13:25:46, 13.91%, 1%, 5.90 Gb, 3.72 Gb, 12.23 W
13:25:47, 13.69%, 1%, 5.90 Gb, 3.72 Gb, 12.23 W
Query 33 - Time: 65 ms
13:25:47, 14.01%, 1%, 5.89 Gb, 3.72 Gb, 11.70 W
13:25:47, 14.55%, 1%, 5.89 Gb, 3.72 Gb, 11.70 W
13:25:47, 14.71%, 1%, 5.88 Gb, 3.72 Gb, 11.66 W
13:25:47, 14.93%, 5%, 5.90 Gb, 3.72 Gb, 11.66 W
13:25:47, 14.72%, 5%, 5.91 Gb, 3.72 Gb, 11.14 W
13:25:47, 14.96%, 5%, 5.93 Gb, 3.72 Gb, 11.14 W
13:25:47, 15.48%, 5%, 6.02 Gb, 3.72 Gb, 11.17 W
13:25:47, 15.85%, 15%, 6.11 Gb, 3.72 Gb, 11.17 W
13:25:47, 15.92%, 15%, 6.13 Gb, 3.72 Gb, 11.20 W
Query 34 - Time: 261 ms
13:25:47, 15.98%, 15%, 5.88 Gb, 3.72 Gb, 11.20 W
13:25:47, 15.85%, 15%, 5.88 Gb, 3.72 Gb, 11.23 W
13:25:47, 16.10%, 8%, 5.88 Gb, 3.72 Gb, 11.23 W
13:25:47, 15.89%, 8%, 5.88 Gb, 3.72 Gb, 11.23 W
13:25:47, 15.97%, 8%, 5.86 Gb, 3.72 Gb, 11.23 W
13:25:47, 16.25%, 8%, 5.86 Gb, 3.72 Gb, 11.22 W
13:25:47, 16.23%, 0%, 5.86 Gb, 3.72 Gb, 11.22 W
13:25:47, 16.92%, 0%, 5.88 Gb, 3.72 Gb, 11.24 W
13:25:47, 20.78%, 0%, 5.89 Gb, 3.72 Gb, 11.22 W
13:25:48, 25.58%, 4%, 5.91 Gb, 3.72 Gb, 11.22 W
13:25:48, 28.55%, 4%, 5.93 Gb, 3.72 Gb, 11.24 W
Query 35 - Time:  ms
13:25:48, 31.03%, 4%, 5.92 Gb, 3.72 Gb, 11.24 W
13:25:48, 31.72%, 4%, 5.90 Gb, 3.72 Gb, 11.24 W
13:25:48, 31.32%, 4%, 5.90 Gb, 3.72 Gb, 11.17 W
13:25:48, 31.23%, 5%, 5.90 Gb, 3.72 Gb, 11.17 W
Query 36 - Time:  ms
13:25:48, 31.27%, 5%, 5.91 Gb, 3.72 Gb, 11.17 W
13:25:48, 31.23%, 5%, 5.92 Gb, 3.72 Gb, 11.17 W
13:25:48, 30.86%, 5%, 5.90 Gb, 3.72 Gb, 11.11 W
13:25:48, 30.66%, 1%, 5.91 Gb, 3.72 Gb, 11.11 W
Query 37 - Time:  ms
13:25:48, 30.62%, 1%, 5.90 Gb, 3.72 Gb, 11.06 W
13:25:48, 30.90%, 1%, 5.90 Gb, 3.72 Gb, 11.06 W
13:25:48, 30.56%, 1%, 5.90 Gb, 3.72 Gb, 11.03 W
Query 38 - Time:  ms
13:25:48, 30.60%, 1%, 5.91 Gb, 3.72 Gb, 11.03 W
13:25:48, 30.73%, 1%, 5.89 Gb, 3.72 Gb, 10.99 W
13:25:48, 31.15%, 1%, 5.90 Gb, 3.72 Gb, 10.99 W
13:25:48, 30.59%, 1%, 5.88 Gb, 3.72 Gb, 10.98 W
Query 39 - Time:  ms
13:25:48, 30.59%, 1%, 5.88 Gb, 3.72 Gb, 10.98 W
13:25:48, 27.91%, 1%, 5.88 Gb, 3.72 Gb, 10.98 W
13:25:48, 23.66%, 1%, 5.88 Gb, 3.72 Gb, 10.95 W
13:25:49, 18.85%, 1%, 5.90 Gb, 3.72 Gb, 10.95 W
Query 40 - Time:  ms
13:25:49, 16.68%, 1%, 5.90 Gb, 3.72 Gb, 10.95 W
13:25:49, 14.07%, 1%, 5.89 Gb, 3.72 Gb, 10.95 W
13:25:49, 14.02%, 1%, 5.90 Gb, 3.72 Gb, 10.92 W
13:25:49, 14.13%, 1%, 5.90 Gb, 3.72 Gb, 10.92 W
13:25:49, 14.15%, 1%, 5.89 Gb, 3.72 Gb, 10.91 W
Query 41 - Time: 44 ms
13:25:49, 14.22%, 1%, 5.88 Gb, 3.72 Gb, 10.91 W
13:25:49, 14.10%, 1%, 5.87 Gb, 3.72 Gb, 10.92 W
13:25:49, 14.11%, 2%, 5.87 Gb, 3.72 Gb, 10.92 W
13:25:49, 14.03%, 2%, 5.89 Gb, 3.72 Gb, 10.91 W
Query 42 - Time: 10 ms
13:25:49, 14.15%, 2%, 5.87 Gb, 3.72 Gb, 10.91 W
13:25:49, 14.09%, 2%, 5.85 Gb, 3.72 Gb, 10.94 W
13:25:49, 14.04%, 2%, 5.85 Gb, 3.72 Gb, 10.94 W
13:25:49, 14.00%, 2%, 5.85 Gb, 3.72 Gb, 10.94 W
Query 43 - Time: 13 ms
13:25:49, 13.92%, 2%, 5.85 Gb, 3.72 Gb, 10.94 W
13:25:49, 13.99%, 2%, 5.85 Gb, 3.72 Gb, 10.96 W
13:25:49, 14.29%, 1%, 5.84 Gb, 3.72 Gb, 10.96 W
13:25:49, 14.12%, 1%, 5.85 Gb, 3.72 Gb, 10.97 W
Query 44 - Time:  ms
13:25:49, 14.14%, 1%, 5.86 Gb, 3.72 Gb, 10.97 W
13:25:49, 14.36%, 1%, 5.88 Gb, 3.72 Gb, 10.99 W
13:25:50, 14.46%, 1%, 5.88 Gb, 3.72 Gb, 10.99 W
Query 45 - Time:  ms
13:25:50, 14.29%, 1%, 5.88 Gb, 3.72 Gb, 10.98 W
13:25:50, 14.38%, 1%, 5.88 Gb, 3.72 Gb, 10.98 W
13:25:50, 14.46%, 1%, 5.88 Gb, 3.72 Gb, 11.00 W
13:25:50, 14.45%, 1%, 5.88 Gb, 3.72 Gb, 11.00 W
13:25:50, 14.35%, 1%, 5.89 Gb, 3.72 Gb, 11.00 W
13:25:50, 14.10%, 1%, 5.92 Gb, 3.72 Gb, 11.00 W
13:25:50, 14.31%, 10%, 6.03 Gb, 3.72 Gb, 11.09 W
13:25:50, 14.20%, 10%, 6.10 Gb, 3.72 Gb, 11.09 W
13:25:50, 14.09%, 10%, 6.14 Gb, 3.72 Gb, 11.11 W
Query 46 - Time: 272 ms
13:25:50, 14.04%, 10%, 5.96 Gb, 3.72 Gb, 11.11 W
13:25:50, 14.32%, 13%, 5.84 Gb, 3.72 Gb, 11.17 W
13:25:50, 14.47%, 13%, 5.84 Gb, 3.72 Gb, 11.17 W
13:25:50, 14.43%, 13%, 5.83 Gb, 3.72 Gb, 11.15 W
Query 47 - Time:  ms
13:25:50, 14.13%, 13%, 5.83 Gb, 3.72 Gb, 11.15 W
13:25:50, 13.83%, 1%, 5.81 Gb, 3.72 Gb, 11.16 W
13:25:50, 13.80%, 1%, 5.82 Gb, 3.72 Gb, 11.15 W
13:25:50, 13.69%, 1%, 5.82 Gb, 3.72 Gb, 11.15 W
Query 48 - Time: 15 ms
13:25:50, 13.44%, 1%, 5.85 Gb, 3.72 Gb, 11.24 W
13:25:51, 13.66%, 2%, 5.83 Gb, 3.72 Gb, 11.24 W
13:25:51, 13.69%, 2%, 5.83 Gb, 3.72 Gb, 11.23 W
13:25:51, 13.67%, 2%, 5.85 Gb, 3.72 Gb, 11.23 W
Query 49 - Time:  ms
13:25:51, 13.64%, 2%, 5.86 Gb, 3.72 Gb, 11.23 W
13:25:51, 13.90%, 1%, 5.87 Gb, 3.72 Gb, 11.23 W
13:25:51, 14.39%, 1%, 5.86 Gb, 3.72 Gb, 11.24 W
13:25:51, 14.82%, 1%, 5.86 Gb, 3.72 Gb, 11.24 W
13:25:51, 14.85%, 1%, 5.86 Gb, 3.72 Gb, 11.23 W
Query 50 - Time: 44 ms
13:25:51, 15.39%, 1%, 5.88 Gb, 3.72 Gb, 11.23 W
13:25:51, 16.11%, 1%, 5.83 Gb, 3.72 Gb, 11.28 W
13:25:51, 16.51%, 1%, 5.82 Gb, 3.72 Gb, 11.28 W
13:25:51, 16.64%, 1%, 5.79 Gb, 3.72 Gb, 11.24 W
Query 51 - Time:  ms
13:25:51, 16.19%, 6%, 5.78 Gb, 3.72 Gb, 11.24 W
13:25:51, 16.36%, 6%, 5.79 Gb, 3.72 Gb, 11.19 W
13:25:51, 16.35%, 6%, 5.77 Gb, 3.72 Gb, 11.19 W
13:25:51, 16.55%, 6%, 5.76 Gb, 3.72 Gb, 11.18 W
13:25:51, 16.37%, 1%, 5.76 Gb, 3.72 Gb, 11.18 W
13:25:51, 16.50%, 1%, 5.83 Gb, 3.72 Gb, 11.23 W
13:25:51, 16.48%, 1%, 5.93 Gb, 3.72 Gb, 11.23 W
13:25:51, 16.37%, 1%, 6.02 Gb, 3.72 Gb, 11.27 W
13:25:52, 16.23%, 21%, 6.04 Gb, 3.72 Gb, 11.27 W
Query 52 - Time: 246 ms
13:25:52, 16.30%, 21%, 5.79 Gb, 3.72 Gb, 11.19 W
13:25:52, 16.22%, 21%, 5.79 Gb, 3.72 Gb, 11.19 W
13:25:52, 16.18%, 21%, 5.78 Gb, 3.72 Gb, 11.19 W
13:25:52, 15.77%, 1%, 5.77 Gb, 3.72 Gb, 11.19 W
Query 53 - Time: 50 ms
13:25:52, 15.58%, 1%, 5.78 Gb, 3.72 Gb, 11.27 W
13:25:52, 15.72%, 1%, 5.77 Gb, 3.72 Gb, 11.27 W
13:25:52, 15.55%, 1%, 5.78 Gb, 3.72 Gb, 11.27 W
13:25:52, 15.44%, 3%, 5.78 Gb, 3.72 Gb, 11.27 W
13:25:52, 14.86%, 3%, 5.80 Gb, 3.72 Gb, 11.26 W
13:25:52, 14.77%, 3%, 5.79 Gb, 3.72 Gb, 11.15 W
13:25:52, 17.03%, 3%, 5.83 Gb, 3.72 Gb, 11.15 W
13:25:52, 21.34%, 3%, 5.84 Gb, 3.72 Gb, 11.14 W
13:25:52, 24.89%, 3%, 5.86 Gb, 3.72 Gb, 11.14 W
13:25:52, 29.26%, 3%, 5.85 Gb, 3.72 Gb, 11.12 W
13:25:52, 33.52%, 0%, 5.90 Gb, 3.72 Gb, 11.12 W
13:25:52, 35.93%, 0%, 5.93 Gb, 3.72 Gb, 11.11 W
13:25:52, 40.40%, 0%, 5.93 Gb, 3.72 Gb, 11.11 W
13:25:52, 43.52%, 0%, 5.96 Gb, 3.72 Gb, 11.13 W
13:25:53, 43.58%, 11%, 6.04 Gb, 3.72 Gb, 11.13 W
13:25:53, 43.55%, 11%, 6.12 Gb, 3.72 Gb, 11.12 W
13:25:53, 43.61%, 11%, 6.17 Gb, 3.72 Gb, 11.12 W
13:25:53, 43.56%, 11%, 6.04 Gb, 3.72 Gb, 11.11 W
13:25:53, 45.20%, 13%, 5.93 Gb, 3.72 Gb, 11.11 W
13:25:53, 49.59%, 13%, 5.94 Gb, 3.72 Gb, 11.15 W
Query 54 - Time: 783 ms
13:25:53, 51.10%, 13%, 5.80 Gb, 3.72 Gb, 11.15 W
13:25:53, 50.82%, 13%, 5.81 Gb, 3.72 Gb, 11.06 W
13:25:53, 50.57%, 4%, 5.79 Gb, 3.72 Gb, 11.06 W
13:25:53, 50.22%, 4%, 5.79 Gb, 3.72 Gb, 11.06 W
13:25:53, 50.09%, 4%, 5.78 Gb, 3.72 Gb, 11.06 W
13:25:53, 50.00%, 4%, 5.83 Gb, 3.72 Gb, 11.14 W
13:25:53, 45.87%, 11%, 5.92 Gb, 3.72 Gb, 11.14 W
13:25:53, 40.98%, 11%, 5.99 Gb, 3.72 Gb, 11.15 W
Query 55 - Time: 245 ms
13:25:53, 36.70%, 11%, 5.92 Gb, 3.72 Gb, 11.15 W
13:25:53, 32.64%, 11%, 5.77 Gb, 3.72 Gb, 11.18 W
13:25:53, 30.28%, 11%, 5.77 Gb, 3.72 Gb, 11.18 W
13:25:53, 25.33%, 11%, 5.77 Gb, 3.72 Gb, 11.19 W
13:25:53, 21.57%, 11%, 5.77 Gb, 3.72 Gb, 11.19 W
13:25:54, 21.53%, 11%, 5.79 Gb, 3.72 Gb, 11.22 W
Query 56 - Time: 109 ms
13:25:54, 21.90%, 2%, 5.79 Gb, 3.72 Gb, 11.22 W
13:25:54, 22.22%, 2%, 5.78 Gb, 3.72 Gb, 11.20 W
13:25:54, 22.28%, 2%, 5.78 Gb, 3.72 Gb, 11.20 W
13:25:54, 21.52%, 5%, 5.78 Gb, 3.72 Gb, 11.17 W
Query 57 - Time:  ms
13:25:54, 17.02%, 5%, 5.77 Gb, 3.72 Gb, 11.17 W
13:25:54, 14.47%, 5%, 5.77 Gb, 3.72 Gb, 11.17 W
13:25:54, 14.50%, 5%, 5.77 Gb, 3.72 Gb, 11.17 W
13:25:54, 14.55%, 1%, 5.76 Gb, 3.72 Gb, 11.12 W
13:25:54, 14.37%, 1%, 5.76 Gb, 3.72 Gb, 11.12 W
13:25:54, 14.70%, 1%, 5.75 Gb, 3.72 Gb, 11.13 W
Query 58 - Time: 105 ms
13:25:54, 14.85%, 1%, 5.77 Gb, 3.72 Gb, 11.17 W
13:25:54, 14.69%, 5%, 5.78 Gb, 3.72 Gb, 11.17 W
13:25:54, 14.79%, 5%, 5.77 Gb, 3.72 Gb, 11.10 W
13:25:54, 14.94%, 5%, 5.76 Gb, 3.72 Gb, 11.10 W
13:25:54, 14.92%, 5%, 5.77 Gb, 3.72 Gb, 11.15 W
13:25:54, 15.46%, 4%, 5.78 Gb, 3.72 Gb, 11.15 W
Query 59 - Time: 109 ms
13:25:54, 15.78%, 4%, 5.73 Gb, 3.72 Gb, 11.15 W
13:25:54, 15.85%, 4%, 5.75 Gb, 3.72 Gb, 11.15 W
13:25:54, 15.74%, 4%, 5.76 Gb, 3.72 Gb, 11.16 W
13:25:55, 15.22%, 2%, 5.75 Gb, 3.72 Gb, 11.16 W
13:25:55, 14.70%, 2%, 5.75 Gb, 3.72 Gb, 11.14 W
13:25:55, 14.96%, 2%, 5.75 Gb, 3.72 Gb, 11.14 W
Query 60 - Time: 108 ms
13:25:55, 14.84%, 2%, 5.78 Gb, 3.72 Gb, 11.16 W
13:25:55, 15.02%, 6%, 5.77 Gb, 3.72 Gb, 11.16 W
13:25:55, 15.05%, 6%, 5.78 Gb, 3.72 Gb, 11.16 W
13:25:55, 15.11%, 6%, 5.79 Gb, 3.72 Gb, 11.16 W
Query 61 - Time: 25 ms
13:25:55, 14.93%, 6%, 5.78 Gb, 3.72 Gb, 11.22 W
13:25:55, 15.26%, 3%, 5.79 Gb, 3.72 Gb, 11.22 W
13:25:55, 15.49%, 3%, 5.78 Gb, 3.72 Gb, 11.24 W
13:25:55, 15.40%, 3%, 5.79 Gb, 3.72 Gb, 11.24 W
13:25:55, 15.39%, 3%, 5.77 Gb, 3.72 Gb, 11.23 W
Query 62 - Time: 17 ms
13:25:55, 15.65%, 1%, 5.77 Gb, 3.72 Gb, 11.23 W
13:25:55, 15.63%, 1%, 5.77 Gb, 3.72 Gb, 11.21 W
13:25:55, 15.65%, 1%, 5.78 Gb, 3.72 Gb, 11.21 W
13:25:55, 15.22%, 1%, 5.76 Gb, 3.72 Gb, 11.21 W
Query 63 - Time: 49 ms
13:25:55, 14.55%, 2%, 5.76 Gb, 3.72 Gb, 11.21 W
13:25:55, 14.74%, 2%, 5.76 Gb, 3.72 Gb, 11.22 W
13:25:55, 14.87%, 2%, 5.77 Gb, 3.72 Gb, 11.22 W
13:25:55, 14.80%, 2%, 5.77 Gb, 3.72 Gb, 11.19 W
13:25:56, 15.03%, 3%, 5.74 Gb, 3.72 Gb, 11.19 W
13:25:56, 14.81%, 3%, 5.74 Gb, 3.72 Gb, 11.19 W
13:25:56, 15.29%, 3%, 5.75 Gb, 3.72 Gb, 11.19 W
13:25:56, 14.97%, 3%, 5.80 Gb, 3.72 Gb, 11.51 W
13:25:56, 15.08%, 13%, 5.87 Gb, 3.72 Gb, 11.51 W
13:25:56, 14.91%, 13%, 5.95 Gb, 3.72 Gb, 11.47 W
13:25:56, 15.14%, 13%, 5.99 Gb, 3.72 Gb, 11.47 W
13:25:56, 15.06%, 17%, 5.75 Gb, 3.72 Gb, 11.48 W
13:25:56, 14.62%, 17%, 5.76 Gb, 3.72 Gb, 11.48 W
13:25:56, 14.47%, 17%, 5.86 Gb, 3.72 Gb, 11.86 W
13:25:56, 14.31%, 17%, 5.94 Gb, 3.72 Gb, 11.86 W
13:25:56, 14.30%, 29%, 5.99 Gb, 3.72 Gb, 11.88 W
13:25:56, 13.93%, 29%, 5.87 Gb, 3.72 Gb, 11.88 W
Query 64 - Time: 615 ms
13:25:56, 14.02%, 29%, 5.74 Gb, 3.72 Gb, 12.09 W
13:25:56, 14.05%, 29%, 5.74 Gb, 3.72 Gb, 12.08 W
13:25:56, 14.01%, 6%, 5.75 Gb, 3.72 Gb, 12.08 W
13:25:56, 13.95%, 6%, 5.75 Gb, 3.72 Gb, 12.08 W
Query 65 - Time: 49 ms
13:25:56, 14.03%, 6%, 5.76 Gb, 3.72 Gb, 12.08 W
13:25:56, 14.60%, 6%, 5.76 Gb, 3.72 Gb, 12.07 W
13:25:57, 14.45%, 5%, 5.75 Gb, 3.72 Gb, 12.07 W
13:25:57, 14.55%, 5%, 5.77 Gb, 3.72 Gb, 12.06 W
Query 66 - Time:  ms
13:25:57, 14.20%, 5%, 5.79 Gb, 3.72 Gb, 12.06 W
13:25:57, 14.04%, 5%, 5.79 Gb, 3.72 Gb, 12.07 W
13:25:57, 14.36%, 1%, 5.77 Gb, 3.72 Gb, 12.07 W
13:25:57, 14.37%, 1%, 5.77 Gb, 3.72 Gb, 11.75 W
Query 67 - Time:  ms
13:25:57, 14.29%, 1%, 5.77 Gb, 3.72 Gb, 11.75 W
13:25:57, 14.36%, 1%, 5.78 Gb, 3.72 Gb, 11.71 W
13:25:57, 14.32%, 1%, 5.79 Gb, 3.72 Gb, 11.71 W
13:25:57, 14.37%, 1%, 5.79 Gb, 3.72 Gb, 11.71 W
13:25:57, 14.36%, 1%, 5.78 Gb, 3.72 Gb, 11.71 W
13:25:57, 14.48%, 1%, 5.80 Gb, 3.72 Gb, 11.32 W
13:25:57, 14.37%, 7%, 5.89 Gb, 3.72 Gb, 11.32 W
13:25:57, 14.27%, 7%, 5.98 Gb, 3.72 Gb, 11.32 W
13:25:57, 14.36%, 7%, 6.02 Gb, 3.72 Gb, 11.32 W
Query 68 - Time: 271 ms
13:25:57, 14.36%, 7%, 5.81 Gb, 3.72 Gb, 11.16 W
13:25:57, 14.71%, 17%, 5.76 Gb, 3.72 Gb, 11.16 W
13:25:57, 14.67%, 17%, 5.77 Gb, 3.72 Gb, 11.16 W
13:25:57, 14.62%, 17%, 5.77 Gb, 3.72 Gb, 11.16 W
13:25:57, 14.29%, 17%, 5.76 Gb, 3.72 Gb, 11.15 W
13:25:58, 14.09%, 1%, 5.77 Gb, 3.72 Gb, 11.15 W
13:25:58, 14.44%, 1%, 5.76 Gb, 3.72 Gb, 11.07 W
13:25:58, 14.93%, 1%, 5.78 Gb, 3.72 Gb, 11.07 W
13:25:58, 17.05%, 4%, 5.83 Gb, 3.72 Gb, 11.10 W
13:25:58, 21.46%, 4%, 5.84 Gb, 3.72 Gb, 11.09 W
13:25:58, 25.52%, 4%, 5.87 Gb, 3.72 Gb, 11.09 W
13:25:58, 28.63%, 4%, 5.83 Gb, 3.72 Gb, 11.12 W
Query 69 - Time:  ms
13:25:58, 31.81%, 5%, 5.79 Gb, 3.72 Gb, 11.12 W
13:25:58, 32.48%, 5%, 5.79 Gb, 3.72 Gb, 11.12 W
13:25:58, 32.48%, 5%, 5.79 Gb, 3.72 Gb, 11.12 W
13:25:58, 32.48%, 5%, 5.77 Gb, 3.72 Gb, 11.12 W
Query 70 - Time:  ms
13:25:58, 32.37%, 1%, 5.77 Gb, 3.72 Gb, 11.12 W
13:25:58, 32.45%, 1%, 5.76 Gb, 3.72 Gb, 11.12 W
13:25:58, 32.77%, 1%, 5.77 Gb, 3.72 Gb, 11.05 W
13:25:58, 32.60%, 1%, 5.77 Gb, 3.72 Gb, 11.05 W
13:25:58, 32.52%, 1%, 5.77 Gb, 3.72 Gb, 11.00 W
13:25:58, 32.41%, 1%, 5.80 Gb, 3.72 Gb, 11.02 W
13:25:58, 34.36%, 1%, 5.82 Gb, 3.72 Gb, 11.02 W
13:25:58, 34.84%, 1%, 5.85 Gb, 3.72 Gb, 11.05 W
13:25:59, 34.82%, 16%, 5.93 Gb, 3.72 Gb, 11.05 W
13:25:59, 34.80%, 16%, 6.00 Gb, 3.72 Gb, 11.08 W
13:25:59, 34.40%, 16%, 5.98 Gb, 3.72 Gb, 11.08 W
Query 71 - Time: 314 ms
13:25:59, 34.65%, 16%, 5.80 Gb, 3.72 Gb, 11.10 W
13:25:59, 30.17%, 7%, 5.79 Gb, 3.72 Gb, 11.10 W
13:25:59, 25.80%, 7%, 5.79 Gb, 3.72 Gb, 11.07 W
13:25:59, 21.45%, 7%, 5.79 Gb, 3.72 Gb, 11.07 W
Query 72 - Time:  ms
13:25:59, 19.66%, 7%, 5.79 Gb, 3.72 Gb, 11.09 W
13:25:59, 16.94%, 1%, 5.81 Gb, 3.72 Gb, 11.09 W
13:25:59, 16.98%, 1%, 5.79 Gb, 3.72 Gb, 11.06 W
13:25:59, 16.83%, 1%, 5.78 Gb, 3.72 Gb, 11.06 W
13:25:59, 16.90%, 1%, 5.77 Gb, 3.72 Gb, 11.12 W
13:25:59, 16.71%, 4%, 5.86 Gb, 3.72 Gb, 11.12 W
13:25:59, 16.61%, 4%, 5.95 Gb, 3.72 Gb, 11.16 W
13:25:59, 16.53%, 4%, 6.03 Gb, 3.72 Gb, 11.16 W
13:25:59, 16.61%, 4%, 6.03 Gb, 3.72 Gb, 11.19 W
Query 73 - Time: 256 ms
13:25:59, 16.49%, 18%, 5.78 Gb, 3.72 Gb, 11.19 W
13:25:59, 15.88%, 18%, 5.77 Gb, 3.72 Gb, 11.24 W
13:25:59, 14.12%, 18%, 5.76 Gb, 3.72 Gb, 11.24 W
Query 74 - Time:  ms
13:25:59, 13.95%, 18%, 5.76 Gb, 3.72 Gb, 11.18 W
13:26:00, 14.01%, 2%, 5.75 Gb, 3.72 Gb, 11.18 W
13:26:00, 14.12%, 2%, 5.76 Gb, 3.72 Gb, 11.15 W
13:26:00, 14.16%, 2%, 5.76 Gb, 3.72 Gb, 11.15 W
Query 75 - Time:  ms
13:26:00, 13.23%, 2%, 5.77 Gb, 3.72 Gb, 11.13 W
13:26:00, 13.19%, 1%, 5.77 Gb, 3.72 Gb, 11.13 W
13:26:00, 13.15%, 1%, 5.78 Gb, 3.72 Gb, 11.13 W
13:26:00, 13.36%, 1%, 5.77 Gb, 3.72 Gb, 11.13 W
Query 76 - Time:  ms
13:26:00, 13.31%, 1%, 5.76 Gb, 3.72 Gb, 11.12 W
13:26:00, 13.32%, 1%, 5.78 Gb, 3.72 Gb, 11.12 W
13:26:00, 13.38%, 1%, 5.77 Gb, 3.72 Gb, 11.13 W
13:26:00, 13.27%, 1%, 5.76 Gb, 3.72 Gb, 11.13 W
Query 77 - Time:  ms
13:26:00, 13.48%, 1%, 5.77 Gb, 3.72 Gb, 11.12 W
13:26:00, 13.62%, 1%, 5.76 Gb, 3.72 Gb, 11.12 W
13:26:00, 13.56%, 1%, 5.76 Gb, 3.72 Gb, 11.07 W
13:26:00, 13.48%, 1%, 5.76 Gb, 3.72 Gb, 11.07 W
13:26:00, 13.41%, 1%, 5.79 Gb, 3.72 Gb, 11.03 W
13:26:00, 13.68%, 1%, 5.79 Gb, 3.72 Gb, 11.03 W
13:26:00, 13.84%, 1%, 5.86 Gb, 3.72 Gb, 11.11 W
13:26:00, 13.78%, 1%, 5.95 Gb, 3.72 Gb, 11.10 W
13:26:01, 13.78%, 22%, 5.97 Gb, 3.72 Gb, 11.10 W
13:26:01, 13.81%, 22%, 5.79 Gb, 3.72 Gb, 11.30 W
13:26:01, 13.68%, 22%, 5.80 Gb, 3.72 Gb, 11.30 W
13:26:01, 13.80%, 22%, 5.88 Gb, 3.72 Gb, 11.39 W
13:26:01, 14.05%, 22%, 5.96 Gb, 3.72 Gb, 11.39 W
13:26:01, 13.85%, 22%, 6.04 Gb, 3.72 Gb, 11.43 W
13:26:01, 13.84%, 22%, 6.07 Gb, 3.72 Gb, 11.43 W
13:26:01, 13.74%, 22%, 5.84 Gb, 3.72 Gb, 11.54 W
13:26:01, 13.85%, 18%, 5.89 Gb, 3.72 Gb, 11.54 W
13:26:01, 13.60%, 18%, 5.95 Gb, 3.72 Gb, 11.69 W
13:26:01, 13.81%, 18%, 6.01 Gb, 3.72 Gb, 11.69 W
13:26:01, 13.69%, 18%, 6.11 Gb, 3.72 Gb, 11.71 W
13:26:01, 13.61%, 24%, 6.10 Gb, 3.72 Gb, 11.71 W
13:26:01, 13.44%, 24%, 5.84 Gb, 3.72 Gb, 12.10 W
13:26:01, 13.51%, 24%, 5.94 Gb, 3.72 Gb, 12.10 W
13:26:01, 13.63%, 24%, 6.02 Gb, 3.72 Gb, 12.13 W
13:26:01, 15.98%, 24%, 6.05 Gb, 3.72 Gb, 12.13 W
13:26:01, 18.53%, 24%, 6.07 Gb, 3.72 Gb, 12.29 W
13:26:01, 22.73%, 24%, 6.09 Gb, 3.72 Gb, 12.18 W
13:26:02, 27.15%, 24%, 6.09 Gb, 3.72 Gb, 12.18 W
13:26:02, 31.38%, 8%, 6.12 Gb, 3.72 Gb, 12.14 W
13:26:02, 35.67%, 8%, 6.15 Gb, 3.72 Gb, 12.14 W
13:26:02, 39.42%, 8%, 6.18 Gb, 3.72 Gb, 12.09 W
13:26:02, 41.25%, 8%, 6.22 Gb, 3.72 Gb, 12.09 W
13:26:02, 44.47%, 12%, 6.24 Gb, 3.72 Gb, 12.10 W
13:26:02, 48.69%, 12%, 6.25 Gb, 3.72 Gb, 12.10 W
13:26:02, 53.07%, 12%, 6.25 Gb, 3.72 Gb, 12.05 W
13:26:02, 57.38%, 6%, 6.24 Gb, 3.72 Gb, 11.93 W
13:26:02, 61.89%, 6%, 6.27 Gb, 3.72 Gb, 11.93 W
13:26:02, 66.19%, 6%, 6.29 Gb, 3.72 Gb, 11.93 W
13:26:02, 70.77%, 6%, 6.31 Gb, 3.72 Gb, 11.77 W
13:26:02, 74.80%, 0%, 6.37 Gb, 3.72 Gb, 11.77 W
13:26:02, 77.60%, 0%, 6.39 Gb, 3.72 Gb, 11.77 W
Query 78 - Time: 1872 ms
13:26:02, 77.63%, 0%, 6.04 Gb, 3.72 Gb, 11.90 W
13:26:02, 77.57%, 0%, 5.82 Gb, 3.72 Gb, 11.90 W
13:26:02, 77.65%, 24%, 5.81 Gb, 3.72 Gb, 11.52 W
13:26:02, 73.68%, 24%, 5.80 Gb, 3.72 Gb, 11.52 W
13:26:02, 70.75%, 24%, 5.82 Gb, 3.72 Gb, 11.48 W
13:26:02, 66.04%, 24%, 5.88 Gb, 3.72 Gb, 11.40 W
13:26:03, 61.32%, 11%, 5.98 Gb, 3.72 Gb, 11.40 W
13:26:03, 56.65%, 11%, 6.05 Gb, 3.72 Gb, 11.44 W
13:26:03, 52.21%, 11%, 6.07 Gb, 3.72 Gb, 11.44 W
Query 79 - Time: 263 ms
13:26:03, 50.57%, 11%, 5.81 Gb, 3.72 Gb, 11.47 W
13:26:03, 47.74%, 12%, 5.83 Gb, 3.72 Gb, 11.47 W
13:26:03, 42.25%, 12%, 5.83 Gb, 3.72 Gb, 11.29 W
Query 80 - Time:  ms
13:26:03, 37.73%, 12%, 5.83 Gb, 3.72 Gb, 11.29 W
13:26:03, 33.42%, 12%, 5.83 Gb, 3.72 Gb, 11.18 W
13:26:03, 28.84%, 1%, 5.81 Gb, 3.72 Gb, 11.18 W
13:26:03, 24.20%, 1%, 5.81 Gb, 3.72 Gb, 11.19 W
13:26:03, 19.38%, 1%, 5.78 Gb, 3.72 Gb, 11.19 W
13:26:03, 15.24%, 1%, 5.78 Gb, 3.72 Gb, 11.20 W
13:26:03, 13.58%, 1%, 5.88 Gb, 3.72 Gb, 11.28 W
13:26:03, 13.52%, 1%, 5.95 Gb, 3.72 Gb, 11.28 W
13:26:03, 13.45%, 1%, 6.03 Gb, 3.72 Gb, 11.12 W
13:26:03, 13.43%, 21%, 6.04 Gb, 3.72 Gb, 11.12 W
13:26:03, 13.40%, 21%, 5.82 Gb, 3.72 Gb, 11.17 W
13:26:03, 13.40%, 21%, 5.88 Gb, 3.72 Gb, 11.17 W
13:26:03, 13.41%, 21%, 5.96 Gb, 3.72 Gb, 11.20 W
13:26:04, 13.29%, 20%, 6.02 Gb, 3.72 Gb, 11.20 W
13:26:04, 13.48%, 20%, 6.04 Gb, 3.72 Gb, 11.13 W
Query 81 - Time: 557 ms
13:26:04, 13.75%, 20%, 5.79 Gb, 3.72 Gb, 11.13 W
13:26:04, 13.85%, 20%, 5.80 Gb, 3.72 Gb, 11.10 W
13:26:04, 13.79%, 4%, 5.80 Gb, 3.72 Gb, 11.10 W
13:26:04, 13.86%, 4%, 5.80 Gb, 3.72 Gb, 11.08 W
Query 82 - Time:  ms
13:26:04, 13.77%, 4%, 5.80 Gb, 3.72 Gb, 11.08 W
13:26:04, 13.96%, 4%, 5.81 Gb, 3.72 Gb, 11.10 W
13:26:04, 13.88%, 1%, 5.80 Gb, 3.72 Gb, 11.10 W
13:26:04, 13.93%, 1%, 5.83 Gb, 3.72 Gb, 11.10 W
13:26:04, 13.87%, 1%, 5.83 Gb, 3.72 Gb, 11.10 W
13:26:04, 14.24%, 1%, 5.85 Gb, 3.72 Gb, 11.15 W
Query 83 - Time: 100 ms
13:26:04, 14.13%, 3%, 5.82 Gb, 3.72 Gb, 11.15 W
13:26:04, 14.19%, 3%, 5.82 Gb, 3.72 Gb, 11.18 W
13:26:04, 14.34%, 3%, 5.81 Gb, 3.72 Gb, 11.18 W
13:26:04, 14.14%, 3%, 5.81 Gb, 3.72 Gb, 11.10 W
Query 84 - Time:  ms
13:26:04, 14.36%, 2%, 5.79 Gb, 3.72 Gb, 11.10 W
13:26:04, 14.29%, 2%, 5.81 Gb, 3.72 Gb, 11.09 W
13:26:04, 14.31%, 2%, 5.80 Gb, 3.72 Gb, 11.09 W
Query 85 - Time:  ms
13:26:04, 14.49%, 2%, 5.82 Gb, 3.72 Gb, 11.04 W
13:26:05, 14.54%, 1%, 5.79 Gb, 3.72 Gb, 11.04 W
13:26:05, 14.55%, 1%, 5.82 Gb, 3.72 Gb, 11.02 W
13:26:05, 14.13%, 1%, 5.83 Gb, 3.72 Gb, 11.02 W
Query 86 - Time:  ms
13:26:05, 13.93%, 1%, 5.81 Gb, 3.72 Gb, 11.00 W
13:26:05, 14.30%, 1%, 5.81 Gb, 3.72 Gb, 11.00 W
13:26:05, 14.17%, 1%, 5.81 Gb, 3.72 Gb, 10.99 W
13:26:05, 14.07%, 1%, 5.80 Gb, 3.72 Gb, 10.99 W
Query 87 - Time:  ms
13:26:05, 13.99%, 1%, 5.82 Gb, 3.72 Gb, 10.99 W
13:26:05, 14.01%, 1%, 5.82 Gb, 3.72 Gb, 10.99 W
13:26:05, 14.23%, 1%, 5.82 Gb, 3.72 Gb, 10.99 W
13:26:05, 14.17%, 1%, 5.81 Gb, 3.72 Gb, 10.99 W
13:26:05, 14.06%, 1%, 5.83 Gb, 3.72 Gb, 10.99 W
Query 88 - Time:  ms
13:26:05, 14.02%, 1%, 5.83 Gb, 3.72 Gb, 10.99 W
13:26:05, 14.38%, 1%, 5.85 Gb, 3.72 Gb, 11.11 W
13:26:05, 14.17%, 1%, 5.84 Gb, 3.72 Gb, 11.11 W
13:26:05, 13.99%, 5%, 5.84 Gb, 3.72 Gb, 11.09 W
13:26:05, 14.12%, 5%, 5.84 Gb, 3.72 Gb, 11.17 W
13:26:05, 14.07%, 5%, 5.92 Gb, 3.72 Gb, 11.17 W
13:26:05, 14.18%, 5%, 5.98 Gb, 3.72 Gb, 11.22 W
13:26:06, 14.14%, 18%, 6.06 Gb, 3.72 Gb, 11.22 W
13:26:06, 13.95%, 18%, 6.07 Gb, 3.72 Gb, 11.23 W
13:26:06, 13.98%, 18%, 5.83 Gb, 3.72 Gb, 11.23 W
Query 89 - Time: 303 ms
13:26:06, 14.26%, 18%, 5.83 Gb, 3.72 Gb, 11.29 W
13:26:06, 14.13%, 6%, 5.83 Gb, 3.72 Gb, 11.29 W
13:26:06, 13.94%, 6%, 5.83 Gb, 3.72 Gb, 11.29 W
Query 90 - Time:  ms
13:26:06, 14.08%, 6%, 5.84 Gb, 3.72 Gb, 11.29 W
13:26:06, 14.20%, 6%, 5.82 Gb, 3.72 Gb, 11.30 W
13:26:06, 14.31%, 1%, 5.84 Gb, 3.72 Gb, 11.30 W
13:26:06, 14.20%, 1%, 5.85 Gb, 3.72 Gb, 11.31 W
13:26:06, 14.11%, 1%, 5.83 Gb, 3.72 Gb, 11.31 W
Query 91 - Time: 18 ms
13:26:06, 14.28%, 1%, 5.80 Gb, 3.72 Gb, 11.38 W
13:26:06, 14.52%, 3%, 5.80 Gb, 3.72 Gb, 11.38 W
13:26:06, 14.14%, 3%, 5.79 Gb, 3.72 Gb, 11.38 W
Query 92 - Time:  ms
13:26:06, 13.85%, 3%, 5.79 Gb, 3.72 Gb, 11.38 W
13:26:06, 13.80%, 3%, 5.81 Gb, 3.72 Gb, 11.22 W
13:26:06, 13.89%, 1%, 5.80 Gb, 3.72 Gb, 11.22 W
13:26:06, 13.86%, 1%, 5.82 Gb, 3.72 Gb, 11.22 W
13:26:06, 13.69%, 1%, 5.83 Gb, 3.72 Gb, 11.22 W
Query 93 - Time: 15 ms
13:26:06, 13.69%, 1%, 5.83 Gb, 3.72 Gb, 11.24 W
13:26:07, 13.96%, 3%, 5.81 Gb, 3.72 Gb, 11.24 W
13:26:07, 13.84%, 3%, 5.83 Gb, 3.72 Gb, 11.20 W
13:26:07, 13.71%, 3%, 5.82 Gb, 3.72 Gb, 11.20 W
Query 94 - Time:  ms
13:26:07, 13.68%, 3%, 5.80 Gb, 3.72 Gb, 11.20 W
13:26:07, 13.91%, 1%, 5.80 Gb, 3.72 Gb, 11.20 W
13:26:07, 13.83%, 1%, 5.80 Gb, 3.72 Gb, 11.14 W
Query 95 - Time:  ms
13:26:07, 13.97%, 1%, 5.79 Gb, 3.72 Gb, 11.14 W
13:26:07, 13.88%, 1%, 5.79 Gb, 3.72 Gb, 11.15 W
13:26:07, 13.84%, 0%, 5.79 Gb, 3.72 Gb, 11.15 W
13:26:07, 13.68%, 0%, 5.80 Gb, 3.72 Gb, 11.15 W
13:26:07, 13.60%, 0%, 5.80 Gb, 3.72 Gb, 11.15 W
Query 96 - Time: 8 ms
13:26:07, 13.30%, 0%, 5.79 Gb, 3.72 Gb, 11.16 W
13:26:07, 13.38%, 1%, 5.81 Gb, 3.72 Gb, 11.16 W
13:26:07, 13.56%, 1%, 5.81 Gb, 3.72 Gb, 11.09 W
13:26:07, 13.61%, 1%, 5.82 Gb, 3.72 Gb, 11.09 W
Query 97 - Time:  ms
13:26:07, 13.55%, 1%, 5.81 Gb, 3.72 Gb, 11.10 W
13:26:07, 14.02%, 1%, 5.83 Gb, 3.72 Gb, 11.10 W
13:26:07, 14.07%, 1%, 5.84 Gb, 3.72 Gb, 11.11 W
13:26:07, 14.06%, 1%, 5.84 Gb, 3.72 Gb, 11.11 W
Query 98 - Time:  ms
13:26:08, 13.84%, 1%, 5.82 Gb, 3.72 Gb, 11.12 W
13:26:08, 14.02%, 1%, 5.82 Gb, 3.72 Gb, 11.12 W
13:26:08, 14.18%, 1%, 5.82 Gb, 3.72 Gb, 11.02 W
13:26:08, 14.11%, 1%, 5.81 Gb, 3.72 Gb, 11.03 W
Query 99 - Time: 20 ms
13:26:08, 13.96%, 1%, 5.81 Gb, 3.72 Gb, 11.03 W
13:26:08, 13.90%, 1%, 5.82 Gb, 3.72 Gb, 11.05 W
13:26:08, 13.40%, 1%, 5.81 Gb, 3.72 Gb, 11.05 W
13:26:08, 13.29%, 1%, 5.82 Gb, 3.72 Gb, 11.05 W
13:26:08, 12.70%, 4%, 5.81 Gb, 3.72 Gb, 11.05 W
13:26:08, 12.50%, 4%, 5.80 Gb, 3.72 Gb, 11.05 W
13:26:08, 12.26%, 4%, 5.82 Gb, 3.72 Gb, 11.05 W
13:26:08, 12.05%, 4%, 5.81 Gb, 3.72 Gb, 11.04 W
13:26:08, 11.49%, 0%, 5.80 Gb, 3.72 Gb, 11.04 W
13:26:08, 11.18%, 0%, 5.79 Gb, 3.72 Gb, 11.03 W
13:26:08, 10.57%, 0%, 5.81 Gb, 3.72 Gb, 11.03 W
13:26:08, 10.55%, 0%, 5.81 Gb, 3.72 Gb, 11.03 W
13:26:08, 10.00%, 0%, 5.81 Gb, 3.72 Gb, 11.03 W
13:26:08, 9.37%, 0%, 5.80 Gb, 3.72 Gb, 11.02 W
13:26:08, 8.96%, 0%, 5.79 Gb, 3.72 Gb, 11.02 W
13:26:08, 8.81%, 0%, 5.79 Gb, 3.72 Gb, 11.01 W
13:26:09, 8.12%, 0%, 5.79 Gb, 3.72 Gb, 11.01 W
13:26:09, 7.81%, 0%, 5.80 Gb, 3.72 Gb, 10.99 W
13:26:09, 7.44%, 0%, 5.81 Gb, 3.72 Gb, 10.99 W
13:26:09, 7.30%, 0%, 5.81 Gb, 3.72 Gb, 10.98 W
13:26:09, 6.88%, 0%, 5.80 Gb, 3.72 Gb, 10.98 W
13:26:09, 6.74%, 0%, 5.80 Gb, 3.72 Gb, 10.97 W
13:26:09, 6.75%, 0%, 5.80 Gb, 3.72 Gb, 10.97 W
13:26:09, 6.92%, 0%, 5.80 Gb, 3.72 Gb, 10.93 W
13:26:09, 6.81%, 0%, 5.80 Gb, 3.69 Gb, 10.93 W
13:26:09, 7.04%, 0%, 5.80 Gb, 3.69 Gb, 10.94 W
13:26:09, 7.04%, 0%, 5.78 Gb, 3.69 Gb, 10.94 W
13:26:09, 7.15%, 0%, 5.79 Gb, 3.69 Gb, 10.94 W
13:26:09, 7.15%, 1%, 5.79 Gb, 3.69 Gb, 10.94 W
13:26:09, 7.16%, 1%, 5.79 Gb, 3.69 Gb, 10.94 W
13:26:09, 7.27%, 1%, 5.76 Gb, 3.69 Gb, 10.94 W
13:26:09, 7.10%, 1%, 5.77 Gb, 3.69 Gb, 10.93 W
13:26:09, 7.17%, 0%, 5.77 Gb, 3.69 Gb, 10.93 W
13:26:09, 7.11%, 0%, 5.77 Gb, 3.69 Gb, 10.92 W
13:26:09, 7.11%, 0%, 5.77 Gb, 3.69 Gb, 10.92 W
13:26:10, 7.10%, 0%, 5.77 Gb, 3.69 Gb, 10.91 W
13:26:10, 7.11%, 0%, 5.78 Gb, 3.69 Gb, 10.91 W
13:26:10, 6.93%, 0%, 5.77 Gb, 3.69 Gb, 10.92 W
13:26:10, 7.10%, 0%, 5.77 Gb, 3.69 Gb, 10.92 W
13:26:10, 7.05%, 0%, 5.77 Gb, 3.69 Gb, 10.92 W
13:26:10, 7.22%, 0%, 5.76 Gb, 3.69 Gb, 10.92 W
13:26:10, 7.29%, 0%, 5.76 Gb, 3.69 Gb, 10.93 W
13:26:10, 7.12%, 0%, 5.75 Gb, 3.69 Gb, 10.93 W
13:26:10, 7.28%, 0%, 5.74 Gb, 3.69 Gb, 10.94 W
13:26:10, 7.21%, 0%, 5.76 Gb, 3.69 Gb, 10.95 W
13:26:10, 7.04%, 0%, 5.75 Gb, 3.69 Gb, 10.95 W
13:26:10, 6.98%, 0%, 5.74 Gb, 3.69 Gb, 10.94 W
13:26:10, 6.93%, 0%, 5.75 Gb, 3.69 Gb, 10.94 W
13:26:10, 6.87%, 0%, 5.76 Gb, 3.69 Gb, 10.94 W
13:26:10, 6.93%, 0%, 5.75 Gb, 3.69 Gb, 10.94 W
13:26:10, 6.81%, 0%, 5.77 Gb, 3.69 Gb, 10.93 W
13:26:10, 6.85%, 0%, 5.77 Gb, 3.69 Gb, 10.93 W
13:26:10, 6.86%, 0%, 5.75 Gb, 3.69 Gb, 10.94 W
13:26:10, 6.90%, 0%, 5.75 Gb, 3.69 Gb, 10.94 W
13:26:10, 6.98%, 0%, 5.75 Gb, 3.69 Gb, 10.94 W
13:26:11, 6.86%, 0%, 5.75 Gb, 3.69 Gb, 10.94 W
13:26:11, 7.09%, 0%, 5.75 Gb, 3.69 Gb, 10.95 W
13:26:11, 6.91%, 0%, 5.76 Gb, 3.69 Gb, 10.95 W
13:26:11, 6.86%, 0%, 5.76 Gb, 3.69 Gb, 10.97 W
13:26:11, 7.09%, 1%, 5.78 Gb, 3.69 Gb, 10.97 W
13:26:11, 6.94%, 1%, 5.78 Gb, 3.69 Gb, 10.98 W
13:26:11, 6.94%, 1%, 5.78 Gb, 3.69 Gb, 10.98 W
13:26:11, 7.00%, 1%, 5.78 Gb, 3.69 Gb, 10.98 W
13:26:11, 6.94%, 2%, 5.78 Gb, 3.69 Gb, 10.98 W
13:26:11, 7.01%, 2%, 5.78 Gb, 3.69 Gb, 10.99 W
13:26:11, 7.07%, 2%, 5.78 Gb, 3.69 Gb, 10.99 W
13:26:11, 7.12%, 2%, 5.76 Gb, 3.69 Gb, 10.98 W
13:26:11, 7.23%, 0%, 5.76 Gb, 3.69 Gb, 10.98 W
13:26:11, 7.00%, 0%, 5.76 Gb, 3.69 Gb, 10.99 W
13:26:11, 7.14%, 0%, 5.77 Gb, 3.69 Gb, 10.99 W
13:26:11, 6.95%, 0%, 5.78 Gb, 3.69 Gb, 10.98 W
13:26:11, 7.03%, 1%, 5.76 Gb, 3.69 Gb, 10.98 W
13:26:11, 7.26%, 1%, 5.75 Gb, 3.69 Gb, 10.98 W
13:26:11, 7.08%, 1%, 5.76 Gb, 3.69 Gb, 10.98 W
13:26:11, 7.27%, 1%, 5.76 Gb, 3.69 Gb, 10.98 W
13:26:12, 7.34%, 1%, 5.75 Gb, 3.69 Gb, 10.98 W
13:26:12, 7.83%, 1%, 5.75 Gb, 3.69 Gb, 11.04 W
13:26:12, 8.26%, 1%, 5.75 Gb, 3.69 Gb, 11.04 W
13:26:12, 8.29%, 14%, 5.77 Gb, 3.69 Gb, 11.10 W
13:26:12, 8.53%, 14%, 5.76 Gb, 3.69 Gb, 11.10 W
13:26:12, 8.63%, 14%, 5.78 Gb, 3.69 Gb, 11.12 W
13:26:12, 8.52%, 14%, 5.78 Gb, 3.69 Gb, 11.12 W
13:26:12, 8.47%, 6%, 5.77 Gb, 3.69 Gb, 11.12 W
13:26:12, 8.17%, 6%, 5.76 Gb, 3.69 Gb, 11.12 W
13:26:12, 8.42%, 6%, 5.76 Gb, 3.69 Gb, 11.11 W
13:26:12, 8.42%, 6%, 5.75 Gb, 3.69 Gb, 11.11 W
13:26:12, 8.24%, 0%, 5.74 Gb, 3.69 Gb, 11.10 W
13:26:12, 8.93%, 0%, 5.76 Gb, 3.70 Gb, 11.17 W
13:26:12, 9.51%, 0%, 5.76 Gb, 3.70 Gb, 11.17 W
13:26:12, 9.94%, 0%, 5.78 Gb, 3.70 Gb, 11.29 W
13:26:12, 10.44%, 16%, 5.77 Gb, 3.70 Gb, 11.29 W
13:26:12, 10.58%, 16%, 5.76 Gb, 3.70 Gb, 11.40 W
13:26:12, 10.88%, 16%, 5.76 Gb, 3.70 Gb, 11.40 W
13:26:12, 11.19%, 16%, 5.76 Gb, 3.70 Gb, 11.47 W
13:26:13, 11.37%, 12%, 5.78 Gb, 3.70 Gb, 11.47 W
13:26:13, 11.01%, 12%, 5.78 Gb, 3.70 Gb, 11.52 W
13:26:13, 10.70%, 12%, 5.77 Gb, 3.70 Gb, 11.52 W
13:26:13, 10.86%, 12%, 5.79 Gb, 3.70 Gb, 11.52 W
13:26:13, 10.89%, 9%, 5.81 Gb, 3.70 Gb, 11.52 W
13:26:13, 10.49%, 9%, 5.81 Gb, 3.70 Gb, 11.47 W
13:26:13, 10.61%, 9%, 5.80 Gb, 3.70 Gb, 11.47 W
13:26:13, 10.84%, 9%, 5.80 Gb, 3.70 Gb, 11.44 W
13:26:13, 10.84%, 4%, 5.80 Gb, 3.70 Gb, 11.44 W
13:26:13, 10.79%, 4%, 5.81 Gb, 3.70 Gb, 11.50 W
13:26:13, 10.98%, 4%, 5.83 Gb, 3.70 Gb, 11.50 W
13:26:13, 11.10%, 4%, 5.85 Gb, 3.70 Gb, 11.54 W
13:26:13, 11.27%, 8%, 5.83 Gb, 3.70 Gb, 11.54 W
13:26:13, 10.38%, 8%, 5.84 Gb, 3.70 Gb, 11.56 W
13:26:13, 9.96%, 8%, 5.84 Gb, 3.70 Gb, 11.56 W
13:26:13, 9.53%, 8%, 5.84 Gb, 3.70 Gb, 11.51 W
13:26:13, 9.29%, 5%, 5.83 Gb, 3.70 Gb, 11.51 W
13:26:13, 9.04%, 5%, 5.85 Gb, 3.70 Gb, 11.44 W
13:26:13, 8.96%, 5%, 5.84 Gb, 3.70 Gb, 11.44 W
13:26:13, 8.67%, 5%, 5.84 Gb, 3.70 Gb, 11.40 W
13:26:14, 8.54%, 8%, 5.84 Gb, 3.70 Gb, 11.40 W
13:26:14, 8.58%, 8%, 5.84 Gb, 3.70 Gb, 11.40 W
13:26:14, 8.41%, 8%, 5.83 Gb, 3.70 Gb, 11.40 W
13:26:14, 8.23%, 8%, 5.83 Gb, 3.70 Gb, 11.33 W
13:26:14, 8.15%, 5%, 5.83 Gb, 3.70 Gb, 11.33 W
13:26:14, 7.85%, 5%, 5.81 Gb, 3.70 Gb, 11.26 W
13:26:14, 8.03%, 5%, 5.81 Gb, 3.70 Gb, 11.26 W
13:26:14, 7.91%, 5%, 5.81 Gb, 3.70 Gb, 11.24 W
13:26:14, 7.97%, 0%, 5.80 Gb, 3.70 Gb, 11.24 W
13:26:14, 7.95%, 0%, 5.79 Gb, 3.70 Gb, 11.26 W
13:26:14, 7.82%, 0%, 5.79 Gb, 3.70 Gb, 11.26 W
13:26:14, 7.85%, 7%, 5.79 Gb, 3.70 Gb, 11.27 W
13:26:14, 7.90%, 7%, 5.79 Gb, 3.70 Gb, 11.27 W
13:26:14, 7.95%, 7%, 5.81 Gb, 3.70 Gb, 11.31 W
13:26:14, 8.04%, 7%, 5.80 Gb, 3.70 Gb, 11.31 W
13:26:14, 8.21%, 13%, 5.80 Gb, 3.70 Gb, 11.39 W
13:26:14, 8.09%, 13%, 5.79 Gb, 3.70 Gb, 11.39 W
13:26:14, 8.08%, 13%, 5.79 Gb, 3.70 Gb, 11.45 W
13:26:14, 8.20%, 13%, 5.81 Gb, 3.70 Gb, 11.48 W
13:26:15, 8.28%, 10%, 5.79 Gb, 3.70 Gb, 11.48 W
13:26:15, 8.33%, 10%, 5.80 Gb, 3.70 Gb, 11.51 W
13:26:15, 8.39%, 10%, 5.80 Gb, 3.70 Gb, 11.51 W
13:26:15, 8.41%, 10%, 5.79 Gb, 3.70 Gb, 11.54 W
13:26:15, 8.65%, 10%, 5.78 Gb, 3.70 Gb, 11.54 W
13:26:15, 8.75%, 10%, 5.79 Gb, 3.70 Gb, 11.62 W
13:26:15, 8.90%, 10%, 5.80 Gb, 3.70 Gb, 11.62 W
13:26:15, 8.94%, 10%, 5.79 Gb, 3.70 Gb, 11.72 W
13:26:15, 8.72%, 9%, 5.78 Gb, 3.70 Gb, 11.72 W
13:26:15, 8.84%, 9%, 5.78 Gb, 3.70 Gb, 11.73 W
13:26:15, 8.84%, 9%, 5.79 Gb, 3.70 Gb, 11.73 W
13:26:15, 8.84%, 9%, 5.77 Gb, 3.70 Gb, 11.70 W
13:26:15, 8.41%, 0%, 5.78 Gb, 3.70 Gb, 11.70 W
13:26:15, 8.45%, 0%, 5.80 Gb, 3.70 Gb, 11.61 W
13:26:15, 8.22%, 0%, 5.79 Gb, 3.70 Gb, 11.61 W
13:26:15, 8.14%, 0%, 5.81 Gb, 3.70 Gb, 11.52 W
13:26:15, 7.96%, 1%, 5.81 Gb, 3.70 Gb, 11.52 W
13:26:15, 8.08%, 1%, 5.83 Gb, 3.70 Gb, 11.46 W
13:26:15, 7.91%, 1%, 5.83 Gb, 3.70 Gb, 11.46 W
13:26:15, 7.77%, 1%, 5.83 Gb, 3.70 Gb, 11.43 W
13:26:16, 8.05%, 6%, 5.82 Gb, 3.70 Gb, 11.43 W
13:26:16, 7.71%, 6%, 5.82 Gb, 3.70 Gb, 11.40 W
13:26:16, 7.54%, 6%, 5.82 Gb, 3.70 Gb, 11.40 W
13:26:16, 7.71%, 6%, 5.81 Gb, 3.70 Gb, 11.37 W
13:26:16, 7.66%, 8%, 5.83 Gb, 3.70 Gb, 11.37 W
13:26:16, 7.42%, 8%, 5.82 Gb, 3.70 Gb, 11.29 W
13:26:16, 7.63%, 8%, 5.84 Gb, 3.70 Gb, 11.29 W
13:26:16, 7.58%, 8%, 5.83 Gb, 3.70 Gb, 11.22 W
13:26:16, 7.57%, 4%, 5.83 Gb, 3.70 Gb, 11.22 W
13:26:16, 7.52%, 4%, 5.82 Gb, 3.70 Gb, 11.15 W
13:26:16, 7.65%, 4%, 5.80 Gb, 3.70 Gb, 11.15 W
13:26:16, 7.72%, 4%, 5.78 Gb, 3.70 Gb, 11.17 W
13:26:16, 7.89%, 4%, 5.78 Gb, 3.70 Gb, 11.17 W
13:26:16, 8.00%, 4%, 5.79 Gb, 3.70 Gb, 11.19 W
13:26:16, 7.81%, 4%, 5.78 Gb, 3.70 Gb, 11.19 W
13:26:16, 8.12%, 5%, 5.79 Gb, 3.70 Gb, 11.22 W
13:26:16, 8.19%, 5%, 5.80 Gb, 3.70 Gb, 11.22 W
13:26:16, 8.80%, 5%, 5.80 Gb, 3.70 Gb, 11.29 W
13:26:16, 8.69%, 5%, 5.80 Gb, 3.70 Gb, 11.29 W
13:26:17, 8.62%, 5%, 5.80 Gb, 3.70 Gb, 11.27 W
13:26:17, 8.62%, 5%, 5.81 Gb, 3.70 Gb, 11.27 W
13:26:17, 8.51%, 5%, 5.82 Gb, 3.70 Gb, 11.20 W
13:26:17, 8.61%, 5%, 5.80 Gb, 3.70 Gb, 11.20 W
13:26:17, 8.36%, 0%, 5.80 Gb, 3.70 Gb, 11.14 W
13:26:17, 8.42%, 0%, 5.80 Gb, 3.70 Gb, 11.08 W
13:26:17, 8.29%, 0%, 5.81 Gb, 3.70 Gb, 11.08 W
13:26:17, 8.31%, 0%, 5.79 Gb, 3.70 Gb, 11.14 W
13:26:17, 8.42%, 4%, 5.78 Gb, 3.70 Gb, 11.14 W
13:26:17, 8.32%, 4%, 5.79 Gb, 3.70 Gb, 11.14 W
13:26:17, 8.07%, 4%, 5.79 Gb, 3.70 Gb, 11.14 W
13:26:17, 8.08%, 4%, 5.79 Gb, 3.70 Gb, 11.13 W
13:26:17, 7.91%, 2%, 5.80 Gb, 3.70 Gb, 11.13 W
13:26:17, 7.89%, 2%, 5.79 Gb, 3.70 Gb, 11.11 W
13:26:17, 8.00%, 2%, 5.79 Gb, 3.70 Gb, 11.11 W
13:26:17, 7.77%, 2%, 5.79 Gb, 3.70 Gb, 11.08 W
13:26:17, 7.93%, 0%, 5.80 Gb, 3.70 Gb, 11.08 W
13:26:17, 7.25%, 0%, 5.80 Gb, 3.70 Gb, 11.05 W
13:26:17, 6.82%, 0%, 5.80 Gb, 3.70 Gb, 11.05 W
13:26:17, 7.01%, 0%, 5.79 Gb, 3.70 Gb, 11.00 W
13:26:18, 6.89%, 1%, 5.78 Gb, 3.70 Gb, 11.00 W
13:26:18, 7.00%, 1%, 5.76 Gb, 3.70 Gb, 10.99 W
13:26:18, 7.12%, 1%, 5.77 Gb, 3.70 Gb, 10.99 W
13:26:18, 7.05%, 1%, 5.77 Gb, 3.70 Gb, 10.99 W
13:26:18, 6.89%, 0%, 5.76 Gb, 3.70 Gb, 10.99 W
13:26:18, 6.94%, 0%, 5.76 Gb, 3.70 Gb, 10.99 W
13:26:18, 6.95%, 0%, 5.76 Gb, 3.70 Gb, 10.99 W
13:26:18, 6.76%, 0%, 5.77 Gb, 3.70 Gb, 10.98 W
13:26:18, 6.74%, 0%, 5.76 Gb, 3.70 Gb, 10.98 W
13:26:18, 6.86%, 0%, 5.77 Gb, 3.70 Gb, 10.91 W
13:26:18, 6.98%, 0%, 5.76 Gb, 3.70 Gb, 10.91 W
13:26:18, 6.98%, 0%, 5.76 Gb, 3.70 Gb, 10.89 W
13:26:18, 7.03%, 0%, 5.76 Gb, 3.70 Gb, 10.89 W
13:26:18, 6.81%, 0%, 5.77 Gb, 3.70 Gb, 10.87 W
13:26:18, 6.87%, 0%, 5.76 Gb, 3.70 Gb, 10.87 W
13:26:18, 6.76%, 0%, 5.76 Gb, 3.70 Gb, 10.87 W
13:26:18, 6.99%, 0%, 5.77 Gb, 3.70 Gb, 10.87 W
13:26:18, 7.05%, 0%, 5.76 Gb, 3.70 Gb, 10.86 W
13:26:18, 6.98%, 0%, 5.78 Gb, 3.70 Gb, 10.86 W
13:26:18, 6.85%, 0%, 5.77 Gb, 3.70 Gb, 10.86 W
13:26:19, 6.81%, 0%, 5.77 Gb, 3.70 Gb, 10.86 W
13:26:19, 6.68%, 0%, 5.78 Gb, 3.70 Gb, 10.86 W
13:26:19, 6.81%, 0%, 5.78 Gb, 3.70 Gb, 10.86 W
13:26:19, 6.68%, 0%, 5.78 Gb, 3.70 Gb, 10.86 W
13:26:19, 6.86%, 0%, 5.78 Gb, 3.70 Gb, 10.86 W
13:26:19, 6.75%, 0%, 5.80 Gb, 3.70 Gb, 10.86 W
13:26:19, 6.68%, 0%, 5.80 Gb, 3.70 Gb, 10.83 W
13:26:19, 6.91%, 1%, 5.80 Gb, 3.70 Gb, 10.84 W
13:26:19, 6.99%, 1%, 5.81 Gb, 3.70 Gb, 10.84 W
13:26:19, 6.92%, 1%, 5.81 Gb, 3.70 Gb, 10.83 W
13:26:19, 6.93%, 1%, 5.77 Gb, 3.70 Gb, 10.82 W
13:26:19, 6.81%, 0%, 5.79 Gb, 3.70 Gb, 10.82 W
13:26:19, 6.87%, 0%, 5.79 Gb, 3.70 Gb, 10.83 W
13:26:19, 6.99%, 0%, 5.78 Gb, 3.70 Gb, 10.83 W
13:26:19, 7.21%, 0%, 5.79 Gb, 3.70 Gb, 10.83 W
13:26:19, 7.10%, 0%, 5.79 Gb, 3.70 Gb, 10.83 W
13:26:19, 6.92%, 0%, 5.78 Gb, 3.70 Gb, 10.83 W
13:26:19, 6.98%, 0%, 5.79 Gb, 3.70 Gb, 10.83 W
13:26:19, 7.09%, 0%, 5.80 Gb, 3.70 Gb, 10.84 W
13:26:20, 7.17%, 0%, 5.80 Gb, 3.70 Gb, 10.84 W
13:26:20, 6.93%, 0%, 5.80 Gb, 3.70 Gb, 10.85 W
13:26:20, 7.10%, 0%, 5.79 Gb, 3.70 Gb, 10.85 W
13:26:20, 7.33%, 0%, 5.79 Gb, 3.70 Gb, 10.85 W
13:26:20, 7.28%, 0%, 5.79 Gb, 3.70 Gb, 10.85 W
13:26:20, 7.28%, 0%, 5.80 Gb, 3.70 Gb, 10.85 W
13:26:20, 7.28%, 0%, 5.80 Gb, 3.70 Gb, 10.85 W
13:26:20, 7.11%, 0%, 5.80 Gb, 3.70 Gb, 10.85 W
13:26:20, 7.11%, 0%, 5.79 Gb, 3.70 Gb, 10.85 W
13:26:20, 7.11%, 0%, 5.78 Gb, 3.70 Gb, 10.85 W
13:26:20, 7.29%, 0%, 5.77 Gb, 3.70 Gb, 10.85 W
13:26:20, 7.10%, 0%, 5.76 Gb, 3.70 Gb, 10.85 W
13:26:20, 7.16%, 0%, 5.76 Gb, 3.70 Gb, 10.85 W
13:26:20, 7.15%, 0%, 5.75 Gb, 3.70 Gb, 10.85 W
13:26:20, 6.97%, 0%, 5.75 Gb, 3.70 Gb, 10.85 W
13:26:20, 6.84%, 0%, 5.76 Gb, 3.70 Gb, 10.85 W
13:26:20, 6.87%, 0%, 5.79 Gb, 3.70 Gb, 10.85 W
13:26:20, 6.81%, 0%, 5.78 Gb, 3.70 Gb, 10.85 W
13:26:20, 6.81%, 0%, 5.80 Gb, 3.70 Gb, 10.85 W
13:26:20, 6.93%, 0%, 5.79 Gb, 3.70 Gb, 10.85 W
13:26:21, 6.98%, 0%, 5.78 Gb, 3.70 Gb, 10.85 W
13:26:21, 6.79%, 0%, 5.78 Gb, 3.70 Gb, 10.85 W
13:26:21, 6.80%, 0%, 5.78 Gb, 3.70 Gb, 10.85 W
13:26:21, 6.80%, 0%, 5.78 Gb, 3.70 Gb, 10.85 W
13:26:21, 6.62%, 0%, 5.78 Gb, 3.70 Gb, 10.85 W
13:26:21, 6.62%, 0%, 5.78 Gb, 3.70 Gb, 10.84 W
13:26:21, 6.80%, 0%, 5.77 Gb, 3.70 Gb, 10.84 W
13:26:21, 6.81%, 1%, 5.78 Gb, 3.70 Gb, 10.86 W
13:26:21, 6.86%, 1%, 5.76 Gb, 3.70 Gb, 10.86 W
13:26:21, 6.88%, 1%, 5.77 Gb, 3.70 Gb, 10.88 W
13:26:21, 6.99%, 1%, 5.76 Gb, 3.70 Gb, 10.88 W
13:26:21, 7.17%, 1%, 5.78 Gb, 3.70 Gb, 10.89 W
13:26:21, 7.10%, 1%, 5.78 Gb, 3.70 Gb, 10.89 W
13:26:21, 7.17%, 1%, 5.79 Gb, 3.70 Gb, 10.89 W
13:26:21, 6.99%, 1%, 5.79 Gb, 3.70 Gb, 10.89 W
13:26:21, 7.05%, 0%, 5.77 Gb, 3.70 Gb, 10.89 W
13:26:21, 7.21%, 0%, 5.76 Gb, 3.70 Gb, 10.90 W
13:26:21, 7.16%, 0%, 5.77 Gb, 3.70 Gb, 10.90 W
13:26:21, 7.16%, 0%, 5.76 Gb, 3.70 Gb, 10.90 W
13:26:22, 7.11%, 0%, 5.78 Gb, 3.70 Gb, 10.90 W
13:26:22, 7.17%, 0%, 5.78 Gb, 3.70 Gb, 10.90 W
13:26:22, 7.05%, 0%, 5.76 Gb, 3.70 Gb, 10.90 W
13:26:22, 7.11%, 0%, 5.78 Gb, 3.70 Gb, 10.90 W
13:26:22, 7.17%, 0%, 5.79 Gb, 3.70 Gb, 10.90 W
13:26:22, 7.15%, 0%, 5.79 Gb, 3.70 Gb, 10.90 W
13:26:22, 7.04%, 0%, 5.77 Gb, 3.70 Gb, 10.90 W
13:26:22, 7.16%, 0%, 5.77 Gb, 3.70 Gb, 10.89 W
13:26:22, 7.10%, 0%, 5.78 Gb, 3.70 Gb, 10.89 W
13:26:22, 7.08%, 0%, 5.79 Gb, 3.70 Gb, 10.89 W
13:26:22, 6.91%, 0%, 5.80 Gb, 3.70 Gb, 10.89 W
13:26:22, 6.85%, 0%, 5.78 Gb, 3.70 Gb, 10.89 W
13:26:22, 6.96%, 0%, 5.77 Gb, 3.70 Gb, 10.89 W
13:26:22, 6.81%, 0%, 5.79 Gb, 3.70 Gb, 10.89 W
13:26:22, 6.97%, 0%, 5.78 Gb, 3.70 Gb, 10.89 W
13:26:22, 6.74%, 0%, 5.79 Gb, 3.70 Gb, 10.89 W
13:26:22, 6.86%, 0%, 5.76 Gb, 3.70 Gb, 10.89 W
13:26:22, 6.86%, 0%, 5.76 Gb, 3.70 Gb, 10.89 W
13:26:22, 6.86%, 0%, 5.76 Gb, 3.70 Gb, 10.89 W
13:26:22, 6.92%, 0%, 5.76 Gb, 3.70 Gb, 10.89 W
13:26:23, 6.68%, 0%, 5.79 Gb, 3.70 Gb, 10.89 W
13:26:23, 6.99%, 0%, 5.79 Gb, 3.70 Gb, 10.89 W
13:26:23, 6.98%, 0%, 5.79 Gb, 3.70 Gb, 10.89 W
13:26:23, 6.97%, 0%, 5.79 Gb, 3.70 Gb, 10.89 W
13:26:23, 6.97%, 0%, 5.77 Gb, 3.70 Gb, 10.89 W
13:26:23, 6.81%, 0%, 5.77 Gb, 3.70 Gb, 10.89 W
13:26:23, 6.98%, 0%, 5.78 Gb, 3.70 Gb, 10.89 W
13:26:23, 6.97%, 0%, 5.77 Gb, 3.70 Gb, 10.83 W
13:26:23, 6.99%, 0%, 5.76 Gb, 3.70 Gb, 10.83 W
13:26:23, 6.93%, 0%, 5.76 Gb, 3.70 Gb, 10.83 W
13:26:23, 6.93%, 0%, 5.76 Gb, 3.70 Gb, 10.83 W
13:26:23, 7.04%, 0%, 5.76 Gb, 3.70 Gb, 10.83 W
13:26:23, 6.87%, 0%, 5.75 Gb, 3.70 Gb, 10.83 W
13:26:23, 6.80%, 0%, 5.75 Gb, 3.70 Gb, 10.83 W
13:26:23, 6.98%, 0%, 5.76 Gb, 3.70 Gb, 10.83 W
13:26:23, 7.04%, 0%, 5.75 Gb, 3.70 Gb, 10.83 W
13:26:23, 6.98%, 0%, 5.75 Gb, 3.70 Gb, 10.83 W
13:26:23, 7.21%, 0%, 5.74 Gb, 3.70 Gb, 10.84 W
13:26:23, 7.15%, 0%, 5.74 Gb, 3.70 Gb, 10.84 W
13:26:24, 7.21%, 4%, 5.74 Gb, 3.70 Gb, 10.85 W
13:26:24, 6.81%, 4%, 5.74 Gb, 3.70 Gb, 10.86 W
13:26:24, 7.00%, 4%, 5.73 Gb, 3.70 Gb, 10.86 W
13:26:24, 7.25%, 4%, 5.73 Gb, 3.70 Gb, 10.87 W
13:26:24, 7.61%, 4%, 5.74 Gb, 3.70 Gb, 10.87 W
13:26:24, 7.66%, 4%, 5.74 Gb, 3.70 Gb, 10.87 W
13:26:24, 7.54%, 4%, 5.74 Gb, 3.70 Gb, 10.87 W
13:26:24, 7.54%, 4%, 5.74 Gb, 3.70 Gb, 10.88 W
13:26:24, 7.61%, 4%, 5.74 Gb, 3.70 Gb, 10.88 W
13:26:24, 7.84%, 4%, 5.74 Gb, 3.70 Gb, 10.92 W
13:26:24, 7.84%, 4%, 5.75 Gb, 3.70 Gb, 10.92 W
13:26:24, 7.74%, 4%, 5.73 Gb, 3.70 Gb, 10.93 W
13:26:24, 7.92%, 4%, 5.75 Gb, 3.70 Gb, 10.93 W
13:26:24, 7.97%, 4%, 5.74 Gb, 3.70 Gb, 10.93 W
13:26:24, 8.00%, 4%, 5.74 Gb, 3.70 Gb, 10.93 W
13:26:24, 8.00%, 4%, 5.74 Gb, 3.70 Gb, 10.95 W
13:26:24, 8.11%, 5%, 5.76 Gb, 3.70 Gb, 10.95 W
13:26:24, 8.23%, 5%, 5.76 Gb, 3.70 Gb, 10.76 W
13:26:24, 8.30%, 5%, 5.76 Gb, 3.70 Gb, 10.76 W
13:26:24, 8.25%, 5%, 5.76 Gb, 3.70 Gb, 10.36 W
13:26:25, 8.31%, 20%, 5.76 Gb, 3.70 Gb, 10.36 W
13:26:25, 8.47%, 20%, 5.76 Gb, 3.70 Gb, 9.93 W
13:26:25, 8.35%, 20%, 5.77 Gb, 3.70 Gb, 9.93 W
13:26:25, 8.02%, 20%, 5.77 Gb, 3.70 Gb, 9.50 W
13:26:25, 8.18%, 9%, 5.78 Gb, 3.70 Gb, 9.50 W
13:26:25, 8.13%, 9%, 5.78 Gb, 3.70 Gb, 9.02 W
13:26:25, 8.36%, 9%, 5.80 Gb, 3.70 Gb, 9.02 W
13:26:25, 8.30%, 9%, 5.80 Gb, 3.70 Gb, 8.53 W
13:26:25, 8.53%, 10%, 5.78 Gb, 3.70 Gb, 8.53 W
13:26:25, 8.23%, 10%, 5.77 Gb, 3.70 Gb, 8.05 W
13:26:25, 8.35%, 10%, 5.78 Gb, 3.70 Gb, 8.05 W
13:26:25, 8.19%, 10%, 5.77 Gb, 3.70 Gb, 7.55 W
13:26:25, 8.13%, 11%, 5.78 Gb, 3.70 Gb, 7.55 W
13:26:25, 8.21%, 11%, 5.78 Gb, 3.70 Gb, 7.12 W
13:26:25, 8.44%, 11%, 5.77 Gb, 3.70 Gb, 7.12 W
13:26:25, 8.21%, 48%, 5.78 Gb, 3.70 Gb, 6.18 W
13:26:25, 8.14%, 48%, 5.78 Gb, 3.70 Gb, 6.18 W
13:26:25, 8.07%, 48%, 5.78 Gb, 3.70 Gb, 6.01 W
13:26:25, 7.94%, 48%, 5.77 Gb, 3.70 Gb, 6.01 W
13:26:25, 7.94%, 0%, 5.76 Gb, 3.70 Gb, 5.63 W
13:26:26, 7.81%, 0%, 5.76 Gb, 3.70 Gb, 5.63 W
13:26:26, 7.64%, 0%, 5.75 Gb, 3.70 Gb, 5.42 W
13:26:26, 7.76%, 0%, 5.75 Gb, 3.70 Gb, 5.42 W
13:26:26, 7.76%, 1%, 5.75 Gb, 3.70 Gb, 5.27 W
13:26:26, 7.63%, 1%, 5.74 Gb, 3.70 Gb, 5.27 W
13:26:26, 7.93%, 1%, 5.74 Gb, 3.70 Gb, 5.11 W
13:26:26, 7.81%, 1%, 5.74 Gb, 3.70 Gb, 5.06 W
13:26:26, 7.69%, 14%, 5.75 Gb, 3.70 Gb, 5.06 W
13:26:26, 7.56%, 14%, 5.75 Gb, 3.70 Gb, 5.03 W
13:26:26, 7.49%, 14%, 5.77 Gb, 3.70 Gb, 5.03 W
13:26:26, 7.56%, 14%, 5.77 Gb, 3.70 Gb, 5.01 W
13:26:26, 7.62%, 12%, 5.77 Gb, 3.70 Gb, 5.01 W
13:26:26, 7.57%, 12%, 5.76 Gb, 3.70 Gb, 4.99 W
13:26:26, 7.31%, 12%, 5.76 Gb, 3.70 Gb, 4.99 W
13:26:26, 7.31%, 12%, 5.74 Gb, 3.70 Gb, 4.91 W
13:26:26, 7.31%, 11%, 5.74 Gb, 3.70 Gb, 4.91 W
13:26:26, 7.19%, 11%, 5.75 Gb, 3.70 Gb, 4.88 W
13:26:26, 7.33%, 11%, 5.73 Gb, 3.70 Gb, 4.88 W
13:26:26, 7.38%, 11%, 5.75 Gb, 3.70 Gb, 4.95 W
13:26:27, 7.69%, 9%, 5.76 Gb, 3.70 Gb, 4.95 W
13:26:27, 7.67%, 9%, 5.76 Gb, 3.70 Gb, 5.06 W
13:26:27, 7.73%, 9%, 5.75 Gb, 3.70 Gb, 5.06 W
13:26:27, 7.98%, 9%, 5.75 Gb, 3.70 Gb, 5.17 W
13:26:27, 7.79%, 12%, 5.77 Gb, 3.70 Gb, 5.17 W
13:26:27, 7.41%, 12%, 5.77 Gb, 3.70 Gb, 5.24 W
13:26:27, 7.69%, 12%, 5.75 Gb, 3.70 Gb, 5.24 W
13:26:27, 7.88%, 12%, 5.75 Gb, 3.70 Gb, 5.36 W
13:26:27, 7.99%, 24%, 5.77 Gb, 3.70 Gb, 5.36 W
13:26:27, 8.00%, 24%, 5.75 Gb, 3.70 Gb, 5.36 W
13:26:27, 7.83%, 24%, 5.74 Gb, 3.70 Gb, 5.36 W
13:26:27, 7.93%, 24%, 5.74 Gb, 3.70 Gb, 5.25 W
13:26:27, 7.94%, 7%, 5.73 Gb, 3.70 Gb, 5.25 W
13:26:27, 7.75%, 7%, 5.72 Gb, 3.70 Gb, 5.11 W
13:26:27, 7.79%, 7%, 5.74 Gb, 3.70 Gb, 5.11 W
13:26:27, 7.78%, 7%, 5.75 Gb, 3.70 Gb, 4.99 W
13:26:27, 8.02%, 0%, 5.74 Gb, 3.70 Gb, 4.99 W
13:26:27, 7.67%, 0%, 5.74 Gb, 3.70 Gb, 4.98 W
13:26:27, 7.96%, 0%, 5.74 Gb, 3.70 Gb, 4.98 W
13:26:27, 7.91%, 0%, 5.75 Gb, 3.70 Gb, 4.89 W
13:26:28, 7.73%, 21%, 5.75 Gb, 3.70 Gb, 4.89 W
13:26:28, 7.67%, 21%, 5.77 Gb, 3.70 Gb, 4.74 W
13:26:28, 7.43%, 21%, 5.75 Gb, 3.70 Gb, 4.74 W
13:26:28, 7.49%, 0%, 5.75 Gb, 3.70 Gb, 4.66 W
13:26:28, 7.56%, 0%, 5.75 Gb, 3.70 Gb, 4.66 W
13:26:28, 7.72%, 0%, 5.75 Gb, 3.70 Gb, 4.53 W
13:26:28, 7.42%, 0%, 5.75 Gb, 3.70 Gb, 4.53 W
13:26:28, 7.24%, 20%, 5.75 Gb, 3.70 Gb, 4.39 W
13:26:28, 7.00%, 20%, 5.77 Gb, 3.70 Gb, 4.39 W
13:26:28, 7.11%, 20%, 5.77 Gb, 3.70 Gb, 4.36 W
13:26:28, 7.34%, 20%, 5.76 Gb, 3.70 Gb, 4.23 W
13:26:28, 7.29%, 0%, 5.75 Gb, 3.70 Gb, 4.23 W
13:26:28, 7.29%, 0%, 5.75 Gb, 3.70 Gb, 4.22 W
13:26:28, 7.13%, 0%, 5.75 Gb, 3.70 Gb, 4.22 W
13:26:28, 7.18%, 0%, 5.74 Gb, 3.70 Gb, 4.20 W
13:26:28, 7.12%, 0%, 5.74 Gb, 3.70 Gb, 4.20 W
13:26:28, 7.11%, 0%, 5.75 Gb, 3.70 Gb, 4.20 W
13:26:28, 7.05%, 0%, 5.74 Gb, 3.70 Gb, 4.20 W
13:26:28, 6.99%, 0%, 5.76 Gb, 3.70 Gb, 4.05 W
13:26:29, 7.11%, 0%, 5.76 Gb, 3.70 Gb, 4.05 W
13:26:29, 7.22%, 0%, 5.76 Gb, 3.70 Gb, 4.03 W
13:26:29, 7.04%, 0%, 5.76 Gb, 3.70 Gb, 4.03 W
13:26:29, 7.16%, 0%, 5.77 Gb, 3.70 Gb, 4.01 W
13:26:29, 7.22%, 0%, 5.77 Gb, 3.70 Gb, 4.01 W
13:26:29, 7.04%, 0%, 5.76 Gb, 3.70 Gb, 4.01 W
13:26:29, 7.10%, 0%, 5.76 Gb, 3.70 Gb, 4.01 W
13:26:29, 6.86%, 0%, 5.76 Gb, 3.70 Gb, 4.01 W
13:26:29, 7.09%, 0%, 5.75 Gb, 3.70 Gb, 3.87 W
13:26:29, 7.16%, 0%, 5.76 Gb, 3.70 Gb, 3.96 W
13:26:29, 7.27%, 0%, 5.77 Gb, 3.70 Gb, 3.96 W
13:26:29, 7.24%, 0%, 5.78 Gb, 3.70 Gb, 4.14 W
13:26:29, 7.22%, 45%, 5.77 Gb, 3.70 Gb, 4.14 W
13:26:29, 7.42%, 45%, 5.76 Gb, 3.70 Gb, 4.16 W
13:26:29, 7.35%, 45%, 5.78 Gb, 3.70 Gb, 4.16 W
13:26:29, 7.17%, 45%, 5.79 Gb, 3.70 Gb, 4.14 W
13:26:29, 7.42%, 0%, 5.78 Gb, 3.70 Gb, 4.14 W
13:26:29, 7.48%, 0%, 5.78 Gb, 3.70 Gb, 4.34 W
13:26:29, 7.44%, 0%, 5.77 Gb, 3.70 Gb, 4.34 W
13:26:29, 7.74%, 0%, 5.77 Gb, 3.70 Gb, 4.56 W
13:26:30, 7.61%, 66%, 5.76 Gb, 3.70 Gb, 4.56 W
13:26:30, 7.68%, 66%, 5.76 Gb, 3.70 Gb, 4.57 W
13:26:30, 7.80%, 66%, 5.75 Gb, 3.70 Gb, 4.57 W
13:26:30, 7.80%, 66%, 5.74 Gb, 3.70 Gb, 4.68 W
13:26:30, 8.16%, 19%, 5.74 Gb, 3.70 Gb, 4.68 W
13:26:30, 8.36%, 19%, 5.76 Gb, 3.70 Gb, 4.93 W
13:26:30, 8.35%, 19%, 5.75 Gb, 3.70 Gb, 4.93 W
13:26:30, 8.30%, 41%, 5.75 Gb, 3.70 Gb, 5.01 W
13:26:30, 8.12%, 41%, 5.77 Gb, 3.70 Gb, 5.01 W
13:26:30, 7.94%, 41%, 5.78 Gb, 3.70 Gb, 5.09 W
13:26:30, 8.24%, 41%, 5.77 Gb, 3.70 Gb, 5.09 W
13:26:30, 8.35%, 45%, 5.77 Gb, 3.70 Gb, 5.18 W
13:26:30, 8.44%, 45%, 5.76 Gb, 3.70 Gb, 5.18 W
13:26:30, 8.53%, 45%, 5.77 Gb, 3.70 Gb, 5.10 W
13:26:30, 8.48%, 45%, 5.78 Gb, 3.70 Gb, 5.10 W
13:26:30, 8.36%, 9%, 5.78 Gb, 3.70 Gb, 5.11 W
13:26:30, 8.42%, 9%, 5.76 Gb, 3.71 Gb, 5.32 W
13:26:30, 8.50%, 9%, 5.76 Gb, 3.70 Gb, 5.32 W
13:26:30, 8.32%, 9%, 5.75 Gb, 3.70 Gb, 5.28 W
13:26:31, 8.30%, 29%, 5.75 Gb, 3.70 Gb, 5.28 W
13:26:31, 8.19%, 29%, 5.75 Gb, 3.70 Gb, 5.10 W
13:26:31, 8.18%, 29%, 5.75 Gb, 3.70 Gb, 5.10 W
13:26:31, 8.31%, 29%, 5.76 Gb, 3.70 Gb, 5.29 W
13:26:31, 8.38%, 19%, 5.76 Gb, 3.70 Gb, 5.29 W
13:26:31, 8.21%, 19%, 5.77 Gb, 3.70 Gb, 5.45 W
13:26:31, 8.26%, 19%, 5.77 Gb, 3.70 Gb, 5.45 W
13:26:31, 8.31%, 19%, 5.77 Gb, 3.70 Gb, 5.25 W
13:26:31, 8.37%, 16%, 5.78 Gb, 3.70 Gb, 5.25 W
13:26:31, 8.32%, 16%, 5.76 Gb, 3.70 Gb, 5.28 W
13:26:31, 8.40%, 16%, 5.76 Gb, 3.70 Gb, 5.28 W
13:26:31, 8.25%, 16%, 5.76 Gb, 3.70 Gb, 5.46 W
13:26:31, 8.21%, 31%, 5.75 Gb, 3.70 Gb, 5.46 W
13:26:31, 8.38%, 31%, 5.75 Gb, 3.70 Gb, 5.23 W
13:26:31, 8.38%, 31%, 5.75 Gb, 3.70 Gb, 5.23 W
13:26:31, 8.44%, 31%, 5.74 Gb, 3.70 Gb, 5.23 W
13:26:31, 8.64%, 9%, 5.73 Gb, 3.70 Gb, 5.23 W
13:26:31, 8.52%, 9%, 5.74 Gb, 3.70 Gb, 5.48 W
13:26:31, 8.55%, 9%, 5.74 Gb, 3.70 Gb, 5.48 W
13:26:31, 8.43%, 9%, 5.75 Gb, 3.70 Gb, 5.32 W
13:26:32, 8.39%, 22%, 5.77 Gb, 3.70 Gb, 5.32 W
13:26:32, 8.50%, 22%, 5.77 Gb, 3.70 Gb, 5.23 W
13:26:32, 8.45%, 22%, 5.79 Gb, 3.70 Gb, 5.23 W
13:26:32, 8.68%, 22%, 5.78 Gb, 3.70 Gb, 5.47 W
13:26:32, 8.56%, 28%, 5.79 Gb, 3.70 Gb, 5.47 W
13:26:32, 8.32%, 28%, 5.78 Gb, 3.70 Gb, 5.35 W
13:26:32, 8.26%, 28%, 5.79 Gb, 3.70 Gb, 5.35 W
13:26:32, 8.39%, 28%, 5.75 Gb, 3.70 Gb, 5.14 W
13:26:32, 8.51%, 5%, 5.75 Gb, 3.70 Gb, 5.14 W
13:26:32, 8.58%, 5%, 5.77 Gb, 3.70 Gb, 5.36 W
13:26:32, 8.75%, 5%, 5.78 Gb, 3.70 Gb, 5.36 W
13:26:32, 8.44%, 48%, 5.78 Gb, 3.70 Gb, 5.29 W
13:26:32, 8.44%, 48%, 5.77 Gb, 3.70 Gb, 5.29 W
13:26:32, 8.38%, 48%, 5.77 Gb, 3.70 Gb, 5.12 W
13:26:32, 8.85%, 48%, 5.78 Gb, 3.70 Gb, 5.12 W
13:26:32, 8.68%, 43%, 5.79 Gb, 3.70 Gb, 5.33 W
13:26:32, 8.79%, 43%, 5.77 Gb, 3.70 Gb, 5.33 W
13:26:32, 8.49%, 43%, 5.77 Gb, 3.70 Gb, 5.31 W
13:26:32, 8.50%, 43%, 5.77 Gb, 3.70 Gb, 5.31 W
13:26:33, 8.61%, 12%, 5.76 Gb, 3.70 Gb, 5.05 W
13:26:33, 8.61%, 12%, 5.75 Gb, 3.70 Gb, 5.23 W
13:26:33, 8.81%, 12%, 5.78 Gb, 3.70 Gb, 5.23 W
13:26:33, 8.74%, 12%, 5.77 Gb, 3.70 Gb, 5.34 W
13:26:33, 8.67%, 59%, 5.76 Gb, 3.70 Gb, 5.34 W
13:26:33, 8.49%, 59%, 5.77 Gb, 3.70 Gb, 5.11 W
13:26:33, 8.61%, 59%, 5.79 Gb, 3.70 Gb, 5.11 W
13:26:33, 8.67%, 59%, 5.79 Gb, 3.70 Gb, 5.22 W
13:26:33, 8.78%, 18%, 5.79 Gb, 3.70 Gb, 5.22 W
13:26:33, 8.61%, 18%, 5.79 Gb, 3.70 Gb, 5.37 W
13:26:33, 8.31%, 18%, 5.78 Gb, 3.70 Gb, 5.37 W
13:26:33, 8.24%, 18%, 5.77 Gb, 3.70 Gb, 5.14 W
13:26:33, 8.24%, 11%, 5.76 Gb, 3.70 Gb, 5.14 W
13:26:33, 8.25%, 11%, 5.76 Gb, 3.70 Gb, 5.23 W
13:26:33, 8.47%, 11%, 5.74 Gb, 3.70 Gb, 5.23 W
13:26:33, 8.43%, 11%, 5.76 Gb, 3.70 Gb, 5.40 W
13:26:33, 8.25%, 25%, 5.75 Gb, 3.70 Gb, 5.40 W
13:26:33, 8.32%, 25%, 5.74 Gb, 3.70 Gb, 5.18 W
13:26:33, 8.19%, 25%, 5.75 Gb, 3.70 Gb, 5.18 W
13:26:33, 8.24%, 25%, 5.77 Gb, 3.70 Gb, 5.24 W
13:26:34, 8.61%, 12%, 5.77 Gb, 3.70 Gb, 5.24 W
13:26:34, 8.44%, 12%, 5.77 Gb, 3.70 Gb, 5.51 W
13:26:34, 8.26%, 12%, 5.77 Gb, 3.70 Gb, 5.51 W
13:26:34, 8.07%, 12%, 5.77 Gb, 3.70 Gb, 5.33 W
13:26:34, 8.24%, 18%, 5.77 Gb, 3.70 Gb, 5.33 W
13:26:34, 8.24%, 18%, 5.77 Gb, 3.70 Gb, 5.26 W
13:26:34, 8.47%, 18%, 5.77 Gb, 3.70 Gb, 5.26 W
13:26:34, 8.18%, 18%, 5.77 Gb, 3.70 Gb, 5.41 W
13:26:34, 8.23%, 14%, 5.77 Gb, 3.70 Gb, 5.41 W
13:26:34, 8.06%, 14%, 5.75 Gb, 3.70 Gb, 5.37 W
13:26:34, 8.13%, 14%, 5.75 Gb, 3.70 Gb, 5.37 W
13:26:34, 8.17%, 14%, 5.77 Gb, 3.70 Gb, 5.35 W
13:26:34, 8.25%, 10%, 5.77 Gb, 3.70 Gb, 5.35 W
13:26:34, 8.25%, 10%, 5.78 Gb, 3.70 Gb, 5.51 W
13:26:34, 8.01%, 10%, 5.78 Gb, 3.70 Gb, 5.51 W
13:26:34, 8.06%, 8%, 5.77 Gb, 3.70 Gb, 5.47 W
13:26:34, 7.94%, 8%, 5.76 Gb, 3.70 Gb, 5.47 W
13:26:34, 8.07%, 8%, 5.76 Gb, 3.70 Gb, 5.38 W
13:26:34, 8.06%, 8%, 5.77 Gb, 3.70 Gb, 5.38 W
13:26:34, 8.01%, 10%, 5.77 Gb, 3.70 Gb, 5.44 W
13:26:35, 7.86%, 10%, 5.78 Gb, 3.70 Gb, 5.44 W
13:26:35, 8.03%, 10%, 5.80 Gb, 3.70 Gb, 5.18 W
13:26:35, 8.04%, 10%, 5.79 Gb, 3.70 Gb, 5.18 W
13:26:35, 7.87%, 14%, 5.78 Gb, 3.70 Gb, 5.20 W
13:26:35, 7.82%, 14%, 5.79 Gb, 3.70 Gb, 5.29 W
13:26:35, 7.88%, 14%, 5.78 Gb, 3.70 Gb, 5.29 W
13:26:35, 7.75%, 14%, 5.78 Gb, 3.70 Gb, 5.32 W
13:26:35, 7.63%, 15%, 5.77 Gb, 3.70 Gb, 5.32 W
13:26:35, 7.77%, 15%, 5.77 Gb, 3.70 Gb, 5.28 W
13:26:35, 7.81%, 15%, 5.77 Gb, 3.70 Gb, 5.28 W
13:26:35, 7.81%, 15%, 5.78 Gb, 3.70 Gb, 5.19 W
13:26:35, 7.98%, 12%, 5.78 Gb, 3.70 Gb, 5.19 W
13:26:35, 7.68%, 12%, 5.78 Gb, 3.70 Gb, 5.08 W
13:26:35, 7.74%, 12%, 5.78 Gb, 3.70 Gb, 5.08 W
13:26:35, 7.63%, 12%, 5.77 Gb, 3.70 Gb, 4.98 W
13:26:35, 7.64%, 15%, 5.76 Gb, 3.70 Gb, 4.98 W
13:26:35, 7.68%, 15%, 5.77 Gb, 3.70 Gb, 4.96 W
13:26:35, 7.85%, 15%, 5.77 Gb, 3.70 Gb, 4.96 W
13:26:35, 7.69%, 15%, 5.78 Gb, 3.70 Gb, 4.96 W
13:26:36, 7.69%, 16%, 5.80 Gb, 3.70 Gb, 4.96 W
13:26:36, 7.34%, 16%, 5.81 Gb, 3.70 Gb, 4.96 W
13:26:36, 7.46%, 16%, 5.80 Gb, 3.70 Gb, 4.96 W
13:26:36, 7.45%, 16%, 5.80 Gb, 3.70 Gb, 4.95 W
13:26:36, 7.45%, 16%, 5.80 Gb, 3.70 Gb, 4.95 W
13:26:36, 7.21%, 16%, 5.80 Gb, 3.70 Gb, 4.85 W
13:26:36, 7.40%, 16%, 5.78 Gb, 3.70 Gb, 4.85 W
13:26:36, 7.44%, 16%, 5.78 Gb, 3.70 Gb, 4.83 W
13:26:36, 7.44%, 8%, 5.78 Gb, 3.70 Gb, 4.83 W
13:26:36, 7.38%, 8%, 5.78 Gb, 3.70 Gb, 4.84 W
13:26:36, 7.37%, 8%, 5.76 Gb, 3.70 Gb, 4.84 W
13:26:36, 7.44%, 8%, 5.78 Gb, 3.70 Gb, 4.85 W
13:26:36, 7.50%, 14%, 5.79 Gb, 3.70 Gb, 4.85 W
13:26:36, 7.79%, 14%, 5.78 Gb, 3.70 Gb, 4.92 W
13:26:36, 7.63%, 14%, 5.79 Gb, 3.70 Gb, 4.92 W
13:26:36, 7.63%, 14%, 5.79 Gb, 3.70 Gb, 5.00 W
13:26:36, 7.69%, 15%, 5.79 Gb, 3.70 Gb, 5.00 W
13:26:36, 7.63%, 15%, 5.79 Gb, 3.70 Gb, 5.07 W
13:26:36, 7.57%, 15%, 5.81 Gb, 3.70 Gb, 5.07 W
13:26:36, 7.75%, 15%, 5.80 Gb, 3.70 Gb, 5.14 W
13:26:37, 7.74%, 15%, 5.80 Gb, 3.70 Gb, 5.14 W
13:26:37, 7.86%, 15%, 5.78 Gb, 3.70 Gb, 5.21 W
13:26:37, 7.86%, 15%, 5.79 Gb, 3.70 Gb, 5.21 W
13:26:37, 7.94%, 15%, 5.79 Gb, 3.70 Gb, 5.28 W
13:26:37, 8.16%, 15%, 5.79 Gb, 3.70 Gb, 5.28 W
13:26:37, 8.00%, 15%, 5.79 Gb, 3.70 Gb, 5.35 W
13:26:37, 8.00%, 15%, 5.77 Gb, 3.70 Gb, 5.35 W
13:26:37, 7.95%, 14%, 5.78 Gb, 3.70 Gb, 5.46 W
13:26:37, 7.96%, 14%, 5.79 Gb, 3.70 Gb, 5.46 W
13:26:37, 8.01%, 14%, 5.78 Gb, 3.70 Gb, 5.55 W
13:26:37, 7.95%, 14%, 5.78 Gb, 3.70 Gb, 5.56 W
13:26:37, 8.00%, 15%, 5.78 Gb, 3.70 Gb, 5.56 W
13:26:37, 7.88%, 15%, 5.78 Gb, 3.70 Gb, 5.43 W
13:26:37, 7.92%, 15%, 5.77 Gb, 3.70 Gb, 5.43 W
13:26:37, 7.75%, 15%, 5.77 Gb, 3.70 Gb, 5.28 W
13:26:37, 7.81%, 0%, 5.76 Gb, 3.70 Gb, 5.28 W
13:26:37, 7.75%, 0%, 5.76 Gb, 3.70 Gb, 5.14 W
13:26:37, 7.63%, 0%, 5.78 Gb, 3.70 Gb, 5.14 W
13:26:37, 7.63%, 0%, 5.77 Gb, 3.70 Gb, 5.02 W
13:26:38, 7.68%, 6%, 5.77 Gb, 3.70 Gb, 5.02 W
13:26:38, 7.56%, 6%, 5.77 Gb, 3.70 Gb, 4.80 W
13:26:38, 7.44%, 6%, 5.77 Gb, 3.70 Gb, 4.80 W
13:26:38, 7.62%, 6%, 5.76 Gb, 3.70 Gb, 4.72 W
13:26:38, 7.43%, 0%, 5.76 Gb, 3.70 Gb, 4.72 W
13:26:38, 7.37%, 0%, 5.75 Gb, 3.70 Gb, 4.56 W
13:26:38, 7.26%, 0%, 5.75 Gb, 3.70 Gb, 4.56 W
13:26:38, 7.43%, 0%, 5.74 Gb, 3.70 Gb, 4.31 W
13:26:38, 7.54%, 3%, 5.73 Gb, 3.70 Gb, 4.31 W
13:26:38, 7.37%, 3%, 5.73 Gb, 3.70 Gb, 4.26 W
13:26:38, 7.36%, 3%, 5.74 Gb, 3.70 Gb, 4.26 W
13:26:38, 7.18%, 3%, 5.73 Gb, 3.70 Gb, 4.11 W
13:26:38, 7.08%, 0%, 5.75 Gb, 3.70 Gb, 4.11 W
13:26:38, 6.65%, 0%, 5.75 Gb, 3.70 Gb, 3.94 W
13:26:38, 7.07%, 0%, 5.74 Gb, 3.70 Gb, 3.94 W
13:26:38, 7.00%, 0%, 5.75 Gb, 3.70 Gb, 3.95 W
13:26:38, 7.08%, 2%, 5.73 Gb, 3.70 Gb, 3.95 W
13:26:38, 7.13%, 2%, 5.73 Gb, 3.70 Gb, 3.95 W
13:26:38, 6.95%, 2%, 5.73 Gb, 3.70 Gb, 3.95 W
13:26:38, 7.01%, 2%, 5.73 Gb, 3.70 Gb, 3.94 W
13:26:39, 6.82%, 0%, 5.73 Gb, 3.70 Gb, 3.94 W
13:26:39, 7.01%, 0%, 5.74 Gb, 3.70 Gb, 3.89 W
13:26:39, 6.77%, 0%, 5.75 Gb, 3.70 Gb, 3.89 W
13:26:39, 7.12%, 0%, 5.75 Gb, 3.70 Gb, 4.08 W
13:26:39, 7.19%, 35%, 5.75 Gb, 3.70 Gb, 4.08 W
13:26:39, 7.19%, 35%, 5.76 Gb, 3.70 Gb, 4.28 W
13:26:39, 7.32%, 35%, 5.75 Gb, 3.70 Gb, 4.28 W
13:26:39, 7.33%, 67%, 5.76 Gb, 3.70 Gb, 4.47 W
13:26:39, 7.65%, 67%, 5.75 Gb, 3.69 Gb, 4.47 W
13:26:39, 7.72%, 67%, 5.74 Gb, 3.69 Gb, 4.66 W
13:26:39, 7.85%, 67%, 5.76 Gb, 3.69 Gb, 4.66 W
13:26:39, 7.85%, 76%, 5.78 Gb, 3.69 Gb, 4.88 W
13:26:39, 8.03%, 76%, 5.76 Gb, 3.69 Gb, 4.88 W
13:26:39, 8.13%, 76%, 5.76 Gb, 3.69 Gb, 5.48 W
13:26:39, 8.02%, 76%, 5.76 Gb, 3.69 Gb, 5.48 W
13:26:39, 8.08%, 0%, 5.76 Gb, 3.69 Gb, 6.11 W
13:26:39, 7.96%, 0%, 5.75 Gb, 3.69 Gb, 6.72 W
13:26:39, 8.09%, 0%, 5.76 Gb, 3.69 Gb, 6.72 W
13:26:39, 8.15%, 0%, 5.77 Gb, 3.69 Gb, 7.35 W
13:26:40, 8.11%, 0%, 5.76 Gb, 3.69 Gb, 7.35 W
13:26:40, 8.14%, 0%, 5.76 Gb, 3.69 Gb, 7.99 W
13:26:40, 8.14%, 0%, 5.76 Gb, 3.69 Gb, 7.99 W
13:26:40, 8.08%, 0%, 5.78 Gb, 3.69 Gb, 8.62 W
13:26:40, 8.08%, 0%, 5.79 Gb, 3.69 Gb, 8.62 W
13:26:40, 7.90%, 0%, 5.78 Gb, 3.69 Gb, 9.07 W
13:26:40, 7.77%, 0%, 5.76 Gb, 3.69 Gb, 9.07 W
13:26:40, 7.59%, 0%, 5.78 Gb, 3.69 Gb, 9.51 W
13:26:40, 7.59%, 1%, 5.78 Gb, 3.69 Gb, 9.51 W
13:26:40, 7.33%, 1%, 5.78 Gb, 3.69 Gb, 9.95 W
13:26:40, 7.38%, 1%, 5.78 Gb, 3.69 Gb, 9.95 W
13:26:40, 7.31%, 1%, 5.74 Gb, 3.69 Gb, 10.38 W
13:26:40, 7.38%, 3%, 5.74 Gb, 3.69 Gb, 10.38 W
13:26:40, 7.21%, 3%, 5.76 Gb, 3.69 Gb, 10.79 W
13:26:40, 7.60%, 3%, 5.78 Gb, 3.69 Gb, 10.79 W
13:26:40, 7.31%, 3%, 5.79 Gb, 3.69 Gb, 10.83 W
13:26:40, 7.62%, 1%, 5.80 Gb, 3.69 Gb, 10.83 W
13:26:40, 7.75%, 1%, 5.79 Gb, 3.70 Gb, 10.85 W
13:26:40, 7.78%, 1%, 5.78 Gb, 3.70 Gb, 10.85 W
13:26:40, 8.20%, 1%, 5.78 Gb, 3.70 Gb, 10.93 W
13:26:41, 8.82%, 11%, 5.78 Gb, 3.70 Gb, 10.93 W
13:26:41, 9.21%, 11%, 5.79 Gb, 3.70 Gb, 11.02 W
13:26:41, 9.57%, 11%, 5.76 Gb, 3.69 Gb, 11.02 W
13:26:41, 9.48%, 11%, 5.77 Gb, 3.69 Gb, 11.07 W
13:26:41, 9.39%, 13%, 5.77 Gb, 3.69 Gb, 11.07 W
13:26:41, 9.41%, 13%, 5.78 Gb, 3.69 Gb, 11.09 W
13:26:41, 9.52%, 13%, 5.78 Gb, 3.69 Gb, 11.09 W
13:26:41, 9.50%, 13%, 5.79 Gb, 3.69 Gb, 11.07 W
13:26:41, 9.39%, 3%, 5.76 Gb, 3.69 Gb, 11.07 W
13:26:41, 9.58%, 3%, 5.76 Gb, 3.69 Gb, 10.65 W
13:26:41, 9.40%, 3%, 5.78 Gb, 3.69 Gb, 10.65 W
13:26:41, 9.44%, 3%, 5.76 Gb, 3.69 Gb, 10.14 W
13:26:41, 9.43%, 0%, 5.76 Gb, 3.69 Gb, 10.14 W
13:26:41, 9.26%, 0%, 5.77 Gb, 3.69 Gb, 9.80 W
13:26:41, 9.27%, 0%, 5.77 Gb, 3.69 Gb, 9.80 W
13:26:41, 9.38%, 6%, 5.76 Gb, 3.69 Gb, 9.40 W
13:26:41, 9.26%, 6%, 5.76 Gb, 3.69 Gb, 9.40 W
13:26:41, 8.90%, 6%, 5.76 Gb, 3.69 Gb, 8.94 W
13:26:41, 8.69%, 6%, 5.75 Gb, 3.69 Gb, 8.94 W
13:26:41, 8.01%, 0%, 5.74 Gb, 3.69 Gb, 8.32 W
13:26:42, 7.45%, 0%, 5.74 Gb, 3.69 Gb, 8.32 W
13:26:42, 7.37%, 0%, 5.75 Gb, 3.69 Gb, 7.78 W
13:26:42, 7.25%, 0%, 5.75 Gb, 3.69 Gb, 7.78 W
13:26:42, 7.17%, 1%, 5.75 Gb, 3.69 Gb, 7.14 W
13:26:42, 7.01%, 1%, 5.77 Gb, 3.69 Gb, 6.55 W
13:26:42, 7.06%, 1%, 5.78 Gb, 3.69 Gb, 6.55 W
13:26:42, 6.87%, 1%, 5.78 Gb, 3.69 Gb, 5.95 W
13:26:42, 6.89%, 1%, 5.77 Gb, 3.69 Gb, 5.95 W
13:26:42, 6.96%, 1%, 5.77 Gb, 3.69 Gb, 5.36 W
13:26:42, 7.00%, 1%, 5.77 Gb, 3.69 Gb, 5.36 W
13:26:42, 6.90%, 1%, 5.77 Gb, 3.69 Gb, 5.21 W
13:26:42, 6.77%, 1%, 5.75 Gb, 3.69 Gb, 5.21 W
13:26:42, 6.54%, 1%, 5.76 Gb, 3.69 Gb, 4.92 W
13:26:42, 6.54%, 1%, 5.76 Gb, 3.69 Gb, 4.92 W
13:26:42, 6.77%, 1%, 5.75 Gb, 3.69 Gb, 4.68 W
13:26:42, 6.65%, 1%, 5.77 Gb, 3.69 Gb, 4.68 W
13:26:42, 6.59%, 1%, 5.77 Gb, 3.69 Gb, 4.61 W
13:26:42, 6.94%, 1%, 5.75 Gb, 3.69 Gb, 4.61 W
13:26:42, 6.81%, 1%, 5.77 Gb, 3.69 Gb, 4.43 W
13:26:43, 6.88%, 0%, 5.78 Gb, 3.69 Gb, 4.43 W
13:26:43, 6.88%, 0%, 5.78 Gb, 3.69 Gb, 4.41 W
13:26:43, 6.87%, 0%, 5.78 Gb, 3.69 Gb, 4.41 W
13:26:43, 6.88%, 0%, 5.77 Gb, 3.69 Gb, 4.18 W
13:26:43, 6.93%, 0%, 5.77 Gb, 3.69 Gb, 4.18 W
13:26:43, 7.05%, 0%, 5.77 Gb, 3.69 Gb, 4.16 W
13:26:43, 6.75%, 0%, 5.78 Gb, 3.69 Gb, 4.16 W
13:26:43, 6.99%, 0%, 5.79 Gb, 3.69 Gb, 4.07 W
13:26:43, 7.48%, 0%, 5.79 Gb, 3.69 Gb, 4.07 W
13:26:43, 7.68%, 0%, 5.79 Gb, 3.69 Gb, 4.03 W
13:26:43, 7.61%, 0%, 5.77 Gb, 3.69 Gb, 4.03 W
13:26:43, 7.88%, 0%, 5.77 Gb, 3.69 Gb, 3.98 W
13:26:43, 7.97%, 0%, 5.75 Gb, 3.69 Gb, 3.98 W
13:26:43, 8.22%, 0%, 5.75 Gb, 3.70 Gb, 4.02 W
13:26:43, 7.81%, 0%, 5.73 Gb, 3.70 Gb, 4.02 W
13:26:43, 8.04%, 0%, 5.73 Gb, 3.70 Gb, 4.18 W
13:26:43, 8.02%, 20%, 5.73 Gb, 3.70 Gb, 4.18 W
13:26:43, 7.86%, 20%, 5.75 Gb, 3.70 Gb, 4.33 W
13:26:43, 8.05%, 20%, 5.73 Gb, 3.70 Gb, 4.33 W
13:26:43, 7.93%, 35%, 5.74 Gb, 3.70 Gb, 4.52 W
13:26:44, 8.05%, 35%, 5.74 Gb, 3.70 Gb, 4.52 W
13:26:44, 8.49%, 35%, 5.80 Gb, 3.70 Gb, 4.70 W
13:26:44, 8.75%, 35%, 5.79 Gb, 3.70 Gb, 4.70 W
13:26:44, 9.37%, 44%, 5.90 Gb, 3.70 Gb, 4.86 W
13:26:44, 9.69%, 44%, 6.01 Gb, 3.70 Gb, 4.86 W
13:26:44, 9.97%, 44%, 6.01 Gb, 3.69 Gb, 5.01 W
13:26:44, 9.69%, 44%, 6.00 Gb, 3.69 Gb, 5.01 W
13:26:44, 9.65%, 25%, 6.02 Gb, 3.69 Gb, 5.07 W
13:26:44, 9.02%, 25%, 6.02 Gb, 3.69 Gb, 5.07 W
13:26:44, 8.84%, 25%, 6.03 Gb, 3.69 Gb, 5.07 W
13:26:44, 9.08%, 25%, 6.03 Gb, 3.69 Gb, 5.05 W
13:26:44, 8.85%, 0%, 6.00 Gb, 3.69 Gb, 5.05 W
13:26:44, 8.64%, 0%, 6.02 Gb, 3.69 Gb, 5.04 W
13:26:44, 8.76%, 0%, 6.00 Gb, 3.69 Gb, 5.04 W
13:26:44, 8.65%, 0%, 6.03 Gb, 3.69 Gb, 4.97 W
13:26:44, 8.47%, 2%, 6.03 Gb, 3.69 Gb, 4.97 W
13:26:44, 8.53%, 2%, 6.03 Gb, 3.69 Gb, 4.69 W
13:26:44, 8.58%, 2%, 6.03 Gb, 3.69 Gb, 4.69 W
13:26:44, 8.40%, 2%, 6.04 Gb, 3.69 Gb, 4.47 W
13:26:45, 8.45%, 0%, 6.02 Gb, 3.69 Gb, 4.47 W
13:26:45, 8.08%, 0%, 6.00 Gb, 3.69 Gb, 4.43 W
13:26:45, 7.66%, 0%, 6.00 Gb, 3.69 Gb, 4.43 W
13:26:45, 7.09%, 0%, 5.98 Gb, 3.69 Gb, 4.25 W
13:26:45, 6.89%, 1%, 5.98 Gb, 3.69 Gb, 4.25 W
13:26:45, 6.50%, 1%, 5.99 Gb, 3.69 Gb, 3.93 W
13:26:45, 6.56%, 1%, 5.98 Gb, 3.69 Gb, 3.93 W
13:26:45, 6.71%, 1%, 6.00 Gb, 3.69 Gb, 3.87 W
13:26:45, 6.94%, 5%, 5.99 Gb, 3.69 Gb, 3.87 W
13:26:45, 7.20%, 5%, 6.00 Gb, 3.69 Gb, 3.94 W
13:26:45, 7.07%, 5%, 6.00 Gb, 3.69 Gb, 3.94 W
13:26:45, 7.07%, 5%, 5.97 Gb, 3.69 Gb, 3.94 W
13:26:45, 7.13%, 5%, 5.97 Gb, 3.69 Gb, 3.94 W
13:26:45, 7.12%, 5%, 5.97 Gb, 3.69 Gb, 3.94 W
13:26:45, 7.12%, 5%, 5.97 Gb, 3.69 Gb, 3.94 W
13:26:45, 7.12%, 5%, 5.96 Gb, 3.69 Gb, 3.95 W
13:26:45, 7.24%, 2%, 5.95 Gb, 3.69 Gb, 3.95 W
13:26:45, 7.07%, 2%, 5.93 Gb, 3.69 Gb, 3.94 W
13:26:45, 7.25%, 2%, 5.92 Gb, 3.69 Gb, 3.94 W
13:26:45, 7.00%, 2%, 5.94 Gb, 3.69 Gb, 3.98 W
13:26:46, 7.18%, 6%, 5.95 Gb, 3.69 Gb, 3.98 W
13:26:46, 7.37%, 6%, 5.97 Gb, 3.69 Gb, 4.03 W
13:26:46, 7.26%, 6%, 5.97 Gb, 3.69 Gb, 4.03 W
13:26:46, 7.25%, 11%, 5.97 Gb, 3.69 Gb, 4.05 W
13:26:46, 7.31%, 11%, 5.98 Gb, 3.69 Gb, 4.05 W
13:26:46, 7.50%, 11%, 5.99 Gb, 3.69 Gb, 4.05 W
13:26:46, 7.37%, 11%, 5.99 Gb, 3.69 Gb, 4.05 W
13:26:46, 6.98%, 0%, 6.00 Gb, 3.69 Gb, 4.06 W
13:26:46, 6.80%, 0%, 6.00 Gb, 3.69 Gb, 4.06 W
13:26:46, 6.68%, 0%, 6.00 Gb, 3.69 Gb, 4.04 W
13:26:46, 6.80%, 0%, 6.01 Gb, 3.69 Gb, 4.04 W
13:26:46, 6.73%, 0%, 5.99 Gb, 3.69 Gb, 3.96 W
13:26:46, 6.86%, 0%, 6.00 Gb, 3.69 Gb, 3.96 W
13:26:46, 6.56%, 0%, 5.98 Gb, 3.69 Gb, 4.00 W
13:26:46, 6.75%, 0%, 5.96 Gb, 3.69 Gb, 4.00 W
13:26:46, 6.75%, 2%, 5.96 Gb, 3.69 Gb, 4.03 W
13:26:46, 6.86%, 2%, 5.96 Gb, 3.69 Gb, 4.03 W
13:26:46, 7.01%, 2%, 5.96 Gb, 3.69 Gb, 4.03 W
13:26:46, 7.13%, 2%, 5.97 Gb, 3.69 Gb, 4.01 W
13:26:47, 7.13%, 1%, 5.99 Gb, 3.69 Gb, 4.01 W
13:26:47, 7.19%, 1%, 5.99 Gb, 3.69 Gb, 3.97 W
13:26:47, 7.13%, 1%, 5.98 Gb, 3.69 Gb, 3.97 W
13:26:47, 7.30%, 1%, 5.99 Gb, 3.69 Gb, 3.92 W
13:26:47, 7.30%, 0%, 6.00 Gb, 3.69 Gb, 3.92 W
13:26:47, 7.12%, 0%, 6.00 Gb, 3.69 Gb, 3.88 W
13:26:47, 7.19%, 0%, 6.03 Gb, 3.69 Gb, 3.88 W
13:26:47, 7.26%, 0%, 6.03 Gb, 3.69 Gb, 3.88 W
13:26:47, 7.58%, 0%, 6.03 Gb, 3.69 Gb, 3.88 W
13:26:47, 7.70%, 0%, 6.02 Gb, 3.69 Gb, 3.89 W
13:26:47, 7.61%, 0%, 6.03 Gb, 3.69 Gb, 3.89 W
13:26:47, 7.59%, 0%, 5.99 Gb, 3.69 Gb, 3.88 W
13:26:47, 7.87%, 0%, 5.91 Gb, 3.69 Gb, 3.88 W
13:26:47, 7.94%, 0%, 5.91 Gb, 3.70 Gb, 4.06 W
13:26:47, 8.08%, 0%, 5.91 Gb, 3.70 Gb, 4.06 W
13:26:47, 8.02%, 0%, 5.90 Gb, 3.70 Gb, 4.21 W
13:26:47, 8.13%, 45%, 5.89 Gb, 3.70 Gb, 4.21 W
13:26:47, 8.20%, 45%, 5.90 Gb, 3.70 Gb, 4.36 W
13:26:47, 7.79%, 45%, 5.90 Gb, 3.70 Gb, 4.36 W
13:26:47, 7.75%, 45%, 5.92 Gb, 3.70 Gb, 4.52 W
13:26:48, 7.62%, 27%, 5.93 Gb, 3.70 Gb, 4.52 W
13:26:48, 7.82%, 27%, 5.94 Gb, 3.70 Gb, 4.70 W
13:26:48, 7.64%, 27%, 5.93 Gb, 3.71 Gb, 4.70 W
13:26:48, 8.08%, 27%, 5.92 Gb, 3.70 Gb, 4.89 W
13:26:48, 8.09%, 47%, 5.92 Gb, 3.70 Gb, 4.89 W
13:26:48, 7.98%, 47%, 5.93 Gb, 3.69 Gb, 5.08 W
13:26:48, 8.21%, 47%, 5.93 Gb, 3.69 Gb, 5.08 W
13:26:48, 7.84%, 47%, 5.94 Gb, 3.69 Gb, 5.14 W
13:26:48, 7.70%, 21%, 5.94 Gb, 3.69 Gb, 5.14 W
13:26:48, 7.53%, 21%, 5.95 Gb, 3.69 Gb, 5.14 W
13:26:48, 7.64%, 21%, 5.95 Gb, 3.69 Gb, 5.14 W
13:26:48, 7.70%, 0%, 5.96 Gb, 3.69 Gb, 5.14 W
13:26:48, 7.22%, 0%, 5.94 Gb, 3.69 Gb, 5.14 W
13:26:48, 7.26%, 0%, 5.92 Gb, 3.69 Gb, 5.15 W
13:26:48, 7.26%, 0%, 5.90 Gb, 3.69 Gb, 5.15 W
13:26:48, 7.31%, 0%, 5.90 Gb, 3.69 Gb, 4.96 W
13:26:48, 7.31%, 0%, 5.90 Gb, 3.69 Gb, 4.96 W
13:26:48, 7.25%, 0%, 5.90 Gb, 3.69 Gb, 4.78 W
13:26:48, 7.15%, 0%, 5.90 Gb, 3.69 Gb, 4.78 W
13:26:48, 7.18%, 0%, 5.89 Gb, 3.69 Gb, 4.61 W
13:26:49, 7.43%, 0%, 5.89 Gb, 3.69 Gb, 4.61 W
13:26:49, 7.06%, 0%, 5.89 Gb, 3.69 Gb, 4.44 W
13:26:49, 7.07%, 0%, 5.92 Gb, 3.69 Gb, 4.44 W
13:26:49, 7.14%, 4%, 5.93 Gb, 3.69 Gb, 4.13 W
13:26:49, 7.20%, 4%, 5.94 Gb, 3.69 Gb, 4.10 W
13:26:49, 7.13%, 4%, 5.94 Gb, 3.69 Gb, 4.10 W
13:26:49, 7.30%, 4%, 5.94 Gb, 3.69 Gb, 3.92 W
13:26:49, 7.23%, 0%, 5.88 Gb, 3.69 Gb, 3.92 W
13:26:49, 7.51%, 0%, 5.86 Gb, 3.70 Gb, 3.97 W
13:26:49, 8.01%, 0%, 5.85 Gb, 3.70 Gb, 3.97 W
13:26:49, 8.20%, 0%, 5.88 Gb, 3.69 Gb, 4.22 W
13:26:49, 8.81%, 66%, 5.86 Gb, 3.69 Gb, 4.22 W
13:26:49, 8.94%, 66%, 5.87 Gb, 3.69 Gb, 4.49 W
13:26:49, 9.19%, 66%, 5.89 Gb, 3.69 Gb, 4.49 W
13:26:49, 9.17%, 66%, 5.91 Gb, 3.69 Gb, 4.75 W
13:26:49, 9.18%, 48%, 5.93 Gb, 3.69 Gb, 4.75 W
13:26:49, 9.34%, 48%, 5.93 Gb, 3.69 Gb, 4.84 W
13:26:49, 9.47%, 48%, 5.95 Gb, 3.69 Gb, 4.84 W
13:26:49, 9.53%, 48%, 5.95 Gb, 3.69 Gb, 4.87 W
13:26:50, 9.41%, 3%, 5.94 Gb, 3.69 Gb, 4.87 W
13:26:50, 9.46%, 3%, 5.93 Gb, 3.69 Gb, 4.91 W
13:26:50, 9.39%, 3%, 5.94 Gb, 3.69 Gb, 4.91 W
13:26:50, 9.14%, 3%, 5.93 Gb, 3.69 Gb, 4.95 W
13:26:50, 9.13%, 1%, 5.93 Gb, 3.69 Gb, 4.95 W
13:26:50, 9.13%, 1%, 5.94 Gb, 3.69 Gb, 4.99 W
13:26:50, 9.07%, 1%, 5.93 Gb, 3.69 Gb, 4.99 W
13:26:50, 9.15%, 1%, 5.94 Gb, 3.69 Gb, 5.09 W
13:26:50, 9.26%, 3%, 5.96 Gb, 3.69 Gb, 5.09 W
13:26:50, 8.62%, 3%, 5.94 Gb, 3.69 Gb, 5.18 W
13:26:50, 8.42%, 3%, 5.94 Gb, 3.69 Gb, 5.18 W
13:26:50, 8.11%, 3%, 5.89 Gb, 3.69 Gb, 5.17 W
13:26:50, 7.80%, 6%, 5.88 Gb, 3.69 Gb, 5.17 W
13:26:50, 7.52%, 6%, 5.88 Gb, 3.69 Gb, 4.81 W
13:26:50, 7.47%, 6%, 5.87 Gb, 3.69 Gb, 4.81 W
13:26:50, 7.26%, 6%, 5.89 Gb, 3.69 Gb, 4.93 W
13:26:50, 7.31%, 14%, 5.88 Gb, 3.69 Gb, 4.93 W
13:26:50, 7.42%, 14%, 5.90 Gb, 3.69 Gb, 4.93 W
13:26:50, 7.43%, 14%, 5.89 Gb, 3.69 Gb, 4.93 W
13:26:50, 7.37%, 37%, 5.88 Gb, 3.69 Gb, 5.11 W
13:26:51, 7.44%, 37%, 5.87 Gb, 3.69 Gb, 5.11 W
13:26:51, 7.55%, 37%, 5.87 Gb, 3.69 Gb, 5.34 W
13:26:51, 7.73%, 37%, 5.87 Gb, 3.69 Gb, 5.34 W
13:26:51, 7.68%, 37%, 5.85 Gb, 3.69 Gb, 5.57 W
13:26:51, 7.75%, 37%, 5.85 Gb, 3.69 Gb, 5.57 W
13:26:51, 7.63%, 37%, 5.86 Gb, 3.69 Gb, 5.69 W
13:26:51, 7.76%, 37%, 5.84 Gb, 3.69 Gb, 5.69 W
13:26:51, 7.75%, 11%, 5.85 Gb, 3.69 Gb, 5.70 W
13:26:51, 7.57%, 11%, 5.84 Gb, 3.69 Gb, 5.64 W
13:26:51, 7.57%, 11%, 5.82 Gb, 3.69 Gb, 5.64 W
13:26:51, 7.50%, 11%, 5.82 Gb, 3.69 Gb, 5.66 W
13:26:51, 7.49%, 1%, 5.82 Gb, 3.69 Gb, 5.66 W
13:26:51, 7.63%, 1%, 5.82 Gb, 3.69 Gb, 5.65 W
13:26:51, 7.69%, 1%, 5.82 Gb, 3.69 Gb, 5.65 W
13:26:51, 7.39%, 1%, 5.84 Gb, 3.69 Gb, 5.76 W
13:26:51, 7.62%, 15%, 5.84 Gb, 3.69 Gb, 5.76 W
13:26:51, 7.44%, 15%, 5.83 Gb, 3.69 Gb, 5.60 W
13:26:51, 7.15%, 15%, 5.84 Gb, 3.69 Gb, 5.60 W
13:26:51, 7.20%, 15%, 5.83 Gb, 3.69 Gb, 5.36 W
13:26:52, 7.31%, 0%, 5.82 Gb, 3.69 Gb, 5.36 W
13:26:52, 7.14%, 0%, 5.83 Gb, 3.69 Gb, 5.11 W
13:26:52, 7.01%, 0%, 5.84 Gb, 3.69 Gb, 5.11 W
13:26:52, 6.71%, 0%, 5.84 Gb, 3.69 Gb, 4.68 W
13:26:52, 6.93%, 3%, 5.85 Gb, 3.69 Gb, 4.68 W
13:26:52, 6.82%, 3%, 5.85 Gb, 3.69 Gb, 4.64 W
13:26:52, 6.94%, 3%, 5.84 Gb, 3.69 Gb, 4.64 W
13:26:52, 6.70%, 3%, 5.84 Gb, 3.69 Gb, 4.49 W
13:26:52, 6.93%, 6%, 5.83 Gb, 3.69 Gb, 4.49 W
13:26:52, 6.94%, 6%, 5.84 Gb, 3.69 Gb, 4.47 W
13:26:52, 6.89%, 6%, 5.83 Gb, 3.69 Gb, 4.47 W
13:26:52, 7.18%, 6%, 5.82 Gb, 3.69 Gb, 4.46 W
13:26:52, 7.18%, 8%, 5.82 Gb, 3.69 Gb, 4.46 W
13:26:52, 7.00%, 8%, 5.80 Gb, 3.69 Gb, 4.49 W
13:26:52, 7.18%, 8%, 5.81 Gb, 3.69 Gb, 4.49 W
13:26:52, 7.12%, 8%, 5.83 Gb, 3.69 Gb, 4.26 W
13:26:52, 6.99%, 18%, 5.82 Gb, 3.69 Gb, 4.26 W
13:26:52, 7.34%, 18%, 5.83 Gb, 3.69 Gb, 4.28 W
13:26:52, 7.53%, 18%, 5.82 Gb, 3.69 Gb, 4.28 W
13:26:52, 7.37%, 18%, 5.82 Gb, 3.69 Gb, 4.30 W
13:26:53, 7.25%, 14%, 5.82 Gb, 3.69 Gb, 4.30 W
13:26:53, 7.37%, 14%, 5.80 Gb, 3.69 Gb, 4.32 W
13:26:53, 7.49%, 14%, 5.80 Gb, 3.69 Gb, 4.32 W
13:26:53, 7.51%, 11%, 5.79 Gb, 3.69 Gb, 4.36 W
13:26:53, 7.54%, 11%, 5.79 Gb, 3.69 Gb, 4.36 W
13:26:53, 7.49%, 11%, 5.80 Gb, 3.69 Gb, 4.39 W
13:26:53, 7.86%, 11%, 5.79 Gb, 3.69 Gb, 4.39 W
13:26:53, 7.61%, 10%, 5.79 Gb, 3.69 Gb, 4.41 W
13:26:53, 7.73%, 10%, 5.79 Gb, 3.71 Gb, 4.41 W
13:26:53, 8.35%, 10%, 5.81 Gb, 3.70 Gb, 4.55 W
13:26:53, 8.54%, 10%, 5.82 Gb, 3.70 Gb, 4.55 W
13:26:53, 8.73%, 76%, 5.82 Gb, 3.70 Gb, 4.74 W
13:26:53, 8.90%, 76%, 5.82 Gb, 3.70 Gb, 4.74 W
13:26:53, 8.98%, 76%, 5.83 Gb, 3.69 Gb, 5.32 W
13:26:53, 8.99%, 76%, 5.81 Gb, 3.69 Gb, 5.90 W
13:26:53, 8.76%, 9%, 5.80 Gb, 3.69 Gb, 5.90 W
13:26:53, 8.99%, 9%, 5.80 Gb, 3.69 Gb, 6.50 W
13:26:53, 8.88%, 9%, 5.80 Gb, 3.69 Gb, 6.50 W
13:26:53, 9.04%, 9%, 5.82 Gb, 3.69 Gb, 7.08 W
13:26:54, 8.87%, 2%, 5.82 Gb, 3.69 Gb, 7.08 W
13:26:54, 8.70%, 2%, 5.83 Gb, 3.69 Gb, 7.67 W
13:26:54, 8.70%, 2%, 5.83 Gb, 3.69 Gb, 7.67 W
13:26:54, 8.56%, 2%, 5.84 Gb, 3.69 Gb, 8.24 W
13:26:54, 8.68%, 1%, 5.84 Gb, 3.69 Gb, 8.24 W
13:26:54, 8.58%, 1%, 5.83 Gb, 3.69 Gb, 8.84 W
13:26:54, 8.44%, 1%, 5.83 Gb, 3.69 Gb, 8.84 W
13:26:54, 8.50%, 1%, 5.83 Gb, 3.69 Gb, 9.41 W
13:26:54, 8.51%, 0%, 5.83 Gb, 3.69 Gb, 9.41 W
13:26:54, 7.84%, 0%, 5.82 Gb, 3.69 Gb, 10.01 W
13:26:54, 7.63%, 0%, 5.82 Gb, 3.69 Gb, 10.01 W
13:26:54, 7.14%, 0%, 5.80 Gb, 3.69 Gb, 10.46 W
13:26:54, 7.00%, 0%, 5.79 Gb, 3.69 Gb, 10.46 W
13:26:54, 6.70%, 0%, 5.79 Gb, 3.69 Gb, 10.87 W
13:26:54, 6.72%, 0%, 5.79 Gb, 3.69 Gb, 10.87 W
13:26:54, 7.05%, 0%, 5.78 Gb, 3.71 Gb, 10.89 W
13:26:54, 7.69%, 2%, 5.79 Gb, 3.70 Gb, 10.89 W
13:26:54, 7.71%, 2%, 5.79 Gb, 3.70 Gb, 10.99 W
13:26:54, 8.37%, 2%, 5.79 Gb, 3.70 Gb, 10.99 W
13:26:54, 8.70%, 2%, 5.80 Gb, 3.70 Gb, 11.11 W
13:26:55, 9.20%, 20%, 5.78 Gb, 3.70 Gb, 11.11 W
13:26:55, 9.39%, 20%, 5.77 Gb, 3.70 Gb, 11.22 W
13:26:55, 9.58%, 20%, 5.75 Gb, 3.70 Gb, 11.22 W
13:26:55, 9.64%, 20%, 5.76 Gb, 3.70 Gb, 11.27 W
13:26:55, 9.85%, 13%, 5.78 Gb, 3.70 Gb, 11.27 W
13:26:55, 10.28%, 13%, 5.76 Gb, 3.70 Gb, 11.29 W
13:26:55, 10.35%, 13%, 5.79 Gb, 3.71 Gb, 11.29 W
13:26:55, 10.73%, 13%, 5.77 Gb, 3.71 Gb, 11.33 W
13:26:55, 11.06%, 5%, 5.78 Gb, 3.71 Gb, 11.33 W
13:26:55, 11.62%, 5%, 5.78 Gb, 3.71 Gb, 11.19 W
13:26:55, 12.10%, 5%, 5.77 Gb, 3.71 Gb, 11.19 W
13:26:55, 12.37%, 25%, 5.74 Gb, 3.70 Gb, 11.01 W
13:26:55, 12.49%, 25%, 5.76 Gb, 3.70 Gb, 11.01 W
