nohup: ignoring input
Installing sysstat if not already installed...

WARNING: apt does not have a stable CLI interface. Use with caution in scripts.

Reading package lists...
Building dependency tree...
Reading state information...
sysstat is already the newest version (12.5.2-2ubuntu0.2).
0 upgraded, 0 newly installed, 0 to remove and 0 not upgraded.
drop_table on heavydb
User admin connected to database heavyai
Table/View heavyai_us_states for catalog heavyai does not exist.
Table/View heavyai_us_counties for catalog heavyai does not exist.
Table/View heavyai_countries for catalog heavyai does not exist.
Table/View call_center for catalog heavyai does not exist.
Table/View catalog_page for catalog heavyai does not exist.
Table/View catalog_returns for catalog heavyai does not exist.
Table/View catalog_sales for catalog heavyai does not exist.
Table/View customer_address for catalog heavyai does not exist.
Table/View customer_demographics for catalog heavyai does not exist.
Table/View date_dim for catalog heavyai does not exist.
Table/View household_demographics for catalog heavyai does not exist.
Table/View income_band for catalog heavyai does not exist.
Table/View inventory for catalog heavyai does not exist.
Table/View item for catalog heavyai does not exist.
Table/View promotion for catalog heavyai does not exist.
Table/View reason for catalog heavyai does not exist.
Table/View ship_mode for catalog heavyai does not exist.
Table/View store for catalog heavyai does not exist.
Table/View store_returns for catalog heavyai does not exist.
Table/View store_sales for catalog heavyai does not exist.
Table/View time_dim for catalog heavyai does not exist.
Table/View warehouse for catalog heavyai does not exist.
Table/View web_page for catalog heavyai does not exist.
Table/View web_returns for catalog heavyai does not exist.
Table/View web_sales for catalog heavyai does not exist.
Table/View web_site for catalog heavyai does not exist.
Table/View flights_2008_10k for catalog heavyai does not exist.
User admin disconnected from database heavyai
Generating data with DuckDB...
Loading data to HeavyDB...
User admin connected to database heavyai
User admin disconnected from database heavyai
Create tables successful...........
User admin connected to database heavyai
Result
Loaded: 4500000 recs, Rejected: 0 recs in 9.529000 secs
1 rows returned.
Execution time: 9674 ms, Total time: 9691 ms
Result
Loaded: 179998372 recs, Rejected: 0 recs in 148.929000 secs
1 rows returned.
Execution time: 148989 ms, Total time: 148991 ms
Result
Loaded: 25 recs, Rejected: 0 recs in 0.214000 secs
1 rows returned.
Execution time: 232 ms, Total time: 235 ms
Result
Loaded: 45000000 recs, Rejected: 0 recs in 47.856000 secs
1 rows returned.
Execution time: 47932 ms, Total time: 47934 ms
Result
Loaded: 6000000 recs, Rejected: 0 recs in 6.860000 secs
1 rows returned.
Execution time: 6940 ms, Total time: 6942 ms
Result
Loaded: 24000000 recs, Rejected: 0 recs in 47.731000 secs
1 rows returned.
Execution time: 47761 ms, Total time: 47763 ms
Result
Loaded: 5 recs, Rejected: 0 recs in 0.214000 secs
1 rows returned.
Execution time: 231 ms, Total time: 233 ms
Result
Loaded: 300000 recs, Rejected: 0 recs in 0.651000 secs
1 rows returned.
Execution time: 706 ms, Total time: 708 ms
User admin disconnected from database heavyai
Load data successful..........
========== Run 1 ==========
Logging to: /home/ubuntu/accelerate-database_queries_using_gpu/src/benchmark_result/g5_xlarge/heavydb/tpc-h/30gb/run1
Starting resource usage logging...
Running queries...
Running query 1...
Running query 2...
Running query 3...
Running query 4...
Running query 5...
Running query 6...
Running query 7...
Running query 8...
Running query 9...
Running query 10...
Sorting the result would be too slow
Running query 11...
SQL Error: Encountered "value" at line 1, column 56.
Was expecting one of:
    <QUOTED_STRING> ...
    <BRACKET_QUOTED_IDENTIFIER> ...
    <QUOTED_IDENTIFIER> ...
    <BACK_QUOTED_IDENTIFIER> ...
    <IDENTIFIER> ...
    <UNICODE_QUOTED_IDENTIFIER> ...
    
Running query 12...
Running query 13...
Running query 14...
ERR_OVERFLOW_OR_UNDERFLOW: Overflow or underflow
SQL Error: Column list aliases in views are not yet supported.
Running query 15...
SQL Error: From line 3, column 1 to line 3, column 10: Object 'revenue0' not found
Table/View revenue0 for catalog heavyai does not exist.
Running query 16...
Running query 17...
Running query 18...
Running query 19...
Running query 20...
Running query 21...
Hash join failed, reason(s): No equijoin expression found | Cannot fall back to loop join for intermediate join quals
Running query 22...
Sorting the result would be too slow
All queries executed. Time log saved in /home/ubuntu/accelerate-database_queries_using_gpu/src/benchmark_result/g5_xlarge/heavydb/tpc-h/30gb/run1/query30_execution_times.csv
========== Run 2 ==========
Logging to: /home/ubuntu/accelerate-database_queries_using_gpu/src/benchmark_result/g5_xlarge/heavydb/tpc-h/30gb/run2
Starting resource usage logging...
Running queries...
Running query 1...
Running query 2...
Running query 3...
Running query 4...
Running query 5...
Running query 6...
Running query 7...
Running query 8...
Running query 9...
Running query 10...
Sorting the result would be too slow
Running query 11...
SQL Error: Encountered "value" at line 1, column 56.
Was expecting one of:
    <QUOTED_STRING> ...
    <BRACKET_QUOTED_IDENTIFIER> ...
    <QUOTED_IDENTIFIER> ...
    <BACK_QUOTED_IDENTIFIER> ...
    <IDENTIFIER> ...
    <UNICODE_QUOTED_IDENTIFIER> ...
    
Running query 12...
Running query 13...
Running query 14...
ERR_OVERFLOW_OR_UNDERFLOW: Overflow or underflow
SQL Error: Column list aliases in views are not yet supported.
Running query 15...
SQL Error: From line 3, column 1 to line 3, column 10: Object 'revenue0' not found
Table/View revenue0 for catalog heavyai does not exist.
Running query 16...
Running query 17...
Running query 18...
Running query 19...
Running query 20...
Running query 21...
Hash join failed, reason(s): No equijoin expression found | Cannot fall back to loop join for intermediate join quals
Running query 22...
Sorting the result would be too slow
All queries executed. Time log saved in /home/ubuntu/accelerate-database_queries_using_gpu/src/benchmark_result/g5_xlarge/heavydb/tpc-h/30gb/run2/query30_execution_times.csv
========== Run 3 ==========
Logging to: /home/ubuntu/accelerate-database_queries_using_gpu/src/benchmark_result/g5_xlarge/heavydb/tpc-h/30gb/run3
Starting resource usage logging...
Running queries...
Running query 1...
Running query 2...
Running query 3...
Running query 4...
Running query 5...
Running query 6...
Running query 7...
Running query 8...
Running query 9...
Running query 10...
Sorting the result would be too slow
Running query 11...
SQL Error: Encountered "value" at line 1, column 56.
Was expecting one of:
    <QUOTED_STRING> ...
    <BRACKET_QUOTED_IDENTIFIER> ...
    <QUOTED_IDENTIFIER> ...
    <BACK_QUOTED_IDENTIFIER> ...
    <IDENTIFIER> ...
    <UNICODE_QUOTED_IDENTIFIER> ...
    
Running query 12...
Running query 13...
Running query 14...
ERR_OVERFLOW_OR_UNDERFLOW: Overflow or underflow
SQL Error: Column list aliases in views are not yet supported.
Running query 15...
SQL Error: From line 3, column 1 to line 3, column 10: Object 'revenue0' not found
Table/View revenue0 for catalog heavyai does not exist.
Running query 16...
Running query 17...
Running query 18...
Running query 19...
Running query 20...
Running query 21...
Hash join failed, reason(s): No equijoin expression found | Cannot fall back to loop join for intermediate join quals
Running query 22...
Sorting the result would be too slow
All queries executed. Time log saved in /home/ubuntu/accelerate-database_queries_using_gpu/src/benchmark_result/g5_xlarge/heavydb/tpc-h/30gb/run3/query30_execution_times.csv
✅ All 3 runs completed successfully.
✅ Process completed successfully!
